2022-03-31 12:00:40,309 INFO  org.apache.flink.runtime.taskexecutor.TaskManagerRunner      [] - --------------------------------------------------------------------------------
2022-03-31 12:00:40,311 INFO  org.apache.flink.runtime.taskexecutor.TaskManagerRunner      [] -  Preconfiguration: 
2022-03-31 12:00:40,311 INFO  org.apache.flink.runtime.taskexecutor.TaskManagerRunner      [] - 


RESOURCE_PARAMS extraction logs:
jvm_params: -Xmx536870902 -Xms536870902 -XX:MaxDirectMemorySize=268435458 -XX:MaxMetaspaceSize=268435456
dynamic_configs: -D taskmanager.memory.network.min=134217730b -D taskmanager.cpu.cores=1.0 -D taskmanager.memory.task.off-heap.size=0b -D taskmanager.memory.jvm-metaspace.size=268435456b -D external-resources=none -D taskmanager.memory.jvm-overhead.min=201326592b -D taskmanager.memory.framework.off-heap.size=134217728b -D taskmanager.memory.network.max=134217730b -D taskmanager.memory.framework.heap.size=134217728b -D taskmanager.memory.managed.size=536870920b -D taskmanager.memory.task.heap.size=402653174b -D taskmanager.numberOfTaskSlots=1 -D taskmanager.memory.jvm-overhead.max=201326592b
logs: INFO  [] - Loading configuration property: jobmanager.rpc.address, localhost
INFO  [] - Loading configuration property: jobmanager.rpc.port, 6123
INFO  [] - Loading configuration property: jobmanager.memory.process.size, 1600m
INFO  [] - Loading configuration property: taskmanager.memory.process.size, 1728m
INFO  [] - Loading configuration property: taskmanager.numberOfTaskSlots, 1
INFO  [] - Loading configuration property: parallelism.default, 1
INFO  [] - Loading configuration property: jobmanager.execution.failover-strategy, region
INFO  [] - The derived from fraction jvm overhead memory (172.800mb (181193935 bytes)) is less than its min value 192.000mb (201326592 bytes), min value will be used instead
INFO  [] - Final TaskExecutor Memory configuration:
INFO  [] -   Total Process Memory:          1.688gb (1811939328 bytes)
INFO  [] -     Total Flink Memory:          1.250gb (1342177280 bytes)
INFO  [] -       Total JVM Heap Memory:     512.000mb (536870902 bytes)
INFO  [] -         Framework:               128.000mb (134217728 bytes)
INFO  [] -         Task:                    384.000mb (402653174 bytes)
INFO  [] -       Total Off-heap Memory:     768.000mb (805306378 bytes)
INFO  [] -         Managed:                 512.000mb (536870920 bytes)
INFO  [] -         Total JVM Direct Memory: 256.000mb (268435458 bytes)
INFO  [] -           Framework:             128.000mb (134217728 bytes)
INFO  [] -           Task:                  0 bytes
INFO  [] -           Network:               128.000mb (134217730 bytes)
INFO  [] -     JVM Metaspace:               256.000mb (268435456 bytes)
INFO  [] -     JVM Overhead:                192.000mb (201326592 bytes)

2022-03-31 12:00:40,312 INFO  org.apache.flink.runtime.taskexecutor.TaskManagerRunner      [] - --------------------------------------------------------------------------------
2022-03-31 12:00:40,312 INFO  org.apache.flink.runtime.taskexecutor.TaskManagerRunner      [] -  Starting TaskManager (Version: 1.14.4, Scala: 2.12, Rev:895c609, Date:2022-02-25T11:57:14+01:00)
2022-03-31 12:00:40,312 INFO  org.apache.flink.runtime.taskexecutor.TaskManagerRunner      [] -  OS current user: alexander.koenemann
2022-03-31 12:00:40,312 INFO  org.apache.flink.runtime.taskexecutor.TaskManagerRunner      [] -  Current Hadoop/Kerberos user: <no hadoop dependency found>
2022-03-31 12:00:40,312 INFO  org.apache.flink.runtime.taskexecutor.TaskManagerRunner      [] -  JVM: Eclipse OpenJ9 VM - Eclipse OpenJ9 - 1.8/openj9-0.26.0
2022-03-31 12:00:40,312 INFO  org.apache.flink.runtime.taskexecutor.TaskManagerRunner      [] -  Maximum heap size: 511 MiBytes
2022-03-31 12:00:40,312 INFO  org.apache.flink.runtime.taskexecutor.TaskManagerRunner      [] -  JAVA_HOME: /Users/alexander.koenemann/Library/Java/JavaVirtualMachines/adopt-openj9-1.8.0_292/Contents/Home
2022-03-31 12:00:40,313 INFO  org.apache.flink.runtime.taskexecutor.TaskManagerRunner      [] -  No Hadoop Dependency available
2022-03-31 12:00:40,313 INFO  org.apache.flink.runtime.taskexecutor.TaskManagerRunner      [] -  JVM Options:
2022-03-31 12:00:40,313 INFO  org.apache.flink.runtime.taskexecutor.TaskManagerRunner      [] -     -Xoptionsfile=/Users/alexander.koenemann/Library/Java/JavaVirtualMachines/adopt-openj9-1.8.0_292/Contents/Home/jre/lib/default/options.default
2022-03-31 12:00:40,313 INFO  org.apache.flink.runtime.taskexecutor.TaskManagerRunner      [] -     -Xlockword:mode=default,noLockword=java/lang/String,noLockword=java/util/MapEntry,noLockword=java/util/HashMap$Entry,noLockword=org/apache/harmony/luni/util/ModifiedMap$Entry,noLockword=java/util/Hashtable$Entry,noLockword=java/lang/invoke/MethodType,noLockword=java/lang/invoke/MethodHandle,noLockword=java/lang/invoke/CollectHandle,noLockword=java/lang/invoke/ConstructorHandle,noLockword=java/lang/invoke/ConvertHandle,noLockword=java/lang/invoke/ArgumentConversionHandle,noLockword=java/lang/invoke/AsTypeHandle,noLockword=java/lang/invoke/ExplicitCastHandle,noLockword=java/lang/invoke/FilterReturnHandle,noLockword=java/lang/invoke/DirectHandle,noLockword=java/lang/invoke/ReceiverBoundHandle,noLockword=java/lang/invoke/DynamicInvokerHandle,noLockword=java/lang/invoke/FieldHandle,noLockword=java/lang/invoke/FieldGetterHandle,noLockword=java/lang/invoke/FieldSetterHandle,noLockword=java/lang/invoke/StaticFieldGetterHandle,noLockword=java/lang/invoke/StaticFieldSetterHandle,noLockword=java/lang/invoke/IndirectHandle,noLockword=java/lang/invoke/InterfaceHandle,noLockword=java/lang/invoke/VirtualHandle,noLockword=java/lang/invoke/PrimitiveHandle,noLockword=java/lang/invoke/InvokeExactHandle,noLockword=java/lang/invoke/InvokeGenericHandle,noLockword=java/lang/invoke/VarargsCollectorHandle,noLockword=java/lang/invoke/ThunkTuple
2022-03-31 12:00:40,313 INFO  org.apache.flink.runtime.taskexecutor.TaskManagerRunner      [] -     -Xjcl:jclse29
2022-03-31 12:00:40,313 INFO  org.apache.flink.runtime.taskexecutor.TaskManagerRunner      [] -     -Dcom.ibm.oti.vm.bootstrap.library.path=/Users/alexander.koenemann/Library/Java/JavaVirtualMachines/adopt-openj9-1.8.0_292/Contents/Home/jre/lib/default:/Users/alexander.koenemann/Library/Java/JavaVirtualMachines/adopt-openj9-1.8.0_292/Contents/Home/jre/lib
2022-03-31 12:00:40,313 INFO  org.apache.flink.runtime.taskexecutor.TaskManagerRunner      [] -     -Dsun.boot.library.path=/Users/alexander.koenemann/Library/Java/JavaVirtualMachines/adopt-openj9-1.8.0_292/Contents/Home/jre/lib/default:/Users/alexander.koenemann/Library/Java/JavaVirtualMachines/adopt-openj9-1.8.0_292/Contents/Home/jre/lib
2022-03-31 12:00:40,313 INFO  org.apache.flink.runtime.taskexecutor.TaskManagerRunner      [] -     -Djava.library.path=/Users/alexander.koenemann/Library/Java/JavaVirtualMachines/adopt-openj9-1.8.0_292/Contents/Home/jre/lib/default:/Users/alexander.koenemann/Library/Java/JavaVirtualMachines/adopt-openj9-1.8.0_292/Contents/Home/jre/lib:/usr/lib
2022-03-31 12:00:40,313 INFO  org.apache.flink.runtime.taskexecutor.TaskManagerRunner      [] -     -Djava.home=/Users/alexander.koenemann/Library/Java/JavaVirtualMachines/adopt-openj9-1.8.0_292/Contents/Home/jre
2022-03-31 12:00:40,313 INFO  org.apache.flink.runtime.taskexecutor.TaskManagerRunner      [] -     -Djava.ext.dirs=/Users/alexander.koenemann/Library/Java/JavaVirtualMachines/adopt-openj9-1.8.0_292/Contents/Home/jre/lib/ext
2022-03-31 12:00:40,314 INFO  org.apache.flink.runtime.taskexecutor.TaskManagerRunner      [] -     -Duser.dir=/Users/alexander.koenemann/IdeaProjects/ba-spark-koenemann/Environments/FlinkEnv/flink-1.14.4
2022-03-31 12:00:40,314 INFO  org.apache.flink.runtime.taskexecutor.TaskManagerRunner      [] -     -Djava.class.path=.
2022-03-31 12:00:40,314 INFO  org.apache.flink.runtime.taskexecutor.TaskManagerRunner      [] -     -XX:+UseG1GC
2022-03-31 12:00:40,314 INFO  org.apache.flink.runtime.taskexecutor.TaskManagerRunner      [] -     -Xmx536870902
2022-03-31 12:00:40,314 INFO  org.apache.flink.runtime.taskexecutor.TaskManagerRunner      [] -     -Xms536870902
2022-03-31 12:00:40,314 INFO  org.apache.flink.runtime.taskexecutor.TaskManagerRunner      [] -     -XX:MaxDirectMemorySize=268435458
2022-03-31 12:00:40,314 INFO  org.apache.flink.runtime.taskexecutor.TaskManagerRunner      [] -     -XX:MaxMetaspaceSize=268435456
2022-03-31 12:00:40,314 INFO  org.apache.flink.runtime.taskexecutor.TaskManagerRunner      [] -     -Dlog.file=/Users/alexander.koenemann/IdeaProjects/ba-spark-koenemann/Environments/FlinkEnv/flink-1.14.4/log/flink-alexander.koenemann-taskexecutor-0-nb-akoenemann.fritz.box.log
2022-03-31 12:00:40,314 INFO  org.apache.flink.runtime.taskexecutor.TaskManagerRunner      [] -     -Dlog4j.configuration=file:/Users/alexander.koenemann/IdeaProjects/ba-spark-koenemann/Environments/FlinkEnv/flink-1.14.4/conf/log4j.properties
2022-03-31 12:00:40,314 INFO  org.apache.flink.runtime.taskexecutor.TaskManagerRunner      [] -     -Dlog4j.configurationFile=file:/Users/alexander.koenemann/IdeaProjects/ba-spark-koenemann/Environments/FlinkEnv/flink-1.14.4/conf/log4j.properties
2022-03-31 12:00:40,315 INFO  org.apache.flink.runtime.taskexecutor.TaskManagerRunner      [] -     -Dlogback.configurationFile=file:/Users/alexander.koenemann/IdeaProjects/ba-spark-koenemann/Environments/FlinkEnv/flink-1.14.4/conf/logback.xml
2022-03-31 12:00:40,315 INFO  org.apache.flink.runtime.taskexecutor.TaskManagerRunner      [] -     -Djava.class.path=/Users/alexander.koenemann/IdeaProjects/ba-spark-koenemann/Environments/FlinkEnv/flink-1.14.4/lib/flink-csv-1.14.4.jar:/Users/alexander.koenemann/IdeaProjects/ba-spark-koenemann/Environments/FlinkEnv/flink-1.14.4/lib/flink-json-1.14.4.jar:/Users/alexander.koenemann/IdeaProjects/ba-spark-koenemann/Environments/FlinkEnv/flink-1.14.4/lib/flink-shaded-zookeeper-3.4.14.jar:/Users/alexander.koenemann/IdeaProjects/ba-spark-koenemann/Environments/FlinkEnv/flink-1.14.4/lib/flink-table_2.12-1.14.4.jar:/Users/alexander.koenemann/IdeaProjects/ba-spark-koenemann/Environments/FlinkEnv/flink-1.14.4/lib/log4j-1.2-api-2.17.1.jar:/Users/alexander.koenemann/IdeaProjects/ba-spark-koenemann/Environments/FlinkEnv/flink-1.14.4/lib/log4j-api-2.17.1.jar:/Users/alexander.koenemann/IdeaProjects/ba-spark-koenemann/Environments/FlinkEnv/flink-1.14.4/lib/log4j-core-2.17.1.jar:/Users/alexander.koenemann/IdeaProjects/ba-spark-koenemann/Environments/FlinkEnv/flink-1.14.4/lib/log4j-slf4j-impl-2.17.1.jar:/Users/alexander.koenemann/IdeaProjects/ba-spark-koenemann/Environments/FlinkEnv/flink-1.14.4/lib/flink-dist_2.12-1.14.4.jar:::
2022-03-31 12:00:40,315 INFO  org.apache.flink.runtime.taskexecutor.TaskManagerRunner      [] -     -Dsun.java.command=org.apache.flink.runtime.taskexecutor.TaskManagerRunner --configDir /Users/alexander.koenemann/IdeaProjects/ba-spark-koenemann/Environments/FlinkEnv/flink-1.14.4/conf -D taskmanager.memory.network.min=134217730b -D taskmanager.cpu.cores=1.0 -D taskmanager.memory.task.off-heap.size=0b -D taskmanager.memory.jvm-metaspace.size=268435456b -D external-resources=none -D taskmanager.memory.jvm-overhead.min=201326592b -D taskmanager.memory.framework.off-heap.size=134217728b -D taskmanager.memory.network.max=134217730b -D taskmanager.memory.framework.heap.size=134217728b -D taskmanager.memory.managed.size=536870920b -D taskmanager.memory.task.heap.size=402653174b -D taskmanager.numberOfTaskSlots=1 -D taskmanager.memory.jvm-overhead.max=201326592b
2022-03-31 12:00:40,315 INFO  org.apache.flink.runtime.taskexecutor.TaskManagerRunner      [] -     -Dsun.java.launcher=SUN_STANDARD
2022-03-31 12:00:40,315 INFO  org.apache.flink.runtime.taskexecutor.TaskManagerRunner      [] -  Program Arguments:
2022-03-31 12:00:40,316 INFO  org.apache.flink.runtime.taskexecutor.TaskManagerRunner      [] -     --configDir
2022-03-31 12:00:40,316 INFO  org.apache.flink.runtime.taskexecutor.TaskManagerRunner      [] -     /Users/alexander.koenemann/IdeaProjects/ba-spark-koenemann/Environments/FlinkEnv/flink-1.14.4/conf
2022-03-31 12:00:40,316 INFO  org.apache.flink.runtime.taskexecutor.TaskManagerRunner      [] -     -D
2022-03-31 12:00:40,316 INFO  org.apache.flink.runtime.taskexecutor.TaskManagerRunner      [] -     taskmanager.memory.network.min=134217730b
2022-03-31 12:00:40,317 INFO  org.apache.flink.runtime.taskexecutor.TaskManagerRunner      [] -     -D
2022-03-31 12:00:40,317 INFO  org.apache.flink.runtime.taskexecutor.TaskManagerRunner      [] -     taskmanager.cpu.cores=1.0
2022-03-31 12:00:40,317 INFO  org.apache.flink.runtime.taskexecutor.TaskManagerRunner      [] -     -D
2022-03-31 12:00:40,317 INFO  org.apache.flink.runtime.taskexecutor.TaskManagerRunner      [] -     taskmanager.memory.task.off-heap.size=0b
2022-03-31 12:00:40,317 INFO  org.apache.flink.runtime.taskexecutor.TaskManagerRunner      [] -     -D
2022-03-31 12:00:40,317 INFO  org.apache.flink.runtime.taskexecutor.TaskManagerRunner      [] -     taskmanager.memory.jvm-metaspace.size=268435456b
2022-03-31 12:00:40,317 INFO  org.apache.flink.runtime.taskexecutor.TaskManagerRunner      [] -     -D
2022-03-31 12:00:40,317 INFO  org.apache.flink.runtime.taskexecutor.TaskManagerRunner      [] -     external-resources=none
2022-03-31 12:00:40,317 INFO  org.apache.flink.runtime.taskexecutor.TaskManagerRunner      [] -     -D
2022-03-31 12:00:40,317 INFO  org.apache.flink.runtime.taskexecutor.TaskManagerRunner      [] -     taskmanager.memory.jvm-overhead.min=201326592b
2022-03-31 12:00:40,317 INFO  org.apache.flink.runtime.taskexecutor.TaskManagerRunner      [] -     -D
2022-03-31 12:00:40,317 INFO  org.apache.flink.runtime.taskexecutor.TaskManagerRunner      [] -     taskmanager.memory.framework.off-heap.size=134217728b
2022-03-31 12:00:40,318 INFO  org.apache.flink.runtime.taskexecutor.TaskManagerRunner      [] -     -D
2022-03-31 12:00:40,318 INFO  org.apache.flink.runtime.taskexecutor.TaskManagerRunner      [] -     taskmanager.memory.network.max=134217730b
2022-03-31 12:00:40,318 INFO  org.apache.flink.runtime.taskexecutor.TaskManagerRunner      [] -     -D
2022-03-31 12:00:40,318 INFO  org.apache.flink.runtime.taskexecutor.TaskManagerRunner      [] -     taskmanager.memory.framework.heap.size=134217728b
2022-03-31 12:00:40,318 INFO  org.apache.flink.runtime.taskexecutor.TaskManagerRunner      [] -     -D
2022-03-31 12:00:40,318 INFO  org.apache.flink.runtime.taskexecutor.TaskManagerRunner      [] -     taskmanager.memory.managed.size=536870920b
2022-03-31 12:00:40,318 INFO  org.apache.flink.runtime.taskexecutor.TaskManagerRunner      [] -     -D
2022-03-31 12:00:40,318 INFO  org.apache.flink.runtime.taskexecutor.TaskManagerRunner      [] -     taskmanager.memory.task.heap.size=402653174b
2022-03-31 12:00:40,318 INFO  org.apache.flink.runtime.taskexecutor.TaskManagerRunner      [] -     -D
2022-03-31 12:00:40,318 INFO  org.apache.flink.runtime.taskexecutor.TaskManagerRunner      [] -     taskmanager.numberOfTaskSlots=1
2022-03-31 12:00:40,318 INFO  org.apache.flink.runtime.taskexecutor.TaskManagerRunner      [] -     -D
2022-03-31 12:00:40,318 INFO  org.apache.flink.runtime.taskexecutor.TaskManagerRunner      [] -     taskmanager.memory.jvm-overhead.max=201326592b
2022-03-31 12:00:40,319 INFO  org.apache.flink.runtime.taskexecutor.TaskManagerRunner      [] -  Classpath: /Users/alexander.koenemann/IdeaProjects/ba-spark-koenemann/Environments/FlinkEnv/flink-1.14.4/lib/flink-csv-1.14.4.jar:/Users/alexander.koenemann/IdeaProjects/ba-spark-koenemann/Environments/FlinkEnv/flink-1.14.4/lib/flink-json-1.14.4.jar:/Users/alexander.koenemann/IdeaProjects/ba-spark-koenemann/Environments/FlinkEnv/flink-1.14.4/lib/flink-shaded-zookeeper-3.4.14.jar:/Users/alexander.koenemann/IdeaProjects/ba-spark-koenemann/Environments/FlinkEnv/flink-1.14.4/lib/flink-table_2.12-1.14.4.jar:/Users/alexander.koenemann/IdeaProjects/ba-spark-koenemann/Environments/FlinkEnv/flink-1.14.4/lib/log4j-1.2-api-2.17.1.jar:/Users/alexander.koenemann/IdeaProjects/ba-spark-koenemann/Environments/FlinkEnv/flink-1.14.4/lib/log4j-api-2.17.1.jar:/Users/alexander.koenemann/IdeaProjects/ba-spark-koenemann/Environments/FlinkEnv/flink-1.14.4/lib/log4j-core-2.17.1.jar:/Users/alexander.koenemann/IdeaProjects/ba-spark-koenemann/Environments/FlinkEnv/flink-1.14.4/lib/log4j-slf4j-impl-2.17.1.jar:/Users/alexander.koenemann/IdeaProjects/ba-spark-koenemann/Environments/FlinkEnv/flink-1.14.4/lib/flink-dist_2.12-1.14.4.jar:::
2022-03-31 12:00:40,319 INFO  org.apache.flink.runtime.taskexecutor.TaskManagerRunner      [] - --------------------------------------------------------------------------------
2022-03-31 12:00:40,320 INFO  org.apache.flink.runtime.taskexecutor.TaskManagerRunner      [] - Registered UNIX signal handlers for [TERM, HUP, INT]
2022-03-31 12:00:40,323 INFO  org.apache.flink.runtime.taskexecutor.TaskManagerRunner      [] - Maximum number of open file descriptors is 61440.
2022-03-31 12:00:40,334 INFO  org.apache.flink.configuration.GlobalConfiguration           [] - Loading configuration property: jobmanager.rpc.address, localhost
2022-03-31 12:00:40,334 INFO  org.apache.flink.configuration.GlobalConfiguration           [] - Loading configuration property: jobmanager.rpc.port, 6123
2022-03-31 12:00:40,334 INFO  org.apache.flink.configuration.GlobalConfiguration           [] - Loading configuration property: jobmanager.memory.process.size, 1600m
2022-03-31 12:00:40,335 INFO  org.apache.flink.configuration.GlobalConfiguration           [] - Loading configuration property: taskmanager.memory.process.size, 1728m
2022-03-31 12:00:40,335 INFO  org.apache.flink.configuration.GlobalConfiguration           [] - Loading configuration property: taskmanager.numberOfTaskSlots, 1
2022-03-31 12:00:40,335 INFO  org.apache.flink.configuration.GlobalConfiguration           [] - Loading configuration property: parallelism.default, 1
2022-03-31 12:00:40,336 INFO  org.apache.flink.configuration.GlobalConfiguration           [] - Loading configuration property: jobmanager.execution.failover-strategy, region
2022-03-31 12:00:40,393 INFO  org.apache.flink.core.fs.FileSystem                          [] - Hadoop is not in the classpath/dependencies. The extended set of supported File Systems via Hadoop is not available.
2022-03-31 12:00:40,428 INFO  org.apache.flink.runtime.state.changelog.StateChangelogStorageLoader [] - StateChangelogStorageLoader initialized with shortcut names {memory}.
2022-03-31 12:00:40,430 INFO  org.apache.flink.runtime.state.changelog.StateChangelogStorageLoader [] - StateChangelogStorageLoader initialized with shortcut names {memory}.
2022-03-31 12:00:40,442 INFO  org.apache.flink.runtime.security.modules.HadoopModuleFactory [] - Cannot create Hadoop Security Module because Hadoop cannot be found in the Classpath.
2022-03-31 12:00:40,469 INFO  org.apache.flink.runtime.security.modules.JaasModule         [] - Jaas file will be created as /var/folders/9q/m8t4_d457_j76vmbq0fy3y5h0000gq/T/jaas-8558298154189153978.conf.
2022-03-31 12:00:40,475 INFO  org.apache.flink.runtime.security.contexts.HadoopSecurityContextFactory [] - Cannot install HadoopSecurityContext because Hadoop cannot be found in the Classpath.
2022-03-31 12:00:41,016 INFO  org.apache.flink.configuration.Configuration                 [] - Config uses fallback configuration key 'jobmanager.rpc.address' instead of key 'rest.address'
2022-03-31 12:00:41,048 INFO  org.apache.flink.runtime.util.LeaderRetrievalUtils           [] - Trying to select the network interface and address to use by connecting to the leading JobManager.
2022-03-31 12:00:41,048 INFO  org.apache.flink.runtime.util.LeaderRetrievalUtils           [] - TaskManager will try to connect for PT10S before falling back to heuristics
2022-03-31 12:00:41,538 INFO  org.apache.flink.runtime.net.ConnectionUtils                 [] - Trying to connect to address localhost/127.0.0.1:6123
2022-03-31 12:00:41,538 INFO  org.apache.flink.runtime.net.ConnectionUtils                 [] - Failed to connect to [localhost/127.0.0.1:6123] from local address [nb-akoenemann.fritz.box/192.168.178.26] with timeout [200] due to: Connection refused (Connection refused)
2022-03-31 12:00:41,541 INFO  org.apache.flink.runtime.taskexecutor.TaskManagerRunner      [] - TaskManager will use hostname/address 'nb-akoenemann.fritz.box' (192.168.178.26) for communication.
2022-03-31 12:00:41,581 INFO  org.apache.flink.runtime.rpc.akka.AkkaRpcServiceUtils        [] - Trying to start actor system, external address 192.168.178.26:0, bind address 0.0.0.0:0.
2022-03-31 12:00:41,988 INFO  akka.event.slf4j.Slf4jLogger                                 [] - Slf4jLogger started
2022-03-31 12:00:42,018 INFO  akka.remote.RemoteActorRefProvider                           [] - Akka Cluster not in use - enabling unsafe features anyway because `akka.remote.use-unsafe-remote-features-outside-cluster` has been enabled.
2022-03-31 12:00:42,018 INFO  akka.remote.Remoting                                         [] - Starting remoting
2022-03-31 12:00:42,148 INFO  akka.remote.Remoting                                         [] - Remoting started; listening on addresses :[akka.tcp://flink@192.168.178.26:51287]
2022-03-31 12:00:42,258 INFO  org.apache.flink.runtime.rpc.akka.AkkaRpcServiceUtils        [] - Actor system started at akka.tcp://flink@192.168.178.26:51287
2022-03-31 12:00:42,278 INFO  org.apache.flink.runtime.metrics.MetricRegistryImpl          [] - No metrics reporter configured, no metrics will be exposed/reported.
2022-03-31 12:00:42,282 INFO  org.apache.flink.runtime.rpc.akka.AkkaRpcServiceUtils        [] - Trying to start actor system, external address 192.168.178.26:0, bind address 0.0.0.0:0.
2022-03-31 12:00:42,298 INFO  akka.event.slf4j.Slf4jLogger                                 [] - Slf4jLogger started
2022-03-31 12:00:42,301 INFO  akka.remote.RemoteActorRefProvider                           [] - Akka Cluster not in use - enabling unsafe features anyway because `akka.remote.use-unsafe-remote-features-outside-cluster` has been enabled.
2022-03-31 12:00:42,302 INFO  akka.remote.Remoting                                         [] - Starting remoting
2022-03-31 12:00:42,309 INFO  akka.remote.Remoting                                         [] - Remoting started; listening on addresses :[akka.tcp://flink-metrics@192.168.178.26:51288]
2022-03-31 12:00:42,319 INFO  org.apache.flink.runtime.rpc.akka.AkkaRpcServiceUtils        [] - Actor system started at akka.tcp://flink-metrics@192.168.178.26:51288
2022-03-31 12:00:42,333 INFO  org.apache.flink.runtime.rpc.akka.AkkaRpcService             [] - Starting RPC endpoint for org.apache.flink.runtime.metrics.dump.MetricQueryService at akka://flink-metrics/user/rpc/MetricQueryService_192.168.178.26:51287-bcdc0b .
2022-03-31 12:00:42,356 INFO  org.apache.flink.runtime.blob.PermanentBlobCache             [] - Created BLOB cache storage directory /var/folders/9q/m8t4_d457_j76vmbq0fy3y5h0000gq/T/blobStore-d7c02123-26ea-44bc-8e1f-60d61e91a94d
2022-03-31 12:00:42,359 INFO  org.apache.flink.runtime.blob.TransientBlobCache             [] - Created BLOB cache storage directory /var/folders/9q/m8t4_d457_j76vmbq0fy3y5h0000gq/T/blobStore-520342a6-ff6b-4f1c-b360-fd32466f7628
2022-03-31 12:00:42,363 INFO  org.apache.flink.runtime.externalresource.ExternalResourceUtils [] - Enabled external resources: []
2022-03-31 12:00:42,363 INFO  org.apache.flink.runtime.taskexecutor.TaskManagerRunner      [] - Starting TaskManager with ResourceID: 192.168.178.26:51287-bcdc0b
2022-03-31 12:00:42,379 INFO  org.apache.flink.runtime.metrics.util.MetricUtils            [] - The 'Metaspace' metrics will not be exposed because no pool named 'Metaspace' could be found. This might be caused by the used JVM.
2022-03-31 12:00:42,387 INFO  org.apache.flink.runtime.taskexecutor.TaskManagerServices    [] - Temporary file directory '/var/folders/9q/m8t4_d457_j76vmbq0fy3y5h0000gq/T': total 233 GB, usable 23 GB (9.87% usable)
2022-03-31 12:00:42,392 INFO  org.apache.flink.runtime.io.disk.iomanager.IOManager         [] - Created a new FileChannelManager for spilling of task related data to disk (joins, sorting, ...). Used directories:
	/var/folders/9q/m8t4_d457_j76vmbq0fy3y5h0000gq/T/flink-io-d5dd4793-a2a5-48a1-b8e4-b3d9cc60c639
2022-03-31 12:00:42,404 INFO  org.apache.flink.runtime.io.network.netty.NettyConfig        [] - NettyConfig [server address: /0.0.0.0, server port: 0, ssl enabled: false, memory segment size (bytes): 32768, transport type: AUTO, number of server threads: 1 (manual), number of client threads: 1 (manual), server connect backlog: 0 (use Netty's default), client connect timeout (sec): 120, send/receive buffer size (bytes): 0 (use Netty's default)]
2022-03-31 12:00:42,409 INFO  org.apache.flink.runtime.io.network.NettyShuffleServiceFactory [] - Created a new FileChannelManager for storing result partitions of BLOCKING shuffles. Used directories:
	/var/folders/9q/m8t4_d457_j76vmbq0fy3y5h0000gq/T/flink-netty-shuffle-cf6d0647-5358-4b93-ad40-be6b0e646dc7
2022-03-31 12:00:42,591 INFO  org.apache.flink.runtime.io.network.buffer.NetworkBufferPool [] - Allocated 128 MB for network buffer pool (number of memory segments: 4096, bytes per segment: 32768).
2022-03-31 12:00:42,603 INFO  org.apache.flink.runtime.io.network.NettyShuffleEnvironment  [] - Starting the network environment and its components.
2022-03-31 12:00:42,642 INFO  org.apache.flink.runtime.io.network.netty.NettyClient        [] - Transport type 'auto': using NIO.
2022-03-31 12:00:42,644 INFO  org.apache.flink.runtime.io.network.netty.NettyClient        [] - Successful initialization (took 40 ms).
2022-03-31 12:00:42,648 INFO  org.apache.flink.runtime.io.network.netty.NettyServer        [] - Transport type 'auto': using NIO.
2022-03-31 12:00:42,680 INFO  org.apache.flink.runtime.io.network.netty.NettyServer        [] - Successful initialization (took 34 ms). Listening on SocketAddress /0:0:0:0:0:0:0:0:51289.
2022-03-31 12:00:42,681 INFO  org.apache.flink.runtime.taskexecutor.KvStateService         [] - Starting the kvState service and its components.
2022-03-31 12:00:42,712 INFO  org.apache.flink.runtime.rpc.akka.AkkaRpcService             [] - Starting RPC endpoint for org.apache.flink.runtime.taskexecutor.TaskExecutor at akka://flink/user/rpc/taskmanager_0 .
2022-03-31 12:00:42,729 INFO  org.apache.flink.runtime.taskexecutor.DefaultJobLeaderService [] - Start job leader service.
2022-03-31 12:00:42,730 INFO  org.apache.flink.runtime.filecache.FileCache                 [] - User file cache uses directory /var/folders/9q/m8t4_d457_j76vmbq0fy3y5h0000gq/T/flink-dist-cache-7019f978-8400-4b7e-ba71-69c5dd1db4f0
2022-03-31 12:00:42,732 INFO  org.apache.flink.runtime.taskexecutor.TaskExecutor           [] - Connecting to ResourceManager akka.tcp://flink@localhost:6123/user/rpc/resourcemanager_*(00000000000000000000000000000000).
2022-03-31 12:00:42,915 INFO  org.apache.flink.runtime.taskexecutor.TaskExecutor           [] - Resolved ResourceManager address, beginning registration
2022-03-31 12:00:42,996 INFO  org.apache.flink.runtime.taskexecutor.TaskExecutor           [] - Successful registration at resource manager akka.tcp://flink@localhost:6123/user/rpc/resourcemanager_* under registration id 41960433b0701a061534bc3a77e6f9d1.
2022-03-31 12:03:58,328 INFO  org.apache.flink.runtime.taskexecutor.TaskExecutor           [] - Receive slot request 1129b5f157b504ab94b463fbcb96d1e1 for job 7c6a89d07a71bfdd2eb3ebfa9f9f7825 from resource manager with leader id 00000000000000000000000000000000.
2022-03-31 12:03:58,334 INFO  org.apache.flink.runtime.taskexecutor.TaskExecutor           [] - Allocated slot for 1129b5f157b504ab94b463fbcb96d1e1.
2022-03-31 12:03:58,335 INFO  org.apache.flink.runtime.taskexecutor.DefaultJobLeaderService [] - Add job 7c6a89d07a71bfdd2eb3ebfa9f9f7825 for job leader monitoring.
2022-03-31 12:03:58,337 INFO  org.apache.flink.runtime.taskexecutor.DefaultJobLeaderService [] - Try to register at job manager akka.tcp://flink@localhost:6123/user/rpc/jobmanager_2 with leader id 00000000-0000-0000-0000-000000000000.
2022-03-31 12:03:58,350 INFO  org.apache.flink.runtime.taskexecutor.DefaultJobLeaderService [] - Resolved JobManager address, beginning registration
2022-03-31 12:03:58,365 INFO  org.apache.flink.runtime.taskexecutor.DefaultJobLeaderService [] - Successful registration at job manager akka.tcp://flink@localhost:6123/user/rpc/jobmanager_2 for job 7c6a89d07a71bfdd2eb3ebfa9f9f7825.
2022-03-31 12:03:58,365 INFO  org.apache.flink.runtime.taskexecutor.TaskExecutor           [] - Establish JobManager connection for job 7c6a89d07a71bfdd2eb3ebfa9f9f7825.
2022-03-31 12:03:58,368 INFO  org.apache.flink.runtime.taskexecutor.TaskExecutor           [] - Offer reserved slots to the leader of job 7c6a89d07a71bfdd2eb3ebfa9f9f7825.
2022-03-31 12:03:58,419 INFO  org.apache.flink.runtime.taskexecutor.slot.TaskSlotTableImpl [] - Activate slot 1129b5f157b504ab94b463fbcb96d1e1.
2022-03-31 12:03:58,433 INFO  org.apache.flink.runtime.state.changelog.StateChangelogStorageLoader [] - Creating a changelog storage with name 'memory'.
2022-03-31 12:03:58,454 INFO  org.apache.flink.runtime.taskexecutor.TaskExecutor           [] - Received task Source: Collection Source -> Flat Map (1/1)#0 (9cec3d3a7f40141fbf05f7d916e903b6), deploy into slot with allocation id 1129b5f157b504ab94b463fbcb96d1e1.
2022-03-31 12:03:58,455 INFO  org.apache.flink.runtime.taskmanager.Task                    [] - Source: Collection Source -> Flat Map (1/1)#0 (9cec3d3a7f40141fbf05f7d916e903b6) switched from CREATED to DEPLOYING.
2022-03-31 12:03:58,459 INFO  org.apache.flink.runtime.taskexecutor.slot.TaskSlotTableImpl [] - Activate slot 1129b5f157b504ab94b463fbcb96d1e1.
2022-03-31 12:03:58,459 INFO  org.apache.flink.runtime.taskmanager.Task                    [] - Loading JAR files for task Source: Collection Source -> Flat Map (1/1)#0 (9cec3d3a7f40141fbf05f7d916e903b6) [DEPLOYING].
2022-03-31 12:03:58,462 INFO  org.apache.flink.runtime.taskexecutor.slot.TaskSlotTableImpl [] - Activate slot 1129b5f157b504ab94b463fbcb96d1e1.
2022-03-31 12:03:58,462 INFO  org.apache.flink.runtime.blob.BlobClient                     [] - Downloading 7c6a89d07a71bfdd2eb3ebfa9f9f7825/p-b4470cc914df35a863f516672db18f9d358890ce-a7f50fd747bbf27b41e146bfca2c6827 from localhost/127.0.0.1:51285
2022-03-31 12:03:58,476 INFO  org.apache.flink.runtime.taskexecutor.TaskExecutor           [] - Received task Keyed Aggregation -> Sink: Print to Std. Out (1/1)#0 (9fedbf31240bfc55f65fbf35777db3bb), deploy into slot with allocation id 1129b5f157b504ab94b463fbcb96d1e1.
2022-03-31 12:03:58,476 INFO  org.apache.flink.runtime.taskmanager.Task                    [] - Keyed Aggregation -> Sink: Print to Std. Out (1/1)#0 (9fedbf31240bfc55f65fbf35777db3bb) switched from CREATED to DEPLOYING.
2022-03-31 12:03:58,477 INFO  org.apache.flink.runtime.taskmanager.Task                    [] - Loading JAR files for task Keyed Aggregation -> Sink: Print to Std. Out (1/1)#0 (9fedbf31240bfc55f65fbf35777db3bb) [DEPLOYING].
2022-03-31 12:03:58,516 INFO  org.apache.flink.streaming.runtime.tasks.StreamTask          [] - No state backend has been configured, using default (HashMap) org.apache.flink.runtime.state.hashmap.HashMapStateBackend@ae0b9e78
2022-03-31 12:03:58,516 INFO  org.apache.flink.runtime.state.StateBackendLoader            [] - State backend loader loads the state backend as HashMapStateBackend
2022-03-31 12:03:58,518 INFO  org.apache.flink.streaming.runtime.tasks.StreamTask          [] - Checkpoint storage is set to 'jobmanager'
2022-03-31 12:03:58,521 INFO  org.apache.flink.streaming.runtime.tasks.StreamTask          [] - No state backend has been configured, using default (HashMap) org.apache.flink.runtime.state.hashmap.HashMapStateBackend@5238f056
2022-03-31 12:03:58,521 INFO  org.apache.flink.runtime.state.StateBackendLoader            [] - State backend loader loads the state backend as HashMapStateBackend
2022-03-31 12:03:58,521 INFO  org.apache.flink.streaming.runtime.tasks.StreamTask          [] - Checkpoint storage is set to 'jobmanager'
2022-03-31 12:03:58,529 INFO  org.apache.flink.runtime.taskmanager.Task                    [] - Keyed Aggregation -> Sink: Print to Std. Out (1/1)#0 (9fedbf31240bfc55f65fbf35777db3bb) switched from DEPLOYING to INITIALIZING.
2022-03-31 12:03:58,529 INFO  org.apache.flink.runtime.taskmanager.Task                    [] - Source: Collection Source -> Flat Map (1/1)#0 (9cec3d3a7f40141fbf05f7d916e903b6) switched from DEPLOYING to INITIALIZING.
2022-03-31 12:03:58,640 INFO  org.apache.flink.runtime.state.heap.HeapKeyedStateBackendBuilder [] - Finished to build heap keyed state-backend.
2022-03-31 12:03:58,642 INFO  org.apache.flink.runtime.taskmanager.Task                    [] - Source: Collection Source -> Flat Map (1/1)#0 (9cec3d3a7f40141fbf05f7d916e903b6) switched from INITIALIZING to RUNNING.
2022-03-31 12:03:58,651 INFO  org.apache.flink.runtime.state.heap.HeapKeyedStateBackend    [] - Initializing heap keyed state backend with stream factory.
2022-03-31 12:03:58,663 INFO  org.apache.flink.runtime.taskmanager.Task                    [] - Keyed Aggregation -> Sink: Print to Std. Out (1/1)#0 (9fedbf31240bfc55f65fbf35777db3bb) switched from INITIALIZING to RUNNING.
2022-03-31 12:03:58,671 INFO  org.apache.flink.runtime.taskmanager.Task                    [] - Source: Collection Source -> Flat Map (1/1)#0 (9cec3d3a7f40141fbf05f7d916e903b6) switched from RUNNING to FINISHED.
2022-03-31 12:03:58,671 INFO  org.apache.flink.runtime.taskmanager.Task                    [] - Freeing task resources for Source: Collection Source -> Flat Map (1/1)#0 (9cec3d3a7f40141fbf05f7d916e903b6).
2022-03-31 12:03:58,672 INFO  org.apache.flink.runtime.taskexecutor.TaskExecutor           [] - Un-registering task and sending final execution state FINISHED to JobManager for task Source: Collection Source -> Flat Map (1/1)#0 9cec3d3a7f40141fbf05f7d916e903b6.
2022-03-31 12:03:58,698 INFO  org.apache.flink.runtime.taskmanager.Task                    [] - Keyed Aggregation -> Sink: Print to Std. Out (1/1)#0 (9fedbf31240bfc55f65fbf35777db3bb) switched from RUNNING to FINISHED.
2022-03-31 12:03:58,698 INFO  org.apache.flink.runtime.taskmanager.Task                    [] - Freeing task resources for Keyed Aggregation -> Sink: Print to Std. Out (1/1)#0 (9fedbf31240bfc55f65fbf35777db3bb).
2022-03-31 12:03:58,698 INFO  org.apache.flink.runtime.taskexecutor.TaskExecutor           [] - Un-registering task and sending final execution state FINISHED to JobManager for task Keyed Aggregation -> Sink: Print to Std. Out (1/1)#0 9fedbf31240bfc55f65fbf35777db3bb.
2022-03-31 12:03:58,747 INFO  org.apache.flink.runtime.taskexecutor.slot.TaskSlotTableImpl [] - Free slot TaskSlot(index:0, state:ACTIVE, resource profile: ResourceProfile{cpuCores=1, taskHeapMemory=384.000mb (402653174 bytes), taskOffHeapMemory=0 bytes, managedMemory=512.000mb (536870920 bytes), networkMemory=128.000mb (134217730 bytes)}, allocationId: 1129b5f157b504ab94b463fbcb96d1e1, jobId: 7c6a89d07a71bfdd2eb3ebfa9f9f7825).
2022-03-31 12:03:58,749 INFO  org.apache.flink.runtime.taskexecutor.DefaultJobLeaderService [] - Remove job 7c6a89d07a71bfdd2eb3ebfa9f9f7825 from job leader monitoring.
2022-03-31 12:03:58,749 INFO  org.apache.flink.runtime.taskexecutor.TaskExecutor           [] - Close JobManager connection for job 7c6a89d07a71bfdd2eb3ebfa9f9f7825.
2022-03-31 12:22:31,438 INFO  org.apache.flink.runtime.taskexecutor.TaskExecutor           [] - Receive slot request 732df246ee9625657729a6c38d01b1ca for job e533f4806ab04697d870e7b44deb507a from resource manager with leader id 00000000000000000000000000000000.
2022-03-31 12:22:31,439 INFO  org.apache.flink.runtime.taskexecutor.TaskExecutor           [] - Allocated slot for 732df246ee9625657729a6c38d01b1ca.
2022-03-31 12:22:31,439 INFO  org.apache.flink.runtime.taskexecutor.DefaultJobLeaderService [] - Add job e533f4806ab04697d870e7b44deb507a for job leader monitoring.
2022-03-31 12:22:31,439 INFO  org.apache.flink.runtime.taskexecutor.DefaultJobLeaderService [] - Try to register at job manager akka.tcp://flink@localhost:6123/user/rpc/jobmanager_3 with leader id 00000000-0000-0000-0000-000000000000.
2022-03-31 12:22:31,444 INFO  org.apache.flink.runtime.taskexecutor.DefaultJobLeaderService [] - Resolved JobManager address, beginning registration
2022-03-31 12:22:31,451 INFO  org.apache.flink.runtime.taskexecutor.DefaultJobLeaderService [] - Successful registration at job manager akka.tcp://flink@localhost:6123/user/rpc/jobmanager_3 for job e533f4806ab04697d870e7b44deb507a.
2022-03-31 12:22:31,451 INFO  org.apache.flink.runtime.taskexecutor.TaskExecutor           [] - Establish JobManager connection for job e533f4806ab04697d870e7b44deb507a.
2022-03-31 12:22:31,451 INFO  org.apache.flink.runtime.taskexecutor.TaskExecutor           [] - Offer reserved slots to the leader of job e533f4806ab04697d870e7b44deb507a.
2022-03-31 12:22:31,470 INFO  org.apache.flink.runtime.taskexecutor.slot.TaskSlotTableImpl [] - Activate slot 732df246ee9625657729a6c38d01b1ca.
2022-03-31 12:22:31,471 INFO  org.apache.flink.runtime.state.changelog.StateChangelogStorageLoader [] - Creating a changelog storage with name 'memory'.
2022-03-31 12:22:31,472 INFO  org.apache.flink.runtime.taskexecutor.TaskExecutor           [] - Received task CHAIN DataSource (at getDefaultTextLineDataSet(WordCountData.java:70) (org.apache.flink.api.java.io.CollectionInputFormat)) -> FlatMap (FlatMap at main(WordCount.java:84)) -> Combine (SUM(1), at main(WordCount.java:87) (1/1)#0 (25800c57f02f0d38194e68e24080c716), deploy into slot with allocation id 732df246ee9625657729a6c38d01b1ca.
2022-03-31 12:22:31,473 INFO  org.apache.flink.runtime.taskexecutor.slot.TaskSlotTableImpl [] - Activate slot 732df246ee9625657729a6c38d01b1ca.
2022-03-31 12:22:31,472 INFO  org.apache.flink.runtime.taskmanager.Task                    [] - CHAIN DataSource (at getDefaultTextLineDataSet(WordCountData.java:70) (org.apache.flink.api.java.io.CollectionInputFormat)) -> FlatMap (FlatMap at main(WordCount.java:84)) -> Combine (SUM(1), at main(WordCount.java:87) (1/1)#0 (25800c57f02f0d38194e68e24080c716) switched from CREATED to DEPLOYING.
2022-03-31 12:22:31,473 INFO  org.apache.flink.runtime.taskmanager.Task                    [] - Loading JAR files for task CHAIN DataSource (at getDefaultTextLineDataSet(WordCountData.java:70) (org.apache.flink.api.java.io.CollectionInputFormat)) -> FlatMap (FlatMap at main(WordCount.java:84)) -> Combine (SUM(1), at main(WordCount.java:87) (1/1)#0 (25800c57f02f0d38194e68e24080c716) [DEPLOYING].
2022-03-31 12:22:31,474 INFO  org.apache.flink.runtime.blob.BlobClient                     [] - Downloading e533f4806ab04697d870e7b44deb507a/p-e6cc461fd7498cc549b9aff9c73412198cbc713e-3a952025ffe96a200d7d78807d522c89 from localhost/127.0.0.1:51285
2022-03-31 12:22:31,475 INFO  org.apache.flink.runtime.taskexecutor.TaskExecutor           [] - Received task Reduce (SUM(1), at main(WordCount.java:87) (1/1)#0 (abbdddfef925bad1f8e7afdbe85d7f9c), deploy into slot with allocation id 732df246ee9625657729a6c38d01b1ca.
2022-03-31 12:22:31,475 INFO  org.apache.flink.runtime.taskmanager.Task                    [] - Reduce (SUM(1), at main(WordCount.java:87) (1/1)#0 (abbdddfef925bad1f8e7afdbe85d7f9c) switched from CREATED to DEPLOYING.
2022-03-31 12:22:31,476 INFO  org.apache.flink.runtime.taskexecutor.slot.TaskSlotTableImpl [] - Activate slot 732df246ee9625657729a6c38d01b1ca.
2022-03-31 12:22:31,476 INFO  org.apache.flink.runtime.taskmanager.Task                    [] - Loading JAR files for task Reduce (SUM(1), at main(WordCount.java:87) (1/1)#0 (abbdddfef925bad1f8e7afdbe85d7f9c) [DEPLOYING].
2022-03-31 12:22:31,478 INFO  org.apache.flink.runtime.taskexecutor.TaskExecutor           [] - Received task DataSink (collect()) (1/1)#0 (938043db1b391046ea983dee8808c355), deploy into slot with allocation id 732df246ee9625657729a6c38d01b1ca.
2022-03-31 12:22:31,478 INFO  org.apache.flink.runtime.taskexecutor.slot.TaskSlotTableImpl [] - Activate slot 732df246ee9625657729a6c38d01b1ca.
2022-03-31 12:22:31,478 INFO  org.apache.flink.runtime.taskmanager.Task                    [] - DataSink (collect()) (1/1)#0 (938043db1b391046ea983dee8808c355) switched from CREATED to DEPLOYING.
2022-03-31 12:22:31,479 INFO  org.apache.flink.runtime.taskmanager.Task                    [] - Loading JAR files for task DataSink (collect()) (1/1)#0 (938043db1b391046ea983dee8808c355) [DEPLOYING].
2022-03-31 12:22:31,482 INFO  org.apache.flink.runtime.taskmanager.Task                    [] - CHAIN DataSource (at getDefaultTextLineDataSet(WordCountData.java:70) (org.apache.flink.api.java.io.CollectionInputFormat)) -> FlatMap (FlatMap at main(WordCount.java:84)) -> Combine (SUM(1), at main(WordCount.java:87) (1/1)#0 (25800c57f02f0d38194e68e24080c716) switched from DEPLOYING to INITIALIZING.
2022-03-31 12:22:31,482 INFO  org.apache.flink.runtime.taskmanager.Task                    [] - CHAIN DataSource (at getDefaultTextLineDataSet(WordCountData.java:70) (org.apache.flink.api.java.io.CollectionInputFormat)) -> FlatMap (FlatMap at main(WordCount.java:84)) -> Combine (SUM(1), at main(WordCount.java:87) (1/1)#0 (25800c57f02f0d38194e68e24080c716) switched from INITIALIZING to RUNNING.
2022-03-31 12:22:31,486 INFO  org.apache.flink.runtime.taskmanager.Task                    [] - Reduce (SUM(1), at main(WordCount.java:87) (1/1)#0 (abbdddfef925bad1f8e7afdbe85d7f9c) switched from DEPLOYING to INITIALIZING.
2022-03-31 12:22:31,486 INFO  org.apache.flink.runtime.taskmanager.Task                    [] - DataSink (collect()) (1/1)#0 (938043db1b391046ea983dee8808c355) switched from DEPLOYING to INITIALIZING.
2022-03-31 12:22:31,486 INFO  org.apache.flink.runtime.taskmanager.Task                    [] - Reduce (SUM(1), at main(WordCount.java:87) (1/1)#0 (abbdddfef925bad1f8e7afdbe85d7f9c) switched from INITIALIZING to RUNNING.
2022-03-31 12:22:31,487 INFO  org.apache.flink.runtime.taskmanager.Task                    [] - DataSink (collect()) (1/1)#0 (938043db1b391046ea983dee8808c355) switched from INITIALIZING to RUNNING.
2022-03-31 12:22:31,538 WARN  org.apache.flink.metrics.MetricGroup                         [] - The operator name DataSource (at getDefaultTextLineDataSet(WordCountData.java:70) (org.apache.flink.api.java.io.CollectionInputFormat)) exceeded the 80 characters length limit and was truncated.
2022-03-31 12:22:31,754 INFO  org.apache.flink.runtime.taskmanager.Task                    [] - CHAIN DataSource (at getDefaultTextLineDataSet(WordCountData.java:70) (org.apache.flink.api.java.io.CollectionInputFormat)) -> FlatMap (FlatMap at main(WordCount.java:84)) -> Combine (SUM(1), at main(WordCount.java:87) (1/1)#0 (25800c57f02f0d38194e68e24080c716) switched from RUNNING to FINISHED.
2022-03-31 12:22:31,754 INFO  org.apache.flink.runtime.taskmanager.Task                    [] - Freeing task resources for CHAIN DataSource (at getDefaultTextLineDataSet(WordCountData.java:70) (org.apache.flink.api.java.io.CollectionInputFormat)) -> FlatMap (FlatMap at main(WordCount.java:84)) -> Combine (SUM(1), at main(WordCount.java:87) (1/1)#0 (25800c57f02f0d38194e68e24080c716).
2022-03-31 12:22:31,754 INFO  org.apache.flink.runtime.taskexecutor.TaskExecutor           [] - Un-registering task and sending final execution state FINISHED to JobManager for task CHAIN DataSource (at getDefaultTextLineDataSet(WordCountData.java:70) (org.apache.flink.api.java.io.CollectionInputFormat)) -> FlatMap (FlatMap at main(WordCount.java:84)) -> Combine (SUM(1), at main(WordCount.java:87) (1/1)#0 25800c57f02f0d38194e68e24080c716.
2022-03-31 12:22:31,822 INFO  org.apache.flink.runtime.taskmanager.Task                    [] - Reduce (SUM(1), at main(WordCount.java:87) (1/1)#0 (abbdddfef925bad1f8e7afdbe85d7f9c) switched from RUNNING to FINISHED.
2022-03-31 12:22:31,822 INFO  org.apache.flink.runtime.taskmanager.Task                    [] - Freeing task resources for Reduce (SUM(1), at main(WordCount.java:87) (1/1)#0 (abbdddfef925bad1f8e7afdbe85d7f9c).
2022-03-31 12:22:31,822 INFO  org.apache.flink.runtime.taskmanager.Task                    [] - DataSink (collect()) (1/1)#0 (938043db1b391046ea983dee8808c355) switched from RUNNING to FINISHED.
2022-03-31 12:22:31,822 INFO  org.apache.flink.runtime.taskmanager.Task                    [] - Freeing task resources for DataSink (collect()) (1/1)#0 (938043db1b391046ea983dee8808c355).
2022-03-31 12:22:31,822 INFO  org.apache.flink.runtime.taskexecutor.TaskExecutor           [] - Un-registering task and sending final execution state FINISHED to JobManager for task Reduce (SUM(1), at main(WordCount.java:87) (1/1)#0 abbdddfef925bad1f8e7afdbe85d7f9c.
2022-03-31 12:22:31,823 INFO  org.apache.flink.runtime.taskexecutor.TaskExecutor           [] - Un-registering task and sending final execution state FINISHED to JobManager for task DataSink (collect()) (1/1)#0 938043db1b391046ea983dee8808c355.
2022-03-31 12:22:31,838 INFO  org.apache.flink.runtime.taskexecutor.slot.TaskSlotTableImpl [] - Free slot TaskSlot(index:0, state:ACTIVE, resource profile: ResourceProfile{cpuCores=1, taskHeapMemory=384.000mb (402653174 bytes), taskOffHeapMemory=0 bytes, managedMemory=512.000mb (536870920 bytes), networkMemory=128.000mb (134217730 bytes)}, allocationId: 732df246ee9625657729a6c38d01b1ca, jobId: e533f4806ab04697d870e7b44deb507a).
2022-03-31 12:22:31,838 INFO  org.apache.flink.runtime.taskexecutor.DefaultJobLeaderService [] - Remove job e533f4806ab04697d870e7b44deb507a from job leader monitoring.
2022-03-31 12:22:31,839 INFO  org.apache.flink.runtime.taskexecutor.TaskExecutor           [] - Close JobManager connection for job e533f4806ab04697d870e7b44deb507a.
2022-03-31 12:23:10,385 INFO  org.apache.flink.runtime.taskexecutor.TaskExecutor           [] - Receive slot request 1cab3ac8f020fba1a86a14b1942496e1 for job 1f3187f04d2b0e60f1d0a3aba11a0d3f from resource manager with leader id 00000000000000000000000000000000.
2022-03-31 12:23:10,385 INFO  org.apache.flink.runtime.taskexecutor.TaskExecutor           [] - Allocated slot for 1cab3ac8f020fba1a86a14b1942496e1.
2022-03-31 12:23:10,385 INFO  org.apache.flink.runtime.taskexecutor.DefaultJobLeaderService [] - Add job 1f3187f04d2b0e60f1d0a3aba11a0d3f for job leader monitoring.
2022-03-31 12:23:10,385 INFO  org.apache.flink.runtime.taskexecutor.DefaultJobLeaderService [] - Try to register at job manager akka.tcp://flink@localhost:6123/user/rpc/jobmanager_4 with leader id 00000000-0000-0000-0000-000000000000.
2022-03-31 12:23:10,390 INFO  org.apache.flink.runtime.taskexecutor.DefaultJobLeaderService [] - Resolved JobManager address, beginning registration
2022-03-31 12:23:10,395 INFO  org.apache.flink.runtime.taskexecutor.DefaultJobLeaderService [] - Successful registration at job manager akka.tcp://flink@localhost:6123/user/rpc/jobmanager_4 for job 1f3187f04d2b0e60f1d0a3aba11a0d3f.
2022-03-31 12:23:10,395 INFO  org.apache.flink.runtime.taskexecutor.TaskExecutor           [] - Establish JobManager connection for job 1f3187f04d2b0e60f1d0a3aba11a0d3f.
2022-03-31 12:23:10,396 INFO  org.apache.flink.runtime.taskexecutor.TaskExecutor           [] - Offer reserved slots to the leader of job 1f3187f04d2b0e60f1d0a3aba11a0d3f.
2022-03-31 12:23:10,417 INFO  org.apache.flink.runtime.taskexecutor.slot.TaskSlotTableImpl [] - Activate slot 1cab3ac8f020fba1a86a14b1942496e1.
2022-03-31 12:23:10,418 INFO  org.apache.flink.runtime.state.changelog.StateChangelogStorageLoader [] - Creating a changelog storage with name 'memory'.
2022-03-31 12:23:10,419 INFO  org.apache.flink.runtime.taskexecutor.TaskExecutor           [] - Received task CHAIN DataSource (at getDefaultTextLineDataSet(WordCountData.java:70) (org.apache.flink.api.java.io.CollectionInputFormat)) -> FlatMap (FlatMap at main(WordCount.java:84)) -> Combine (SUM(1), at main(WordCount.java:87) (1/1)#0 (750d4214ff988d4e7504debe74f7bd65), deploy into slot with allocation id 1cab3ac8f020fba1a86a14b1942496e1.
2022-03-31 12:23:10,419 INFO  org.apache.flink.runtime.taskmanager.Task                    [] - CHAIN DataSource (at getDefaultTextLineDataSet(WordCountData.java:70) (org.apache.flink.api.java.io.CollectionInputFormat)) -> FlatMap (FlatMap at main(WordCount.java:84)) -> Combine (SUM(1), at main(WordCount.java:87) (1/1)#0 (750d4214ff988d4e7504debe74f7bd65) switched from CREATED to DEPLOYING.
2022-03-31 12:23:10,420 INFO  org.apache.flink.runtime.taskexecutor.slot.TaskSlotTableImpl [] - Activate slot 1cab3ac8f020fba1a86a14b1942496e1.
2022-03-31 12:23:10,420 INFO  org.apache.flink.runtime.taskmanager.Task                    [] - Loading JAR files for task CHAIN DataSource (at getDefaultTextLineDataSet(WordCountData.java:70) (org.apache.flink.api.java.io.CollectionInputFormat)) -> FlatMap (FlatMap at main(WordCount.java:84)) -> Combine (SUM(1), at main(WordCount.java:87) (1/1)#0 (750d4214ff988d4e7504debe74f7bd65) [DEPLOYING].
2022-03-31 12:23:10,421 INFO  org.apache.flink.runtime.blob.BlobClient                     [] - Downloading 1f3187f04d2b0e60f1d0a3aba11a0d3f/p-e6cc461fd7498cc549b9aff9c73412198cbc713e-b43043fcd9559be28fd4db96f148f9fd from localhost/127.0.0.1:51285
2022-03-31 12:23:10,421 INFO  org.apache.flink.runtime.taskexecutor.TaskExecutor           [] - Received task Reduce (SUM(1), at main(WordCount.java:87) (1/1)#0 (0d6f3bc658061809b25d4c18f8f35f59), deploy into slot with allocation id 1cab3ac8f020fba1a86a14b1942496e1.
2022-03-31 12:23:10,422 INFO  org.apache.flink.runtime.taskexecutor.slot.TaskSlotTableImpl [] - Activate slot 1cab3ac8f020fba1a86a14b1942496e1.
2022-03-31 12:23:10,421 INFO  org.apache.flink.runtime.taskmanager.Task                    [] - Reduce (SUM(1), at main(WordCount.java:87) (1/1)#0 (0d6f3bc658061809b25d4c18f8f35f59) switched from CREATED to DEPLOYING.
2022-03-31 12:23:10,422 INFO  org.apache.flink.runtime.taskexecutor.slot.TaskSlotTableImpl [] - Activate slot 1cab3ac8f020fba1a86a14b1942496e1.
2022-03-31 12:23:10,422 INFO  org.apache.flink.runtime.taskmanager.Task                    [] - Loading JAR files for task Reduce (SUM(1), at main(WordCount.java:87) (1/1)#0 (0d6f3bc658061809b25d4c18f8f35f59) [DEPLOYING].
2022-03-31 12:23:10,423 INFO  org.apache.flink.runtime.taskexecutor.TaskExecutor           [] - Received task DataSink (collect()) (1/1)#0 (47e99389c84b4d6883938e15125b742a), deploy into slot with allocation id 1cab3ac8f020fba1a86a14b1942496e1.
2022-03-31 12:23:10,424 INFO  org.apache.flink.runtime.taskmanager.Task                    [] - DataSink (collect()) (1/1)#0 (47e99389c84b4d6883938e15125b742a) switched from CREATED to DEPLOYING.
2022-03-31 12:23:10,424 INFO  org.apache.flink.runtime.taskmanager.Task                    [] - Loading JAR files for task DataSink (collect()) (1/1)#0 (47e99389c84b4d6883938e15125b742a) [DEPLOYING].
2022-03-31 12:23:10,425 INFO  org.apache.flink.runtime.taskmanager.Task                    [] - DataSink (collect()) (1/1)#0 (47e99389c84b4d6883938e15125b742a) switched from DEPLOYING to INITIALIZING.
2022-03-31 12:23:10,425 INFO  org.apache.flink.runtime.taskmanager.Task                    [] - CHAIN DataSource (at getDefaultTextLineDataSet(WordCountData.java:70) (org.apache.flink.api.java.io.CollectionInputFormat)) -> FlatMap (FlatMap at main(WordCount.java:84)) -> Combine (SUM(1), at main(WordCount.java:87) (1/1)#0 (750d4214ff988d4e7504debe74f7bd65) switched from DEPLOYING to INITIALIZING.
2022-03-31 12:23:10,426 INFO  org.apache.flink.runtime.taskmanager.Task                    [] - DataSink (collect()) (1/1)#0 (47e99389c84b4d6883938e15125b742a) switched from INITIALIZING to RUNNING.
2022-03-31 12:23:10,426 INFO  org.apache.flink.runtime.taskmanager.Task                    [] - CHAIN DataSource (at getDefaultTextLineDataSet(WordCountData.java:70) (org.apache.flink.api.java.io.CollectionInputFormat)) -> FlatMap (FlatMap at main(WordCount.java:84)) -> Combine (SUM(1), at main(WordCount.java:87) (1/1)#0 (750d4214ff988d4e7504debe74f7bd65) switched from INITIALIZING to RUNNING.
2022-03-31 12:23:10,426 INFO  org.apache.flink.runtime.taskmanager.Task                    [] - Reduce (SUM(1), at main(WordCount.java:87) (1/1)#0 (0d6f3bc658061809b25d4c18f8f35f59) switched from DEPLOYING to INITIALIZING.
2022-03-31 12:23:10,426 INFO  org.apache.flink.runtime.taskmanager.Task                    [] - Reduce (SUM(1), at main(WordCount.java:87) (1/1)#0 (0d6f3bc658061809b25d4c18f8f35f59) switched from INITIALIZING to RUNNING.
2022-03-31 12:23:10,435 WARN  org.apache.flink.metrics.MetricGroup                         [] - The operator name DataSource (at getDefaultTextLineDataSet(WordCountData.java:70) (org.apache.flink.api.java.io.CollectionInputFormat)) exceeded the 80 characters length limit and was truncated.
2022-03-31 12:23:10,577 INFO  org.apache.flink.runtime.taskmanager.Task                    [] - CHAIN DataSource (at getDefaultTextLineDataSet(WordCountData.java:70) (org.apache.flink.api.java.io.CollectionInputFormat)) -> FlatMap (FlatMap at main(WordCount.java:84)) -> Combine (SUM(1), at main(WordCount.java:87) (1/1)#0 (750d4214ff988d4e7504debe74f7bd65) switched from RUNNING to FINISHED.
2022-03-31 12:23:10,577 INFO  org.apache.flink.runtime.taskmanager.Task                    [] - Freeing task resources for CHAIN DataSource (at getDefaultTextLineDataSet(WordCountData.java:70) (org.apache.flink.api.java.io.CollectionInputFormat)) -> FlatMap (FlatMap at main(WordCount.java:84)) -> Combine (SUM(1), at main(WordCount.java:87) (1/1)#0 (750d4214ff988d4e7504debe74f7bd65).
2022-03-31 12:23:10,578 INFO  org.apache.flink.runtime.taskexecutor.TaskExecutor           [] - Un-registering task and sending final execution state FINISHED to JobManager for task CHAIN DataSource (at getDefaultTextLineDataSet(WordCountData.java:70) (org.apache.flink.api.java.io.CollectionInputFormat)) -> FlatMap (FlatMap at main(WordCount.java:84)) -> Combine (SUM(1), at main(WordCount.java:87) (1/1)#0 750d4214ff988d4e7504debe74f7bd65.
2022-03-31 12:23:10,638 INFO  org.apache.flink.runtime.taskmanager.Task                    [] - Reduce (SUM(1), at main(WordCount.java:87) (1/1)#0 (0d6f3bc658061809b25d4c18f8f35f59) switched from RUNNING to FINISHED.
2022-03-31 12:23:10,638 INFO  org.apache.flink.runtime.taskmanager.Task                    [] - Freeing task resources for Reduce (SUM(1), at main(WordCount.java:87) (1/1)#0 (0d6f3bc658061809b25d4c18f8f35f59).
2022-03-31 12:23:10,638 INFO  org.apache.flink.runtime.taskmanager.Task                    [] - DataSink (collect()) (1/1)#0 (47e99389c84b4d6883938e15125b742a) switched from RUNNING to FINISHED.
2022-03-31 12:23:10,639 INFO  org.apache.flink.runtime.taskmanager.Task                    [] - Freeing task resources for DataSink (collect()) (1/1)#0 (47e99389c84b4d6883938e15125b742a).
2022-03-31 12:23:10,639 INFO  org.apache.flink.runtime.taskexecutor.TaskExecutor           [] - Un-registering task and sending final execution state FINISHED to JobManager for task Reduce (SUM(1), at main(WordCount.java:87) (1/1)#0 0d6f3bc658061809b25d4c18f8f35f59.
2022-03-31 12:23:10,639 INFO  org.apache.flink.runtime.taskexecutor.TaskExecutor           [] - Un-registering task and sending final execution state FINISHED to JobManager for task DataSink (collect()) (1/1)#0 47e99389c84b4d6883938e15125b742a.
2022-03-31 12:23:10,649 INFO  org.apache.flink.runtime.taskexecutor.slot.TaskSlotTableImpl [] - Free slot TaskSlot(index:0, state:ACTIVE, resource profile: ResourceProfile{cpuCores=1, taskHeapMemory=384.000mb (402653174 bytes), taskOffHeapMemory=0 bytes, managedMemory=512.000mb (536870920 bytes), networkMemory=128.000mb (134217730 bytes)}, allocationId: 1cab3ac8f020fba1a86a14b1942496e1, jobId: 1f3187f04d2b0e60f1d0a3aba11a0d3f).
2022-03-31 12:23:10,650 INFO  org.apache.flink.runtime.taskexecutor.DefaultJobLeaderService [] - Remove job 1f3187f04d2b0e60f1d0a3aba11a0d3f from job leader monitoring.
2022-03-31 12:23:10,650 INFO  org.apache.flink.runtime.taskexecutor.TaskExecutor           [] - Close JobManager connection for job 1f3187f04d2b0e60f1d0a3aba11a0d3f.
2022-03-31 12:24:38,237 INFO  org.apache.flink.runtime.taskexecutor.TaskExecutor           [] - Receive slot request b675c06fba50bff35e4738c3cf9d2a0e for job cc20e9e9045f6067893dd69c314e5226 from resource manager with leader id 00000000000000000000000000000000.
2022-03-31 12:24:38,238 INFO  org.apache.flink.runtime.taskexecutor.TaskExecutor           [] - Allocated slot for b675c06fba50bff35e4738c3cf9d2a0e.
2022-03-31 12:24:38,238 INFO  org.apache.flink.runtime.taskexecutor.DefaultJobLeaderService [] - Add job cc20e9e9045f6067893dd69c314e5226 for job leader monitoring.
2022-03-31 12:24:38,238 INFO  org.apache.flink.runtime.taskexecutor.DefaultJobLeaderService [] - Try to register at job manager akka.tcp://flink@localhost:6123/user/rpc/jobmanager_5 with leader id 00000000-0000-0000-0000-000000000000.
2022-03-31 12:24:38,243 INFO  org.apache.flink.runtime.taskexecutor.DefaultJobLeaderService [] - Resolved JobManager address, beginning registration
2022-03-31 12:24:38,251 INFO  org.apache.flink.runtime.taskexecutor.DefaultJobLeaderService [] - Successful registration at job manager akka.tcp://flink@localhost:6123/user/rpc/jobmanager_5 for job cc20e9e9045f6067893dd69c314e5226.
2022-03-31 12:24:38,252 INFO  org.apache.flink.runtime.taskexecutor.TaskExecutor           [] - Establish JobManager connection for job cc20e9e9045f6067893dd69c314e5226.
2022-03-31 12:24:38,252 INFO  org.apache.flink.runtime.taskexecutor.TaskExecutor           [] - Offer reserved slots to the leader of job cc20e9e9045f6067893dd69c314e5226.
2022-03-31 12:24:38,274 INFO  org.apache.flink.runtime.taskexecutor.slot.TaskSlotTableImpl [] - Activate slot b675c06fba50bff35e4738c3cf9d2a0e.
2022-03-31 12:24:38,275 INFO  org.apache.flink.runtime.state.changelog.StateChangelogStorageLoader [] - Creating a changelog storage with name 'memory'.
2022-03-31 12:24:38,276 INFO  org.apache.flink.runtime.taskexecutor.TaskExecutor           [] - Received task CHAIN DataSource (at getDefaultTextLineDataSet(WordCountData.java:70) (org.apache.flink.api.java.io.CollectionInputFormat)) -> FlatMap (FlatMap at main(WordCount.java:84)) -> Combine (SUM(1), at main(WordCount.java:87) (1/1)#0 (65ab85a8e1ac7c1d98e0e2a3adb262da), deploy into slot with allocation id b675c06fba50bff35e4738c3cf9d2a0e.
2022-03-31 12:24:38,276 INFO  org.apache.flink.runtime.taskmanager.Task                    [] - CHAIN DataSource (at getDefaultTextLineDataSet(WordCountData.java:70) (org.apache.flink.api.java.io.CollectionInputFormat)) -> FlatMap (FlatMap at main(WordCount.java:84)) -> Combine (SUM(1), at main(WordCount.java:87) (1/1)#0 (65ab85a8e1ac7c1d98e0e2a3adb262da) switched from CREATED to DEPLOYING.
2022-03-31 12:24:38,277 INFO  org.apache.flink.runtime.taskexecutor.slot.TaskSlotTableImpl [] - Activate slot b675c06fba50bff35e4738c3cf9d2a0e.
2022-03-31 12:24:38,277 INFO  org.apache.flink.runtime.taskmanager.Task                    [] - Loading JAR files for task CHAIN DataSource (at getDefaultTextLineDataSet(WordCountData.java:70) (org.apache.flink.api.java.io.CollectionInputFormat)) -> FlatMap (FlatMap at main(WordCount.java:84)) -> Combine (SUM(1), at main(WordCount.java:87) (1/1)#0 (65ab85a8e1ac7c1d98e0e2a3adb262da) [DEPLOYING].
2022-03-31 12:24:38,278 INFO  org.apache.flink.runtime.blob.BlobClient                     [] - Downloading cc20e9e9045f6067893dd69c314e5226/p-e6cc461fd7498cc549b9aff9c73412198cbc713e-563d053d22c5f158c955a9622d44b9ec from localhost/127.0.0.1:51285
2022-03-31 12:24:38,278 INFO  org.apache.flink.runtime.taskexecutor.TaskExecutor           [] - Received task Reduce (SUM(1), at main(WordCount.java:87) (1/1)#0 (f08342d8cdc381585d063e470577fb40), deploy into slot with allocation id b675c06fba50bff35e4738c3cf9d2a0e.
2022-03-31 12:24:38,278 INFO  org.apache.flink.runtime.taskexecutor.slot.TaskSlotTableImpl [] - Activate slot b675c06fba50bff35e4738c3cf9d2a0e.
2022-03-31 12:24:38,278 INFO  org.apache.flink.runtime.taskmanager.Task                    [] - Reduce (SUM(1), at main(WordCount.java:87) (1/1)#0 (f08342d8cdc381585d063e470577fb40) switched from CREATED to DEPLOYING.
2022-03-31 12:24:38,279 INFO  org.apache.flink.runtime.taskmanager.Task                    [] - Loading JAR files for task Reduce (SUM(1), at main(WordCount.java:87) (1/1)#0 (f08342d8cdc381585d063e470577fb40) [DEPLOYING].
2022-03-31 12:24:38,279 INFO  org.apache.flink.runtime.taskexecutor.slot.TaskSlotTableImpl [] - Activate slot b675c06fba50bff35e4738c3cf9d2a0e.
2022-03-31 12:24:38,281 INFO  org.apache.flink.runtime.taskexecutor.TaskExecutor           [] - Received task DataSink (collect()) (1/1)#0 (7a64e2f9609307afdc558614475ebea7), deploy into slot with allocation id b675c06fba50bff35e4738c3cf9d2a0e.
2022-03-31 12:24:38,281 INFO  org.apache.flink.runtime.taskmanager.Task                    [] - DataSink (collect()) (1/1)#0 (7a64e2f9609307afdc558614475ebea7) switched from CREATED to DEPLOYING.
2022-03-31 12:24:38,282 INFO  org.apache.flink.runtime.taskmanager.Task                    [] - Loading JAR files for task DataSink (collect()) (1/1)#0 (7a64e2f9609307afdc558614475ebea7) [DEPLOYING].
2022-03-31 12:24:38,284 INFO  org.apache.flink.runtime.taskmanager.Task                    [] - CHAIN DataSource (at getDefaultTextLineDataSet(WordCountData.java:70) (org.apache.flink.api.java.io.CollectionInputFormat)) -> FlatMap (FlatMap at main(WordCount.java:84)) -> Combine (SUM(1), at main(WordCount.java:87) (1/1)#0 (65ab85a8e1ac7c1d98e0e2a3adb262da) switched from DEPLOYING to INITIALIZING.
2022-03-31 12:24:38,284 INFO  org.apache.flink.runtime.taskmanager.Task                    [] - DataSink (collect()) (1/1)#0 (7a64e2f9609307afdc558614475ebea7) switched from DEPLOYING to INITIALIZING.
2022-03-31 12:24:38,284 INFO  org.apache.flink.runtime.taskmanager.Task                    [] - CHAIN DataSource (at getDefaultTextLineDataSet(WordCountData.java:70) (org.apache.flink.api.java.io.CollectionInputFormat)) -> FlatMap (FlatMap at main(WordCount.java:84)) -> Combine (SUM(1), at main(WordCount.java:87) (1/1)#0 (65ab85a8e1ac7c1d98e0e2a3adb262da) switched from INITIALIZING to RUNNING.
2022-03-31 12:24:38,284 INFO  org.apache.flink.runtime.taskmanager.Task                    [] - DataSink (collect()) (1/1)#0 (7a64e2f9609307afdc558614475ebea7) switched from INITIALIZING to RUNNING.
2022-03-31 12:24:38,284 INFO  org.apache.flink.runtime.taskmanager.Task                    [] - Reduce (SUM(1), at main(WordCount.java:87) (1/1)#0 (f08342d8cdc381585d063e470577fb40) switched from DEPLOYING to INITIALIZING.
2022-03-31 12:24:38,288 INFO  org.apache.flink.runtime.taskmanager.Task                    [] - Reduce (SUM(1), at main(WordCount.java:87) (1/1)#0 (f08342d8cdc381585d063e470577fb40) switched from INITIALIZING to RUNNING.
2022-03-31 12:24:38,291 WARN  org.apache.flink.metrics.MetricGroup                         [] - The operator name DataSource (at getDefaultTextLineDataSet(WordCountData.java:70) (org.apache.flink.api.java.io.CollectionInputFormat)) exceeded the 80 characters length limit and was truncated.
2022-03-31 12:24:38,430 INFO  org.apache.flink.runtime.taskmanager.Task                    [] - CHAIN DataSource (at getDefaultTextLineDataSet(WordCountData.java:70) (org.apache.flink.api.java.io.CollectionInputFormat)) -> FlatMap (FlatMap at main(WordCount.java:84)) -> Combine (SUM(1), at main(WordCount.java:87) (1/1)#0 (65ab85a8e1ac7c1d98e0e2a3adb262da) switched from RUNNING to FINISHED.
2022-03-31 12:24:38,430 INFO  org.apache.flink.runtime.taskmanager.Task                    [] - Freeing task resources for CHAIN DataSource (at getDefaultTextLineDataSet(WordCountData.java:70) (org.apache.flink.api.java.io.CollectionInputFormat)) -> FlatMap (FlatMap at main(WordCount.java:84)) -> Combine (SUM(1), at main(WordCount.java:87) (1/1)#0 (65ab85a8e1ac7c1d98e0e2a3adb262da).
2022-03-31 12:24:38,431 INFO  org.apache.flink.runtime.taskexecutor.TaskExecutor           [] - Un-registering task and sending final execution state FINISHED to JobManager for task CHAIN DataSource (at getDefaultTextLineDataSet(WordCountData.java:70) (org.apache.flink.api.java.io.CollectionInputFormat)) -> FlatMap (FlatMap at main(WordCount.java:84)) -> Combine (SUM(1), at main(WordCount.java:87) (1/1)#0 65ab85a8e1ac7c1d98e0e2a3adb262da.
2022-03-31 12:24:38,479 INFO  org.apache.flink.runtime.taskmanager.Task                    [] - Reduce (SUM(1), at main(WordCount.java:87) (1/1)#0 (f08342d8cdc381585d063e470577fb40) switched from RUNNING to FINISHED.
2022-03-31 12:24:38,479 INFO  org.apache.flink.runtime.taskmanager.Task                    [] - Freeing task resources for Reduce (SUM(1), at main(WordCount.java:87) (1/1)#0 (f08342d8cdc381585d063e470577fb40).
2022-03-31 12:24:38,479 INFO  org.apache.flink.runtime.taskmanager.Task                    [] - DataSink (collect()) (1/1)#0 (7a64e2f9609307afdc558614475ebea7) switched from RUNNING to FINISHED.
2022-03-31 12:24:38,479 INFO  org.apache.flink.runtime.taskmanager.Task                    [] - Freeing task resources for DataSink (collect()) (1/1)#0 (7a64e2f9609307afdc558614475ebea7).
2022-03-31 12:24:38,479 INFO  org.apache.flink.runtime.taskexecutor.TaskExecutor           [] - Un-registering task and sending final execution state FINISHED to JobManager for task Reduce (SUM(1), at main(WordCount.java:87) (1/1)#0 f08342d8cdc381585d063e470577fb40.
2022-03-31 12:24:38,480 INFO  org.apache.flink.runtime.taskexecutor.TaskExecutor           [] - Un-registering task and sending final execution state FINISHED to JobManager for task DataSink (collect()) (1/1)#0 7a64e2f9609307afdc558614475ebea7.
2022-03-31 12:24:38,490 INFO  org.apache.flink.runtime.taskexecutor.slot.TaskSlotTableImpl [] - Free slot TaskSlot(index:0, state:ACTIVE, resource profile: ResourceProfile{cpuCores=1, taskHeapMemory=384.000mb (402653174 bytes), taskOffHeapMemory=0 bytes, managedMemory=512.000mb (536870920 bytes), networkMemory=128.000mb (134217730 bytes)}, allocationId: b675c06fba50bff35e4738c3cf9d2a0e, jobId: cc20e9e9045f6067893dd69c314e5226).
2022-03-31 12:24:38,491 INFO  org.apache.flink.runtime.taskexecutor.DefaultJobLeaderService [] - Remove job cc20e9e9045f6067893dd69c314e5226 from job leader monitoring.
2022-03-31 12:24:38,491 INFO  org.apache.flink.runtime.taskexecutor.TaskExecutor           [] - Close JobManager connection for job cc20e9e9045f6067893dd69c314e5226.
2022-03-31 12:25:19,250 INFO  org.apache.flink.runtime.taskexecutor.TaskExecutor           [] - Receive slot request 0c0a46886e257c26c9738c66d1bb8884 for job b42bb56ff577f8023f6a1a94056944d9 from resource manager with leader id 00000000000000000000000000000000.
2022-03-31 12:25:19,251 INFO  org.apache.flink.runtime.taskexecutor.TaskExecutor           [] - Allocated slot for 0c0a46886e257c26c9738c66d1bb8884.
2022-03-31 12:25:19,251 INFO  org.apache.flink.runtime.taskexecutor.DefaultJobLeaderService [] - Add job b42bb56ff577f8023f6a1a94056944d9 for job leader monitoring.
2022-03-31 12:25:19,251 INFO  org.apache.flink.runtime.taskexecutor.DefaultJobLeaderService [] - Try to register at job manager akka.tcp://flink@localhost:6123/user/rpc/jobmanager_6 with leader id 00000000-0000-0000-0000-000000000000.
2022-03-31 12:25:19,256 INFO  org.apache.flink.runtime.taskexecutor.DefaultJobLeaderService [] - Resolved JobManager address, beginning registration
2022-03-31 12:25:19,262 INFO  org.apache.flink.runtime.taskexecutor.DefaultJobLeaderService [] - Successful registration at job manager akka.tcp://flink@localhost:6123/user/rpc/jobmanager_6 for job b42bb56ff577f8023f6a1a94056944d9.
2022-03-31 12:25:19,263 INFO  org.apache.flink.runtime.taskexecutor.TaskExecutor           [] - Establish JobManager connection for job b42bb56ff577f8023f6a1a94056944d9.
2022-03-31 12:25:19,263 INFO  org.apache.flink.runtime.taskexecutor.TaskExecutor           [] - Offer reserved slots to the leader of job b42bb56ff577f8023f6a1a94056944d9.
2022-03-31 12:25:19,273 INFO  org.apache.flink.runtime.taskexecutor.slot.TaskSlotTableImpl [] - Activate slot 0c0a46886e257c26c9738c66d1bb8884.
2022-03-31 12:25:19,274 INFO  org.apache.flink.runtime.state.changelog.StateChangelogStorageLoader [] - Creating a changelog storage with name 'memory'.
2022-03-31 12:25:19,274 INFO  org.apache.flink.runtime.taskexecutor.TaskExecutor           [] - Received task Source: Collection Source -> Flat Map (1/1)#0 (d852cc48daf7bc178d9eed49a36e3fb2), deploy into slot with allocation id 0c0a46886e257c26c9738c66d1bb8884.
2022-03-31 12:25:19,275 INFO  org.apache.flink.runtime.taskexecutor.slot.TaskSlotTableImpl [] - Activate slot 0c0a46886e257c26c9738c66d1bb8884.
2022-03-31 12:25:19,274 INFO  org.apache.flink.runtime.taskmanager.Task                    [] - Source: Collection Source -> Flat Map (1/1)#0 (d852cc48daf7bc178d9eed49a36e3fb2) switched from CREATED to DEPLOYING.
2022-03-31 12:25:19,275 INFO  org.apache.flink.runtime.taskexecutor.slot.TaskSlotTableImpl [] - Activate slot 0c0a46886e257c26c9738c66d1bb8884.
2022-03-31 12:25:19,275 INFO  org.apache.flink.runtime.taskmanager.Task                    [] - Loading JAR files for task Source: Collection Source -> Flat Map (1/1)#0 (d852cc48daf7bc178d9eed49a36e3fb2) [DEPLOYING].
2022-03-31 12:25:19,276 INFO  org.apache.flink.runtime.blob.BlobClient                     [] - Downloading b42bb56ff577f8023f6a1a94056944d9/p-b4470cc914df35a863f516672db18f9d358890ce-57fe9923f1a39e78a7e6d249fb0aeffe from localhost/127.0.0.1:51285
2022-03-31 12:25:19,277 INFO  org.apache.flink.runtime.taskexecutor.TaskExecutor           [] - Received task Keyed Aggregation -> Sink: Print to Std. Out (1/1)#0 (316ba30b36bdba269ec1af091b669c10), deploy into slot with allocation id 0c0a46886e257c26c9738c66d1bb8884.
2022-03-31 12:25:19,278 INFO  org.apache.flink.runtime.taskmanager.Task                    [] - Keyed Aggregation -> Sink: Print to Std. Out (1/1)#0 (316ba30b36bdba269ec1af091b669c10) switched from CREATED to DEPLOYING.
2022-03-31 12:25:19,278 INFO  org.apache.flink.runtime.taskmanager.Task                    [] - Loading JAR files for task Keyed Aggregation -> Sink: Print to Std. Out (1/1)#0 (316ba30b36bdba269ec1af091b669c10) [DEPLOYING].
2022-03-31 12:25:19,280 INFO  org.apache.flink.streaming.runtime.tasks.StreamTask          [] - No state backend has been configured, using default (HashMap) org.apache.flink.runtime.state.hashmap.HashMapStateBackend@abfdd468
2022-03-31 12:25:19,280 INFO  org.apache.flink.runtime.state.StateBackendLoader            [] - State backend loader loads the state backend as HashMapStateBackend
2022-03-31 12:25:19,280 INFO  org.apache.flink.streaming.runtime.tasks.StreamTask          [] - Checkpoint storage is set to 'jobmanager'
2022-03-31 12:25:19,280 INFO  org.apache.flink.runtime.taskmanager.Task                    [] - Keyed Aggregation -> Sink: Print to Std. Out (1/1)#0 (316ba30b36bdba269ec1af091b669c10) switched from DEPLOYING to INITIALIZING.
2022-03-31 12:25:19,283 INFO  org.apache.flink.streaming.runtime.tasks.StreamTask          [] - No state backend has been configured, using default (HashMap) org.apache.flink.runtime.state.hashmap.HashMapStateBackend@38aa15b7
2022-03-31 12:25:19,283 INFO  org.apache.flink.runtime.state.StateBackendLoader            [] - State backend loader loads the state backend as HashMapStateBackend
2022-03-31 12:25:19,283 INFO  org.apache.flink.streaming.runtime.tasks.StreamTask          [] - Checkpoint storage is set to 'jobmanager'
2022-03-31 12:25:19,284 INFO  org.apache.flink.runtime.taskmanager.Task                    [] - Source: Collection Source -> Flat Map (1/1)#0 (d852cc48daf7bc178d9eed49a36e3fb2) switched from DEPLOYING to INITIALIZING.
2022-03-31 12:25:19,285 INFO  org.apache.flink.runtime.state.heap.HeapKeyedStateBackendBuilder [] - Finished to build heap keyed state-backend.
2022-03-31 12:25:19,285 INFO  org.apache.flink.runtime.state.heap.HeapKeyedStateBackend    [] - Initializing heap keyed state backend with stream factory.
2022-03-31 12:25:19,287 INFO  org.apache.flink.runtime.taskmanager.Task                    [] - Keyed Aggregation -> Sink: Print to Std. Out (1/1)#0 (316ba30b36bdba269ec1af091b669c10) switched from INITIALIZING to RUNNING.
2022-03-31 12:25:19,288 INFO  org.apache.flink.runtime.taskmanager.Task                    [] - Source: Collection Source -> Flat Map (1/1)#0 (d852cc48daf7bc178d9eed49a36e3fb2) switched from INITIALIZING to RUNNING.
2022-03-31 12:25:19,292 INFO  org.apache.flink.runtime.taskmanager.Task                    [] - Source: Collection Source -> Flat Map (1/1)#0 (d852cc48daf7bc178d9eed49a36e3fb2) switched from RUNNING to FINISHED.
2022-03-31 12:25:19,292 INFO  org.apache.flink.runtime.taskmanager.Task                    [] - Freeing task resources for Source: Collection Source -> Flat Map (1/1)#0 (d852cc48daf7bc178d9eed49a36e3fb2).
2022-03-31 12:25:19,292 INFO  org.apache.flink.runtime.taskexecutor.TaskExecutor           [] - Un-registering task and sending final execution state FINISHED to JobManager for task Source: Collection Source -> Flat Map (1/1)#0 d852cc48daf7bc178d9eed49a36e3fb2.
2022-03-31 12:25:19,311 INFO  org.apache.flink.runtime.taskmanager.Task                    [] - Keyed Aggregation -> Sink: Print to Std. Out (1/1)#0 (316ba30b36bdba269ec1af091b669c10) switched from RUNNING to FINISHED.
2022-03-31 12:25:19,311 INFO  org.apache.flink.runtime.taskmanager.Task                    [] - Freeing task resources for Keyed Aggregation -> Sink: Print to Std. Out (1/1)#0 (316ba30b36bdba269ec1af091b669c10).
2022-03-31 12:25:19,311 INFO  org.apache.flink.runtime.taskexecutor.TaskExecutor           [] - Un-registering task and sending final execution state FINISHED to JobManager for task Keyed Aggregation -> Sink: Print to Std. Out (1/1)#0 316ba30b36bdba269ec1af091b669c10.
2022-03-31 12:25:19,320 INFO  org.apache.flink.runtime.taskexecutor.slot.TaskSlotTableImpl [] - Free slot TaskSlot(index:0, state:ACTIVE, resource profile: ResourceProfile{cpuCores=1, taskHeapMemory=384.000mb (402653174 bytes), taskOffHeapMemory=0 bytes, managedMemory=512.000mb (536870920 bytes), networkMemory=128.000mb (134217730 bytes)}, allocationId: 0c0a46886e257c26c9738c66d1bb8884, jobId: b42bb56ff577f8023f6a1a94056944d9).
2022-03-31 12:25:19,321 INFO  org.apache.flink.runtime.taskexecutor.DefaultJobLeaderService [] - Remove job b42bb56ff577f8023f6a1a94056944d9 from job leader monitoring.
2022-03-31 12:25:19,321 INFO  org.apache.flink.runtime.taskexecutor.TaskExecutor           [] - Close JobManager connection for job b42bb56ff577f8023f6a1a94056944d9.
2022-03-31 12:50:57,401 INFO  org.apache.flink.runtime.taskexecutor.TaskManagerRunner      [] - RECEIVED SIGNAL 15: SIGTERM. Shutting down as requested.
2022-03-31 12:50:57,402 INFO  org.apache.flink.runtime.blob.TransientBlobCache             [] - Shutting down BLOB cache
2022-03-31 12:50:57,403 INFO  org.apache.flink.runtime.state.TaskExecutorStateChangelogStoragesManager [] - Shutting down TaskExecutorStateChangelogStoragesManager.
2022-03-31 12:50:57,404 INFO  org.apache.flink.runtime.state.TaskExecutorLocalStateStoresManager [] - Shutting down TaskExecutorLocalStateStoresManager.
2022-03-31 12:50:57,403 INFO  org.apache.flink.runtime.blob.PermanentBlobCache             [] - Shutting down BLOB cache
2022-03-31 12:50:57,405 INFO  org.apache.flink.runtime.filecache.FileCache                 [] - removed file cache directory /var/folders/9q/m8t4_d457_j76vmbq0fy3y5h0000gq/T/flink-dist-cache-7019f978-8400-4b7e-ba71-69c5dd1db4f0
