2022-06-20 17:02:00,226 INFO  org.apache.flink.runtime.taskexecutor.TaskManagerRunner      [] - --------------------------------------------------------------------------------
2022-06-20 17:02:00,227 INFO  org.apache.flink.runtime.taskexecutor.TaskManagerRunner      [] -  Preconfiguration: 
2022-06-20 17:02:00,227 INFO  org.apache.flink.runtime.taskexecutor.TaskManagerRunner      [] - 


RESOURCE_PARAMS extraction logs:
jvm_params: -Xmx3506438084 -Xms3506438084 -XX:MaxDirectMemorySize=862348912 -XX:MaxMetaspaceSize=268435456
dynamic_configs: -D taskmanager.memory.network.min=728131184b -D taskmanager.cpu.cores=1.0 -D taskmanager.memory.task.off-heap.size=0b -D taskmanager.memory.jvm-metaspace.size=268435456b -D external-resources=none -D taskmanager.memory.jvm-overhead.min=838860812b -D taskmanager.memory.framework.off-heap.size=134217728b -D taskmanager.memory.network.max=728131184b -D taskmanager.memory.framework.heap.size=134217728b -D taskmanager.memory.managed.size=2912524736b -D taskmanager.memory.task.heap.size=3372220356b -D taskmanager.numberOfTaskSlots=1 -D taskmanager.memory.jvm-overhead.max=838860812b
logs: WARNING: sun.reflect.Reflection.getCallerClass is not supported. This will impact performance.
INFO  [] - Loading configuration property: jobmanager.rpc.address, 192.168.178.56
INFO  [] - Loading configuration property: taskmanager.rpc.address, 192.168.178.57
INFO  [] - Loading configuration property: jobmanager.rpc.port, 6123
INFO  [] - Loading configuration property: jobmanager.memory.process.size, 10000m
INFO  [] - Loading configuration property: taskmanager.memory.process.size, 8000m
INFO  [] - Loading configuration property: taskmanager.numberOfTaskSlots, 1
INFO  [] - Loading configuration property: parallelism.default, 1
INFO  [] - Loading configuration property: jobmanager.execution.failover-strategy, region
INFO  [] - Final TaskExecutor Memory configuration:
INFO  [] -   Total Process Memory:          7.813gb (8388608000 bytes)
INFO  [] -     Total Flink Memory:          6.781gb (7281311732 bytes)
INFO  [] -       Total JVM Heap Memory:     3.266gb (3506438084 bytes)
INFO  [] -         Framework:               128.000mb (134217728 bytes)
INFO  [] -         Task:                    3.141gb (3372220356 bytes)
INFO  [] -       Total Off-heap Memory:     3.516gb (3774873648 bytes)
INFO  [] -         Managed:                 2.713gb (2912524736 bytes)
INFO  [] -         Total JVM Direct Memory: 822.400mb (862348912 bytes)
INFO  [] -           Framework:             128.000mb (134217728 bytes)
INFO  [] -           Task:                  0 bytes
INFO  [] -           Network:               694.400mb (728131184 bytes)
INFO  [] -     JVM Metaspace:               256.000mb (268435456 bytes)
INFO  [] -     JVM Overhead:                800.000mb (838860812 bytes)

2022-06-20 17:02:00,228 INFO  org.apache.flink.runtime.taskexecutor.TaskManagerRunner      [] - --------------------------------------------------------------------------------
2022-06-20 17:02:00,228 INFO  org.apache.flink.runtime.taskexecutor.TaskManagerRunner      [] -  Starting TaskManager (Version: 1.14.4, Scala: 2.12, Rev:895c609, Date:2022-02-25T11:57:14+01:00)
2022-06-20 17:02:00,228 INFO  org.apache.flink.runtime.taskexecutor.TaskManagerRunner      [] -  OS current user: alex
2022-06-20 17:02:00,228 INFO  org.apache.flink.runtime.taskexecutor.TaskManagerRunner      [] -  Current Hadoop/Kerberos user: <no hadoop dependency found>
2022-06-20 17:02:00,228 INFO  org.apache.flink.runtime.taskexecutor.TaskManagerRunner      [] -  JVM: OpenJDK 64-Bit Server VM - Oracle Corporation - 11/11.0.15+10
2022-06-20 17:02:00,228 INFO  org.apache.flink.runtime.taskexecutor.TaskManagerRunner      [] -  Maximum heap size: 3344 MiBytes
2022-06-20 17:02:00,228 INFO  org.apache.flink.runtime.taskexecutor.TaskManagerRunner      [] -  JAVA_HOME: /usr/lib/jvm/java-11-openjdk
2022-06-20 17:02:00,229 INFO  org.apache.flink.runtime.taskexecutor.TaskManagerRunner      [] -  No Hadoop Dependency available
2022-06-20 17:02:00,229 INFO  org.apache.flink.runtime.taskexecutor.TaskManagerRunner      [] -  JVM Options:
2022-06-20 17:02:00,229 INFO  org.apache.flink.runtime.taskexecutor.TaskManagerRunner      [] -     -XX:+UseG1GC
2022-06-20 17:02:00,229 INFO  org.apache.flink.runtime.taskexecutor.TaskManagerRunner      [] -     -Xmx3506438084
2022-06-20 17:02:00,229 INFO  org.apache.flink.runtime.taskexecutor.TaskManagerRunner      [] -     -Xms3506438084
2022-06-20 17:02:00,229 INFO  org.apache.flink.runtime.taskexecutor.TaskManagerRunner      [] -     -XX:MaxDirectMemorySize=862348912
2022-06-20 17:02:00,229 INFO  org.apache.flink.runtime.taskexecutor.TaskManagerRunner      [] -     -XX:MaxMetaspaceSize=268435456
2022-06-20 17:02:00,229 INFO  org.apache.flink.runtime.taskexecutor.TaskManagerRunner      [] -     -Dlog.file=/home/alex/0_Projects/ba-spark-koenemann/Environments/FlinkEnv/flink-1.14.4/log/flink-alex-taskexecutor-0-expensivefuck.log
2022-06-20 17:02:00,229 INFO  org.apache.flink.runtime.taskexecutor.TaskManagerRunner      [] -     -Dlog4j.configuration=file:/home/alex/0_Projects/ba-spark-koenemann/Environments/FlinkEnv/flink-1.14.4/conf/log4j-console.properties
2022-06-20 17:02:00,230 INFO  org.apache.flink.runtime.taskexecutor.TaskManagerRunner      [] -     -Dlog4j.configurationFile=file:/home/alex/0_Projects/ba-spark-koenemann/Environments/FlinkEnv/flink-1.14.4/conf/log4j-console.properties
2022-06-20 17:02:00,230 INFO  org.apache.flink.runtime.taskexecutor.TaskManagerRunner      [] -     -Dlogback.configurationFile=file:/home/alex/0_Projects/ba-spark-koenemann/Environments/FlinkEnv/flink-1.14.4/conf/logback-console.xml
2022-06-20 17:02:00,230 INFO  org.apache.flink.runtime.taskexecutor.TaskManagerRunner      [] -  Program Arguments:
2022-06-20 17:02:00,231 INFO  org.apache.flink.runtime.taskexecutor.TaskManagerRunner      [] -     --configDir
2022-06-20 17:02:00,231 INFO  org.apache.flink.runtime.taskexecutor.TaskManagerRunner      [] -     /home/alex/0_Projects/ba-spark-koenemann/Environments/FlinkEnv/flink-1.14.4/conf
2022-06-20 17:02:00,231 INFO  org.apache.flink.runtime.taskexecutor.TaskManagerRunner      [] -     -D
2022-06-20 17:02:00,231 INFO  org.apache.flink.runtime.taskexecutor.TaskManagerRunner      [] -     taskmanager.memory.network.min=728131184b
2022-06-20 17:02:00,231 INFO  org.apache.flink.runtime.taskexecutor.TaskManagerRunner      [] -     -D
2022-06-20 17:02:00,232 INFO  org.apache.flink.runtime.taskexecutor.TaskManagerRunner      [] -     taskmanager.cpu.cores=1.0
2022-06-20 17:02:00,232 INFO  org.apache.flink.runtime.taskexecutor.TaskManagerRunner      [] -     -D
2022-06-20 17:02:00,232 INFO  org.apache.flink.runtime.taskexecutor.TaskManagerRunner      [] -     taskmanager.memory.task.off-heap.size=0b
2022-06-20 17:02:00,232 INFO  org.apache.flink.runtime.taskexecutor.TaskManagerRunner      [] -     -D
2022-06-20 17:02:00,232 INFO  org.apache.flink.runtime.taskexecutor.TaskManagerRunner      [] -     taskmanager.memory.jvm-metaspace.size=268435456b
2022-06-20 17:02:00,232 INFO  org.apache.flink.runtime.taskexecutor.TaskManagerRunner      [] -     -D
2022-06-20 17:02:00,232 INFO  org.apache.flink.runtime.taskexecutor.TaskManagerRunner      [] -     external-resources=none
2022-06-20 17:02:00,232 INFO  org.apache.flink.runtime.taskexecutor.TaskManagerRunner      [] -     -D
2022-06-20 17:02:00,232 INFO  org.apache.flink.runtime.taskexecutor.TaskManagerRunner      [] -     taskmanager.memory.jvm-overhead.min=838860812b
2022-06-20 17:02:00,232 INFO  org.apache.flink.runtime.taskexecutor.TaskManagerRunner      [] -     -D
2022-06-20 17:02:00,233 INFO  org.apache.flink.runtime.taskexecutor.TaskManagerRunner      [] -     taskmanager.memory.framework.off-heap.size=134217728b
2022-06-20 17:02:00,233 INFO  org.apache.flink.runtime.taskexecutor.TaskManagerRunner      [] -     -D
2022-06-20 17:02:00,233 INFO  org.apache.flink.runtime.taskexecutor.TaskManagerRunner      [] -     taskmanager.memory.network.max=728131184b
2022-06-20 17:02:00,233 INFO  org.apache.flink.runtime.taskexecutor.TaskManagerRunner      [] -     -D
2022-06-20 17:02:00,233 INFO  org.apache.flink.runtime.taskexecutor.TaskManagerRunner      [] -     taskmanager.memory.framework.heap.size=134217728b
2022-06-20 17:02:00,233 INFO  org.apache.flink.runtime.taskexecutor.TaskManagerRunner      [] -     -D
2022-06-20 17:02:00,233 INFO  org.apache.flink.runtime.taskexecutor.TaskManagerRunner      [] -     taskmanager.memory.managed.size=2912524736b
2022-06-20 17:02:00,233 INFO  org.apache.flink.runtime.taskexecutor.TaskManagerRunner      [] -     -D
2022-06-20 17:02:00,233 INFO  org.apache.flink.runtime.taskexecutor.TaskManagerRunner      [] -     taskmanager.memory.task.heap.size=3372220356b
2022-06-20 17:02:00,234 INFO  org.apache.flink.runtime.taskexecutor.TaskManagerRunner      [] -     -D
2022-06-20 17:02:00,234 INFO  org.apache.flink.runtime.taskexecutor.TaskManagerRunner      [] -     taskmanager.numberOfTaskSlots=1
2022-06-20 17:02:00,234 INFO  org.apache.flink.runtime.taskexecutor.TaskManagerRunner      [] -     -D
2022-06-20 17:02:00,234 INFO  org.apache.flink.runtime.taskexecutor.TaskManagerRunner      [] -     taskmanager.memory.jvm-overhead.max=838860812b
2022-06-20 17:02:00,234 INFO  org.apache.flink.runtime.taskexecutor.TaskManagerRunner      [] -  Classpath: /home/alex/0_Projects/ba-spark-koenemann/Environments/FlinkEnv/flink-1.14.4/lib/flink-csv-1.14.4.jar:/home/alex/0_Projects/ba-spark-koenemann/Environments/FlinkEnv/flink-1.14.4/lib/flink-json-1.14.4.jar:/home/alex/0_Projects/ba-spark-koenemann/Environments/FlinkEnv/flink-1.14.4/lib/flink-shaded-zookeeper-3.4.14.jar:/home/alex/0_Projects/ba-spark-koenemann/Environments/FlinkEnv/flink-1.14.4/lib/flink-table_2.12-1.14.4.jar:/home/alex/0_Projects/ba-spark-koenemann/Environments/FlinkEnv/flink-1.14.4/lib/log4j-1.2-api-2.17.1.jar:/home/alex/0_Projects/ba-spark-koenemann/Environments/FlinkEnv/flink-1.14.4/lib/log4j-api-2.17.1.jar:/home/alex/0_Projects/ba-spark-koenemann/Environments/FlinkEnv/flink-1.14.4/lib/log4j-core-2.17.1.jar:/home/alex/0_Projects/ba-spark-koenemann/Environments/FlinkEnv/flink-1.14.4/lib/log4j-slf4j-impl-2.17.1.jar:/home/alex/0_Projects/ba-spark-koenemann/Environments/FlinkEnv/flink-1.14.4/lib/flink-dist_2.12-1.14.4.jar:::
2022-06-20 17:02:00,234 INFO  org.apache.flink.runtime.taskexecutor.TaskManagerRunner      [] - --------------------------------------------------------------------------------
2022-06-20 17:02:00,235 INFO  org.apache.flink.runtime.taskexecutor.TaskManagerRunner      [] - Registered UNIX signal handlers for [TERM, HUP, INT]
2022-06-20 17:02:00,237 INFO  org.apache.flink.runtime.taskexecutor.TaskManagerRunner      [] - Maximum number of open file descriptors is 524288.
2022-06-20 17:02:00,243 INFO  org.apache.flink.configuration.GlobalConfiguration           [] - Loading configuration property: jobmanager.rpc.address, 192.168.178.56
2022-06-20 17:02:00,243 INFO  org.apache.flink.configuration.GlobalConfiguration           [] - Loading configuration property: taskmanager.rpc.address, 192.168.178.57
2022-06-20 17:02:00,243 INFO  org.apache.flink.configuration.GlobalConfiguration           [] - Loading configuration property: jobmanager.rpc.port, 6123
2022-06-20 17:02:00,243 INFO  org.apache.flink.configuration.GlobalConfiguration           [] - Loading configuration property: jobmanager.memory.process.size, 10000m
2022-06-20 17:02:00,244 INFO  org.apache.flink.configuration.GlobalConfiguration           [] - Loading configuration property: taskmanager.memory.process.size, 8000m
2022-06-20 17:02:00,244 INFO  org.apache.flink.configuration.GlobalConfiguration           [] - Loading configuration property: taskmanager.numberOfTaskSlots, 1
2022-06-20 17:02:00,244 INFO  org.apache.flink.configuration.GlobalConfiguration           [] - Loading configuration property: parallelism.default, 1
2022-06-20 17:02:00,244 INFO  org.apache.flink.configuration.GlobalConfiguration           [] - Loading configuration property: jobmanager.execution.failover-strategy, region
2022-06-20 17:02:00,290 INFO  org.apache.flink.core.fs.FileSystem                          [] - Hadoop is not in the classpath/dependencies. The extended set of supported File Systems via Hadoop is not available.
2022-06-20 17:02:00,327 INFO  org.apache.flink.runtime.state.changelog.StateChangelogStorageLoader [] - StateChangelogStorageLoader initialized with shortcut names {memory}.
2022-06-20 17:02:00,332 INFO  org.apache.flink.runtime.state.changelog.StateChangelogStorageLoader [] - StateChangelogStorageLoader initialized with shortcut names {memory}.
2022-06-20 17:02:00,345 INFO  org.apache.flink.runtime.security.modules.HadoopModuleFactory [] - Cannot create Hadoop Security Module because Hadoop cannot be found in the Classpath.
2022-06-20 17:02:00,355 INFO  org.apache.flink.runtime.security.modules.JaasModule         [] - Jaas file will be created as /tmp/jaas-17189124197574278361.conf.
2022-06-20 17:02:00,360 INFO  org.apache.flink.runtime.security.contexts.HadoopSecurityContextFactory [] - Cannot install HadoopSecurityContext because Hadoop cannot be found in the Classpath.
2022-06-20 17:02:00,631 INFO  org.apache.flink.configuration.Configuration                 [] - Config uses fallback configuration key 'jobmanager.rpc.address' instead of key 'rest.address'
2022-06-20 17:02:00,638 INFO  org.apache.flink.runtime.util.LeaderRetrievalUtils           [] - Trying to select the network interface and address to use by connecting to the leading JobManager.
2022-06-20 17:02:00,638 INFO  org.apache.flink.runtime.util.LeaderRetrievalUtils           [] - TaskManager will try to connect for PT10S before falling back to heuristics
2022-06-20 17:02:00,849 INFO  org.apache.flink.runtime.taskexecutor.TaskManagerRunner      [] - TaskManager will use hostname/address '192.168.0.1' (192.168.0.1) for communication.
2022-06-20 17:02:00,883 INFO  org.apache.flink.runtime.rpc.akka.AkkaRpcServiceUtils        [] - Trying to start actor system, external address 192.168.0.1:0, bind address 0.0.0.0:0.
2022-06-20 17:02:01,310 INFO  akka.event.slf4j.Slf4jLogger                                 [] - Slf4jLogger started
2022-06-20 17:02:01,340 INFO  akka.remote.RemoteActorRefProvider                           [] - Akka Cluster not in use - enabling unsafe features anyway because `akka.remote.use-unsafe-remote-features-outside-cluster` has been enabled.
2022-06-20 17:02:01,340 INFO  akka.remote.Remoting                                         [] - Starting remoting
2022-06-20 17:02:01,483 INFO  akka.remote.Remoting                                         [] - Remoting started; listening on addresses :[akka.tcp://flink@192.168.0.1:37701]
2022-06-20 17:02:01,580 INFO  org.apache.flink.runtime.rpc.akka.AkkaRpcServiceUtils        [] - Actor system started at akka.tcp://flink@192.168.0.1:37701
2022-06-20 17:02:01,597 INFO  org.apache.flink.runtime.metrics.MetricRegistryImpl          [] - No metrics reporter configured, no metrics will be exposed/reported.
2022-06-20 17:02:01,601 INFO  org.apache.flink.runtime.rpc.akka.AkkaRpcServiceUtils        [] - Trying to start actor system, external address 192.168.0.1:0, bind address 0.0.0.0:0.
2022-06-20 17:02:01,620 INFO  akka.event.slf4j.Slf4jLogger                                 [] - Slf4jLogger started
2022-06-20 17:02:01,626 INFO  akka.remote.RemoteActorRefProvider                           [] - Akka Cluster not in use - enabling unsafe features anyway because `akka.remote.use-unsafe-remote-features-outside-cluster` has been enabled.
2022-06-20 17:02:01,626 INFO  akka.remote.Remoting                                         [] - Starting remoting
2022-06-20 17:02:01,634 INFO  akka.remote.Remoting                                         [] - Remoting started; listening on addresses :[akka.tcp://flink-metrics@192.168.0.1:38683]
2022-06-20 17:02:01,649 INFO  org.apache.flink.runtime.rpc.akka.AkkaRpcServiceUtils        [] - Actor system started at akka.tcp://flink-metrics@192.168.0.1:38683
2022-06-20 17:02:01,663 INFO  org.apache.flink.runtime.rpc.akka.AkkaRpcService             [] - Starting RPC endpoint for org.apache.flink.runtime.metrics.dump.MetricQueryService at akka://flink-metrics/user/rpc/MetricQueryService_192.168.0.1:37701-505bc5 .
2022-06-20 17:02:01,677 INFO  org.apache.flink.runtime.blob.PermanentBlobCache             [] - Created BLOB cache storage directory /tmp/blobStore-d8d3d315-6be8-4492-a515-a5a5174f56df
2022-06-20 17:02:01,680 INFO  org.apache.flink.runtime.blob.TransientBlobCache             [] - Created BLOB cache storage directory /tmp/blobStore-8e84772c-ab3f-4593-8157-9a3043f8bc72
2022-06-20 17:02:01,684 INFO  org.apache.flink.runtime.externalresource.ExternalResourceUtils [] - Enabled external resources: []
2022-06-20 17:02:01,684 INFO  org.apache.flink.runtime.taskexecutor.TaskManagerRunner      [] - Starting TaskManager with ResourceID: 192.168.0.1:37701-505bc5
2022-06-20 17:02:01,707 INFO  org.apache.flink.runtime.taskexecutor.TaskManagerServices    [] - Temporary file directory '/tmp': total 3 GB, usable 3 GB (100.00% usable)
2022-06-20 17:02:01,711 INFO  org.apache.flink.runtime.io.disk.iomanager.IOManager         [] - Created a new FileChannelManager for spilling of task related data to disk (joins, sorting, ...). Used directories:
	/tmp/flink-io-3c94b598-db0c-4ea1-901d-58d122e53ea9
2022-06-20 17:02:01,719 INFO  org.apache.flink.runtime.io.network.netty.NettyConfig        [] - NettyConfig [server address: /0.0.0.0, server port: 0, ssl enabled: false, memory segment size (bytes): 32768, transport type: AUTO, number of server threads: 1 (manual), number of client threads: 1 (manual), server connect backlog: 0 (use Netty's default), client connect timeout (sec): 120, send/receive buffer size (bytes): 0 (use Netty's default)]
2022-06-20 17:02:01,722 INFO  org.apache.flink.runtime.io.network.NettyShuffleServiceFactory [] - Created a new FileChannelManager for storing result partitions of BLOCKING shuffles. Used directories:
	/tmp/flink-netty-shuffle-546e4738-d708-46d7-ae47-3cc03f26fb23
2022-06-20 17:02:02,068 INFO  org.apache.flink.runtime.io.network.buffer.NetworkBufferPool [] - Allocated 694 MB for network buffer pool (number of memory segments: 22220, bytes per segment: 32768).
2022-06-20 17:02:02,076 INFO  org.apache.flink.runtime.io.network.NettyShuffleEnvironment  [] - Starting the network environment and its components.
2022-06-20 17:02:02,120 INFO  org.apache.flink.runtime.io.network.netty.NettyClient        [] - Transport type 'auto': using EPOLL.
2022-06-20 17:02:02,122 INFO  org.apache.flink.runtime.io.network.netty.NettyClient        [] - Successful initialization (took 45 ms).
2022-06-20 17:02:02,125 INFO  org.apache.flink.runtime.io.network.netty.NettyServer        [] - Transport type 'auto': using EPOLL.
2022-06-20 17:02:02,153 INFO  org.apache.flink.runtime.io.network.netty.NettyServer        [] - Successful initialization (took 30 ms). Listening on SocketAddress /0:0:0:0:0:0:0:0%0:42245.
2022-06-20 17:02:02,157 INFO  org.apache.flink.runtime.taskexecutor.KvStateService         [] - Starting the kvState service and its components.
2022-06-20 17:02:02,178 INFO  org.apache.flink.runtime.rpc.akka.AkkaRpcService             [] - Starting RPC endpoint for org.apache.flink.runtime.taskexecutor.TaskExecutor at akka://flink/user/rpc/taskmanager_0 .
2022-06-20 17:02:02,194 INFO  org.apache.flink.runtime.taskexecutor.DefaultJobLeaderService [] - Start job leader service.
2022-06-20 17:02:02,196 INFO  org.apache.flink.runtime.filecache.FileCache                 [] - User file cache uses directory /tmp/flink-dist-cache-0aec186e-cebf-421e-90cc-ba464d577256
2022-06-20 17:02:02,198 INFO  org.apache.flink.runtime.taskexecutor.TaskExecutor           [] - Connecting to ResourceManager akka.tcp://flink@192.168.178.56:6123/user/rpc/resourcemanager_*(00000000000000000000000000000000).
2022-06-20 17:02:02,571 INFO  org.apache.flink.runtime.taskexecutor.TaskExecutor           [] - Resolved ResourceManager address, beginning registration
2022-06-20 17:02:02,837 INFO  org.apache.flink.runtime.taskexecutor.TaskExecutor           [] - Successful registration at resource manager akka.tcp://flink@192.168.178.56:6123/user/rpc/resourcemanager_* under registration id 821f4976150aa227e914dc1143042f43.
2022-06-20 17:02:28,177 INFO  org.apache.flink.runtime.taskexecutor.TaskExecutor           [] - Receive slot request e16c967b94f9388631ac447211f04ccc for job d8ce9d16384550cb195967c932c9aecd from resource manager with leader id 00000000000000000000000000000000.
2022-06-20 17:02:28,182 INFO  org.apache.flink.runtime.taskexecutor.TaskExecutor           [] - Allocated slot for e16c967b94f9388631ac447211f04ccc.
2022-06-20 17:02:28,183 INFO  org.apache.flink.runtime.taskexecutor.DefaultJobLeaderService [] - Add job d8ce9d16384550cb195967c932c9aecd for job leader monitoring.
2022-06-20 17:02:28,184 INFO  org.apache.flink.runtime.taskexecutor.DefaultJobLeaderService [] - Try to register at job manager akka.tcp://flink@192.168.178.56:6123/user/rpc/jobmanager_2 with leader id 00000000-0000-0000-0000-000000000000.
2022-06-20 17:02:28,214 INFO  org.apache.flink.runtime.taskexecutor.DefaultJobLeaderService [] - Resolved JobManager address, beginning registration
2022-06-20 17:02:28,238 INFO  org.apache.flink.runtime.taskexecutor.DefaultJobLeaderService [] - Successful registration at job manager akka.tcp://flink@192.168.178.56:6123/user/rpc/jobmanager_2 for job d8ce9d16384550cb195967c932c9aecd.
2022-06-20 17:02:28,239 INFO  org.apache.flink.runtime.taskexecutor.TaskExecutor           [] - Establish JobManager connection for job d8ce9d16384550cb195967c932c9aecd.
2022-06-20 17:02:28,241 INFO  org.apache.flink.runtime.taskexecutor.TaskExecutor           [] - Offer reserved slots to the leader of job d8ce9d16384550cb195967c932c9aecd.
2022-06-20 17:02:28,279 INFO  org.apache.flink.runtime.taskexecutor.slot.TaskSlotTableImpl [] - Activate slot e16c967b94f9388631ac447211f04ccc.
2022-06-20 17:02:28,327 INFO  org.apache.flink.runtime.taskexecutor.slot.TaskSlotTableImpl [] - Activate slot e16c967b94f9388631ac447211f04ccc.
2022-06-20 17:02:28,342 INFO  org.apache.flink.runtime.state.changelog.StateChangelogStorageLoader [] - Creating a changelog storage with name 'memory'.
2022-06-20 17:02:28,367 INFO  org.apache.flink.runtime.taskexecutor.TaskExecutor           [] - Received task Split Reader: Custom File Source -> Flat Map -> split keys to (key, 1) (2/2)#0 (f7c3200b1dbbf1662f2597e7c7ee5897), deploy into slot with allocation id e16c967b94f9388631ac447211f04ccc.
2022-06-20 17:02:28,368 INFO  org.apache.flink.runtime.taskmanager.Task                    [] - Split Reader: Custom File Source -> Flat Map -> split keys to (key, 1) (2/2)#0 (f7c3200b1dbbf1662f2597e7c7ee5897) switched from CREATED to DEPLOYING.
2022-06-20 17:02:28,373 INFO  org.apache.flink.runtime.taskmanager.Task                    [] - Loading JAR files for task Split Reader: Custom File Source -> Flat Map -> split keys to (key, 1) (2/2)#0 (f7c3200b1dbbf1662f2597e7c7ee5897) [DEPLOYING].
2022-06-20 17:02:28,373 INFO  org.apache.flink.runtime.taskexecutor.slot.TaskSlotTableImpl [] - Activate slot e16c967b94f9388631ac447211f04ccc.
2022-06-20 17:02:28,376 INFO  org.apache.flink.runtime.taskexecutor.TaskExecutor           [] - Received task aggregate count -> Filter -> Sink: Print subset of result (2/2)#0 (a6f4c32e9e4031bcc58a4faf65c1463d), deploy into slot with allocation id e16c967b94f9388631ac447211f04ccc.
2022-06-20 17:02:28,376 INFO  org.apache.flink.runtime.blob.BlobClient                     [] - Downloading d8ce9d16384550cb195967c932c9aecd/p-c18e8cc243d8b5c0583a18d5d88a67a692d35de3-1007de41b8ba25ed6bbf229a69467ad4 from /192.168.178.56:6124
2022-06-20 17:02:28,377 INFO  org.apache.flink.runtime.taskmanager.Task                    [] - aggregate count -> Filter -> Sink: Print subset of result (2/2)#0 (a6f4c32e9e4031bcc58a4faf65c1463d) switched from CREATED to DEPLOYING.
2022-06-20 17:02:28,377 INFO  org.apache.flink.runtime.taskmanager.Task                    [] - Loading JAR files for task aggregate count -> Filter -> Sink: Print subset of result (2/2)#0 (a6f4c32e9e4031bcc58a4faf65c1463d) [DEPLOYING].
2022-06-20 17:02:28,435 INFO  org.apache.flink.streaming.runtime.tasks.StreamTask          [] - No state backend has been configured, using default (HashMap) org.apache.flink.runtime.state.hashmap.HashMapStateBackend@4ab36857
2022-06-20 17:02:28,436 INFO  org.apache.flink.runtime.state.StateBackendLoader            [] - State backend loader loads the state backend as HashMapStateBackend
2022-06-20 17:02:28,437 INFO  org.apache.flink.streaming.runtime.tasks.StreamTask          [] - Checkpoint storage is set to 'jobmanager'
2022-06-20 17:02:28,447 INFO  org.apache.flink.runtime.taskmanager.Task                    [] - aggregate count -> Filter -> Sink: Print subset of result (2/2)#0 (a6f4c32e9e4031bcc58a4faf65c1463d) switched from DEPLOYING to INITIALIZING.
2022-06-20 17:02:28,640 INFO  org.apache.flink.streaming.runtime.tasks.StreamTask          [] - No state backend has been configured, using default (HashMap) org.apache.flink.runtime.state.hashmap.HashMapStateBackend@6b03ccdd
2022-06-20 17:02:28,640 INFO  org.apache.flink.runtime.state.StateBackendLoader            [] - State backend loader loads the state backend as HashMapStateBackend
2022-06-20 17:02:28,640 INFO  org.apache.flink.streaming.runtime.tasks.StreamTask          [] - Checkpoint storage is set to 'jobmanager'
2022-06-20 17:02:28,640 INFO  org.apache.flink.runtime.taskmanager.Task                    [] - Split Reader: Custom File Source -> Flat Map -> split keys to (key, 1) (2/2)#0 (f7c3200b1dbbf1662f2597e7c7ee5897) switched from DEPLOYING to INITIALIZING.
2022-06-20 17:02:28,649 INFO  org.apache.flink.configuration.GlobalConfiguration           [] - Loading configuration property: jobmanager.rpc.address, 192.168.178.56
2022-06-20 17:02:28,649 INFO  org.apache.flink.configuration.GlobalConfiguration           [] - Loading configuration property: taskmanager.rpc.address, 192.168.178.57
2022-06-20 17:02:28,650 INFO  org.apache.flink.configuration.GlobalConfiguration           [] - Loading configuration property: jobmanager.rpc.port, 6123
2022-06-20 17:02:28,650 INFO  org.apache.flink.configuration.GlobalConfiguration           [] - Loading configuration property: jobmanager.memory.process.size, 10000m
2022-06-20 17:02:28,650 INFO  org.apache.flink.configuration.GlobalConfiguration           [] - Loading configuration property: taskmanager.memory.process.size, 8000m
2022-06-20 17:02:28,650 INFO  org.apache.flink.configuration.GlobalConfiguration           [] - Loading configuration property: taskmanager.numberOfTaskSlots, 1
2022-06-20 17:02:28,650 INFO  org.apache.flink.configuration.GlobalConfiguration           [] - Loading configuration property: parallelism.default, 1
2022-06-20 17:02:28,650 INFO  org.apache.flink.configuration.GlobalConfiguration           [] - Loading configuration property: jobmanager.execution.failover-strategy, region
2022-06-20 17:02:29,498 INFO  org.apache.flink.streaming.api.functions.source.ContinuousFileReaderOperator [] - No state to restore for the ContinuousFileReaderOperator (taskIdx=1).
2022-06-20 17:02:29,503 INFO  org.apache.flink.runtime.state.heap.HeapKeyedStateBackendBuilder [] - Finished to build heap keyed state-backend.
2022-06-20 17:02:29,504 INFO  org.apache.flink.runtime.taskmanager.Task                    [] - Split Reader: Custom File Source -> Flat Map -> split keys to (key, 1) (2/2)#0 (f7c3200b1dbbf1662f2597e7c7ee5897) switched from INITIALIZING to RUNNING.
2022-06-20 17:02:29,510 INFO  org.apache.flink.runtime.state.heap.HeapKeyedStateBackend    [] - Initializing heap keyed state backend with stream factory.
2022-06-20 17:02:29,517 INFO  org.apache.flink.runtime.taskmanager.Task                    [] - aggregate count -> Filter -> Sink: Print subset of result (2/2)#0 (a6f4c32e9e4031bcc58a4faf65c1463d) switched from INITIALIZING to RUNNING.
2022-06-20 17:04:35,359 INFO  org.apache.flink.runtime.taskmanager.Task                    [] - Attempting to cancel task Split Reader: Custom File Source -> Flat Map -> split keys to (key, 1) (2/2)#0 (f7c3200b1dbbf1662f2597e7c7ee5897).
2022-06-20 17:04:35,360 INFO  org.apache.flink.runtime.taskmanager.Task                    [] - Split Reader: Custom File Source -> Flat Map -> split keys to (key, 1) (2/2)#0 (f7c3200b1dbbf1662f2597e7c7ee5897) switched from RUNNING to CANCELING.
2022-06-20 17:04:35,360 INFO  org.apache.flink.runtime.taskmanager.Task                    [] - Triggering cancellation of task code Split Reader: Custom File Source -> Flat Map -> split keys to (key, 1) (2/2)#0 (f7c3200b1dbbf1662f2597e7c7ee5897).
2022-06-20 17:04:35,365 INFO  org.apache.flink.runtime.taskmanager.Task                    [] - Attempting to cancel task aggregate count -> Filter -> Sink: Print subset of result (2/2)#0 (a6f4c32e9e4031bcc58a4faf65c1463d).
2022-06-20 17:04:35,366 INFO  org.apache.flink.runtime.taskmanager.Task                    [] - aggregate count -> Filter -> Sink: Print subset of result (2/2)#0 (a6f4c32e9e4031bcc58a4faf65c1463d) switched from RUNNING to CANCELING.
2022-06-20 17:04:35,366 INFO  org.apache.flink.runtime.taskmanager.Task                    [] - Triggering cancellation of task code aggregate count -> Filter -> Sink: Print subset of result (2/2)#0 (a6f4c32e9e4031bcc58a4faf65c1463d).
2022-06-20 17:04:35,370 INFO  org.apache.flink.runtime.taskmanager.Task                    [] - Split Reader: Custom File Source -> Flat Map -> split keys to (key, 1) (2/2)#0 (f7c3200b1dbbf1662f2597e7c7ee5897) switched from CANCELING to CANCELED.
2022-06-20 17:04:35,370 INFO  org.apache.flink.runtime.taskmanager.Task                    [] - aggregate count -> Filter -> Sink: Print subset of result (2/2)#0 (a6f4c32e9e4031bcc58a4faf65c1463d) switched from CANCELING to CANCELED.
2022-06-20 17:04:35,370 INFO  org.apache.flink.runtime.taskmanager.Task                    [] - Freeing task resources for Split Reader: Custom File Source -> Flat Map -> split keys to (key, 1) (2/2)#0 (f7c3200b1dbbf1662f2597e7c7ee5897).
2022-06-20 17:04:35,370 INFO  org.apache.flink.runtime.taskmanager.Task                    [] - Freeing task resources for aggregate count -> Filter -> Sink: Print subset of result (2/2)#0 (a6f4c32e9e4031bcc58a4faf65c1463d).
2022-06-20 17:04:35,374 INFO  org.apache.flink.runtime.taskexecutor.TaskExecutor           [] - Un-registering task and sending final execution state CANCELED to JobManager for task Split Reader: Custom File Source -> Flat Map -> split keys to (key, 1) (2/2)#0 f7c3200b1dbbf1662f2597e7c7ee5897.
2022-06-20 17:04:35,377 INFO  org.apache.flink.runtime.taskexecutor.TaskExecutor           [] - Un-registering task and sending final execution state CANCELED to JobManager for task aggregate count -> Filter -> Sink: Print subset of result (2/2)#0 a6f4c32e9e4031bcc58a4faf65c1463d.
2022-06-20 17:04:35,456 INFO  org.apache.flink.runtime.taskexecutor.slot.TaskSlotTableImpl [] - Free slot TaskSlot(index:0, state:ACTIVE, resource profile: ResourceProfile{cpuCores=1, taskHeapMemory=3.141gb (3372220356 bytes), taskOffHeapMemory=0 bytes, managedMemory=2.713gb (2912524736 bytes), networkMemory=694.400mb (728131184 bytes)}, allocationId: e16c967b94f9388631ac447211f04ccc, jobId: d8ce9d16384550cb195967c932c9aecd).
2022-06-20 17:04:35,459 INFO  org.apache.flink.runtime.taskexecutor.DefaultJobLeaderService [] - Remove job d8ce9d16384550cb195967c932c9aecd from job leader monitoring.
2022-06-20 17:04:35,459 INFO  org.apache.flink.runtime.taskexecutor.TaskExecutor           [] - Close JobManager connection for job d8ce9d16384550cb195967c932c9aecd.
2022-06-20 17:04:40,169 INFO  org.apache.flink.runtime.taskexecutor.TaskExecutor           [] - Receive slot request d232f1eff18d0157cdd2e68c600e8749 for job 0df4002d2c97d0403889c1ba2c255016 from resource manager with leader id 00000000000000000000000000000000.
2022-06-20 17:04:40,170 INFO  org.apache.flink.runtime.taskexecutor.TaskExecutor           [] - Allocated slot for d232f1eff18d0157cdd2e68c600e8749.
2022-06-20 17:04:40,171 INFO  org.apache.flink.runtime.taskexecutor.DefaultJobLeaderService [] - Add job 0df4002d2c97d0403889c1ba2c255016 for job leader monitoring.
2022-06-20 17:04:40,171 INFO  org.apache.flink.runtime.taskexecutor.DefaultJobLeaderService [] - Try to register at job manager akka.tcp://flink@192.168.178.56:6123/user/rpc/jobmanager_3 with leader id 00000000-0000-0000-0000-000000000000.
2022-06-20 17:04:40,191 INFO  org.apache.flink.runtime.taskexecutor.DefaultJobLeaderService [] - Resolved JobManager address, beginning registration
2022-06-20 17:04:40,214 INFO  org.apache.flink.runtime.taskexecutor.DefaultJobLeaderService [] - Successful registration at job manager akka.tcp://flink@192.168.178.56:6123/user/rpc/jobmanager_3 for job 0df4002d2c97d0403889c1ba2c255016.
2022-06-20 17:04:40,214 INFO  org.apache.flink.runtime.taskexecutor.TaskExecutor           [] - Establish JobManager connection for job 0df4002d2c97d0403889c1ba2c255016.
2022-06-20 17:04:40,214 INFO  org.apache.flink.runtime.taskexecutor.TaskExecutor           [] - Offer reserved slots to the leader of job 0df4002d2c97d0403889c1ba2c255016.
2022-06-20 17:04:40,243 INFO  org.apache.flink.runtime.taskexecutor.slot.TaskSlotTableImpl [] - Activate slot d232f1eff18d0157cdd2e68c600e8749.
2022-06-20 17:04:40,244 INFO  org.apache.flink.runtime.state.changelog.StateChangelogStorageLoader [] - Creating a changelog storage with name 'memory'.
2022-06-20 17:04:40,246 INFO  org.apache.flink.runtime.taskexecutor.TaskExecutor           [] - Received task Split Reader: Custom File Source -> Flat Map -> split keys to (key, 1) (2/2)#0 (c7cb0ef198157cfe7f2d385b7e0a442e), deploy into slot with allocation id d232f1eff18d0157cdd2e68c600e8749.
2022-06-20 17:04:40,246 INFO  org.apache.flink.runtime.taskmanager.Task                    [] - Split Reader: Custom File Source -> Flat Map -> split keys to (key, 1) (2/2)#0 (c7cb0ef198157cfe7f2d385b7e0a442e) switched from CREATED to DEPLOYING.
2022-06-20 17:04:40,247 INFO  org.apache.flink.runtime.taskexecutor.slot.TaskSlotTableImpl [] - Activate slot d232f1eff18d0157cdd2e68c600e8749.
2022-06-20 17:04:40,247 INFO  org.apache.flink.runtime.taskmanager.Task                    [] - Loading JAR files for task Split Reader: Custom File Source -> Flat Map -> split keys to (key, 1) (2/2)#0 (c7cb0ef198157cfe7f2d385b7e0a442e) [DEPLOYING].
2022-06-20 17:04:40,248 INFO  org.apache.flink.runtime.blob.BlobClient                     [] - Downloading 0df4002d2c97d0403889c1ba2c255016/p-c18e8cc243d8b5c0583a18d5d88a67a692d35de3-fa9c243253ed94bcaca6c9e37842c522 from cheapfuck.fritz.box/192.168.178.56:6124
2022-06-20 17:04:40,249 INFO  org.apache.flink.runtime.taskexecutor.TaskExecutor           [] - Received task aggregate count -> Filter -> Sink: Print subset of result (2/2)#0 (6eef646382cf76ec76af16a400253d98), deploy into slot with allocation id d232f1eff18d0157cdd2e68c600e8749.
2022-06-20 17:04:40,250 INFO  org.apache.flink.runtime.taskexecutor.slot.TaskSlotTableImpl [] - Activate slot d232f1eff18d0157cdd2e68c600e8749.
2022-06-20 17:04:40,250 INFO  org.apache.flink.runtime.taskmanager.Task                    [] - aggregate count -> Filter -> Sink: Print subset of result (2/2)#0 (6eef646382cf76ec76af16a400253d98) switched from CREATED to DEPLOYING.
2022-06-20 17:04:40,251 INFO  org.apache.flink.runtime.taskmanager.Task                    [] - Loading JAR files for task aggregate count -> Filter -> Sink: Print subset of result (2/2)#0 (6eef646382cf76ec76af16a400253d98) [DEPLOYING].
2022-06-20 17:04:40,276 INFO  org.apache.flink.streaming.runtime.tasks.StreamTask          [] - No state backend has been configured, using default (HashMap) org.apache.flink.runtime.state.hashmap.HashMapStateBackend@4929d7bc
2022-06-20 17:04:40,276 INFO  org.apache.flink.runtime.state.StateBackendLoader            [] - State backend loader loads the state backend as HashMapStateBackend
2022-06-20 17:04:40,276 INFO  org.apache.flink.streaming.runtime.tasks.StreamTask          [] - Checkpoint storage is set to 'jobmanager'
2022-06-20 17:04:40,277 INFO  org.apache.flink.runtime.taskmanager.Task                    [] - aggregate count -> Filter -> Sink: Print subset of result (2/2)#0 (6eef646382cf76ec76af16a400253d98) switched from DEPLOYING to INITIALIZING.
2022-06-20 17:04:40,284 INFO  org.apache.flink.streaming.runtime.tasks.StreamTask          [] - No state backend has been configured, using default (HashMap) org.apache.flink.runtime.state.hashmap.HashMapStateBackend@1b66d076
2022-06-20 17:04:40,284 INFO  org.apache.flink.runtime.state.StateBackendLoader            [] - State backend loader loads the state backend as HashMapStateBackend
2022-06-20 17:04:40,284 INFO  org.apache.flink.streaming.runtime.tasks.StreamTask          [] - Checkpoint storage is set to 'jobmanager'
2022-06-20 17:04:40,285 INFO  org.apache.flink.runtime.taskmanager.Task                    [] - Split Reader: Custom File Source -> Flat Map -> split keys to (key, 1) (2/2)#0 (c7cb0ef198157cfe7f2d385b7e0a442e) switched from DEPLOYING to INITIALIZING.
2022-06-20 17:04:40,289 INFO  org.apache.flink.runtime.state.heap.HeapKeyedStateBackendBuilder [] - Finished to build heap keyed state-backend.
2022-06-20 17:04:40,289 INFO  org.apache.flink.runtime.state.heap.HeapKeyedStateBackend    [] - Initializing heap keyed state backend with stream factory.
2022-06-20 17:04:40,291 INFO  org.apache.flink.runtime.taskmanager.Task                    [] - aggregate count -> Filter -> Sink: Print subset of result (2/2)#0 (6eef646382cf76ec76af16a400253d98) switched from INITIALIZING to RUNNING.
2022-06-20 17:04:40,295 INFO  org.apache.flink.streaming.api.functions.source.ContinuousFileReaderOperator [] - No state to restore for the ContinuousFileReaderOperator (taskIdx=1).
2022-06-20 17:04:40,297 INFO  org.apache.flink.runtime.taskmanager.Task                    [] - Split Reader: Custom File Source -> Flat Map -> split keys to (key, 1) (2/2)#0 (c7cb0ef198157cfe7f2d385b7e0a442e) switched from INITIALIZING to RUNNING.
2022-06-20 17:06:40,694 INFO  org.apache.flink.runtime.taskmanager.Task                    [] - Attempting to cancel task Split Reader: Custom File Source -> Flat Map -> split keys to (key, 1) (2/2)#0 (c7cb0ef198157cfe7f2d385b7e0a442e).
2022-06-20 17:06:40,694 INFO  org.apache.flink.runtime.taskmanager.Task                    [] - Split Reader: Custom File Source -> Flat Map -> split keys to (key, 1) (2/2)#0 (c7cb0ef198157cfe7f2d385b7e0a442e) switched from RUNNING to CANCELING.
2022-06-20 17:06:40,694 INFO  org.apache.flink.runtime.taskmanager.Task                    [] - Triggering cancellation of task code Split Reader: Custom File Source -> Flat Map -> split keys to (key, 1) (2/2)#0 (c7cb0ef198157cfe7f2d385b7e0a442e).
2022-06-20 17:06:40,696 INFO  org.apache.flink.runtime.taskmanager.Task                    [] - Attempting to cancel task aggregate count -> Filter -> Sink: Print subset of result (2/2)#0 (6eef646382cf76ec76af16a400253d98).
2022-06-20 17:06:40,696 INFO  org.apache.flink.runtime.taskmanager.Task                    [] - aggregate count -> Filter -> Sink: Print subset of result (2/2)#0 (6eef646382cf76ec76af16a400253d98) switched from RUNNING to CANCELING.
2022-06-20 17:06:40,696 INFO  org.apache.flink.runtime.taskmanager.Task                    [] - Triggering cancellation of task code aggregate count -> Filter -> Sink: Print subset of result (2/2)#0 (6eef646382cf76ec76af16a400253d98).
2022-06-20 17:06:40,696 INFO  org.apache.flink.runtime.taskmanager.Task                    [] - Split Reader: Custom File Source -> Flat Map -> split keys to (key, 1) (2/2)#0 (c7cb0ef198157cfe7f2d385b7e0a442e) switched from CANCELING to CANCELED.
2022-06-20 17:06:40,696 INFO  org.apache.flink.runtime.taskmanager.Task                    [] - Freeing task resources for Split Reader: Custom File Source -> Flat Map -> split keys to (key, 1) (2/2)#0 (c7cb0ef198157cfe7f2d385b7e0a442e).
2022-06-20 17:06:40,698 INFO  org.apache.flink.runtime.taskmanager.Task                    [] - aggregate count -> Filter -> Sink: Print subset of result (2/2)#0 (6eef646382cf76ec76af16a400253d98) switched from CANCELING to CANCELED.
2022-06-20 17:06:40,698 INFO  org.apache.flink.runtime.taskmanager.Task                    [] - Freeing task resources for aggregate count -> Filter -> Sink: Print subset of result (2/2)#0 (6eef646382cf76ec76af16a400253d98).
2022-06-20 17:06:40,699 INFO  org.apache.flink.runtime.taskexecutor.TaskExecutor           [] - Un-registering task and sending final execution state CANCELED to JobManager for task Split Reader: Custom File Source -> Flat Map -> split keys to (key, 1) (2/2)#0 c7cb0ef198157cfe7f2d385b7e0a442e.
2022-06-20 17:06:40,700 INFO  org.apache.flink.runtime.taskexecutor.TaskExecutor           [] - Un-registering task and sending final execution state CANCELED to JobManager for task aggregate count -> Filter -> Sink: Print subset of result (2/2)#0 6eef646382cf76ec76af16a400253d98.
2022-06-20 17:06:40,723 INFO  org.apache.flink.runtime.taskexecutor.slot.TaskSlotTableImpl [] - Free slot TaskSlot(index:0, state:ACTIVE, resource profile: ResourceProfile{cpuCores=1, taskHeapMemory=3.141gb (3372220356 bytes), taskOffHeapMemory=0 bytes, managedMemory=2.713gb (2912524736 bytes), networkMemory=694.400mb (728131184 bytes)}, allocationId: d232f1eff18d0157cdd2e68c600e8749, jobId: 0df4002d2c97d0403889c1ba2c255016).
2022-06-20 17:06:40,724 INFO  org.apache.flink.runtime.taskexecutor.DefaultJobLeaderService [] - Remove job 0df4002d2c97d0403889c1ba2c255016 from job leader monitoring.
2022-06-20 17:06:40,724 INFO  org.apache.flink.runtime.taskexecutor.TaskExecutor           [] - Close JobManager connection for job 0df4002d2c97d0403889c1ba2c255016.
2022-06-20 17:06:44,996 INFO  org.apache.flink.runtime.taskexecutor.TaskExecutor           [] - Receive slot request f60f0e23991856412e2951df91620379 for job 6519bd420b4f233430bf5ed71ac3cefe from resource manager with leader id 00000000000000000000000000000000.
2022-06-20 17:06:44,997 INFO  org.apache.flink.runtime.taskexecutor.TaskExecutor           [] - Allocated slot for f60f0e23991856412e2951df91620379.
2022-06-20 17:06:44,997 INFO  org.apache.flink.runtime.taskexecutor.DefaultJobLeaderService [] - Add job 6519bd420b4f233430bf5ed71ac3cefe for job leader monitoring.
2022-06-20 17:06:44,997 INFO  org.apache.flink.runtime.taskexecutor.DefaultJobLeaderService [] - Try to register at job manager akka.tcp://flink@192.168.178.56:6123/user/rpc/jobmanager_4 with leader id 00000000-0000-0000-0000-000000000000.
2022-06-20 17:06:45,020 INFO  org.apache.flink.runtime.taskexecutor.DefaultJobLeaderService [] - Resolved JobManager address, beginning registration
2022-06-20 17:06:45,045 INFO  org.apache.flink.runtime.taskexecutor.DefaultJobLeaderService [] - Successful registration at job manager akka.tcp://flink@192.168.178.56:6123/user/rpc/jobmanager_4 for job 6519bd420b4f233430bf5ed71ac3cefe.
2022-06-20 17:06:45,045 INFO  org.apache.flink.runtime.taskexecutor.TaskExecutor           [] - Establish JobManager connection for job 6519bd420b4f233430bf5ed71ac3cefe.
2022-06-20 17:06:45,045 INFO  org.apache.flink.runtime.taskexecutor.TaskExecutor           [] - Offer reserved slots to the leader of job 6519bd420b4f233430bf5ed71ac3cefe.
2022-06-20 17:06:45,095 INFO  org.apache.flink.runtime.taskexecutor.slot.TaskSlotTableImpl [] - Activate slot f60f0e23991856412e2951df91620379.
2022-06-20 17:06:45,096 INFO  org.apache.flink.runtime.state.changelog.StateChangelogStorageLoader [] - Creating a changelog storage with name 'memory'.
2022-06-20 17:06:45,096 INFO  org.apache.flink.runtime.taskexecutor.TaskExecutor           [] - Received task Source: Custom File Source (1/1)#0 (45dcc3fce0486666dc8a7d53722281c4), deploy into slot with allocation id f60f0e23991856412e2951df91620379.
2022-06-20 17:06:45,097 INFO  org.apache.flink.runtime.taskmanager.Task                    [] - Source: Custom File Source (1/1)#0 (45dcc3fce0486666dc8a7d53722281c4) switched from CREATED to DEPLOYING.
2022-06-20 17:06:45,098 INFO  org.apache.flink.runtime.taskmanager.Task                    [] - Loading JAR files for task Source: Custom File Source (1/1)#0 (45dcc3fce0486666dc8a7d53722281c4) [DEPLOYING].
2022-06-20 17:06:45,098 INFO  org.apache.flink.runtime.blob.BlobClient                     [] - Downloading 6519bd420b4f233430bf5ed71ac3cefe/p-c18e8cc243d8b5c0583a18d5d88a67a692d35de3-657100189bdf1ae66f3f91ac50981f8c from cheapfuck.fritz.box/192.168.178.56:6124
2022-06-20 17:06:45,103 INFO  org.apache.flink.runtime.taskexecutor.slot.TaskSlotTableImpl [] - Activate slot f60f0e23991856412e2951df91620379.
2022-06-20 17:06:45,105 INFO  org.apache.flink.runtime.taskexecutor.TaskExecutor           [] - Received task Split Reader: Custom File Source -> Flat Map -> split keys to (key, 1) (1/2)#0 (40874e12cd18dfcb44ed0d98476b68d8), deploy into slot with allocation id f60f0e23991856412e2951df91620379.
2022-06-20 17:06:45,106 INFO  org.apache.flink.runtime.taskmanager.Task                    [] - Split Reader: Custom File Source -> Flat Map -> split keys to (key, 1) (1/2)#0 (40874e12cd18dfcb44ed0d98476b68d8) switched from CREATED to DEPLOYING.
2022-06-20 17:06:45,107 INFO  org.apache.flink.runtime.taskmanager.Task                    [] - Loading JAR files for task Split Reader: Custom File Source -> Flat Map -> split keys to (key, 1) (1/2)#0 (40874e12cd18dfcb44ed0d98476b68d8) [DEPLOYING].
2022-06-20 17:06:45,118 INFO  org.apache.flink.runtime.taskexecutor.slot.TaskSlotTableImpl [] - Activate slot f60f0e23991856412e2951df91620379.
2022-06-20 17:06:45,121 INFO  org.apache.flink.runtime.taskexecutor.TaskExecutor           [] - Received task aggregate count -> Filter -> Sink: Print subset of result (1/2)#0 (56ff3123e60b5c61a7f70a5980391553), deploy into slot with allocation id f60f0e23991856412e2951df91620379.
2022-06-20 17:06:45,122 INFO  org.apache.flink.runtime.taskmanager.Task                    [] - aggregate count -> Filter -> Sink: Print subset of result (1/2)#0 (56ff3123e60b5c61a7f70a5980391553) switched from CREATED to DEPLOYING.
2022-06-20 17:06:45,124 INFO  org.apache.flink.runtime.taskmanager.Task                    [] - Loading JAR files for task aggregate count -> Filter -> Sink: Print subset of result (1/2)#0 (56ff3123e60b5c61a7f70a5980391553) [DEPLOYING].
2022-06-20 17:06:45,124 INFO  org.apache.flink.runtime.taskexecutor.slot.TaskSlotTableImpl [] - Activate slot f60f0e23991856412e2951df91620379.
2022-06-20 17:06:45,132 INFO  org.apache.flink.streaming.runtime.tasks.StreamTask          [] - No state backend has been configured, using default (HashMap) org.apache.flink.runtime.state.hashmap.HashMapStateBackend@51eaef84
2022-06-20 17:06:45,133 INFO  org.apache.flink.runtime.state.StateBackendLoader            [] - State backend loader loads the state backend as HashMapStateBackend
2022-06-20 17:06:45,133 INFO  org.apache.flink.streaming.runtime.tasks.StreamTask          [] - Checkpoint storage is set to 'jobmanager'
2022-06-20 17:06:45,133 INFO  org.apache.flink.runtime.taskmanager.Task                    [] - aggregate count -> Filter -> Sink: Print subset of result (1/2)#0 (56ff3123e60b5c61a7f70a5980391553) switched from DEPLOYING to INITIALIZING.
2022-06-20 17:06:45,141 INFO  org.apache.flink.streaming.runtime.tasks.StreamTask          [] - No state backend has been configured, using default (HashMap) org.apache.flink.runtime.state.hashmap.HashMapStateBackend@7c31a78
2022-06-20 17:06:45,141 INFO  org.apache.flink.runtime.state.StateBackendLoader            [] - State backend loader loads the state backend as HashMapStateBackend
2022-06-20 17:06:45,141 INFO  org.apache.flink.streaming.runtime.tasks.StreamTask          [] - Checkpoint storage is set to 'jobmanager'
2022-06-20 17:06:45,142 INFO  org.apache.flink.runtime.taskmanager.Task                    [] - Source: Custom File Source (1/1)#0 (45dcc3fce0486666dc8a7d53722281c4) switched from DEPLOYING to INITIALIZING.
2022-06-20 17:06:45,143 INFO  org.apache.flink.streaming.runtime.tasks.StreamTask          [] - No state backend has been configured, using default (HashMap) org.apache.flink.runtime.state.hashmap.HashMapStateBackend@15308c4b
2022-06-20 17:06:45,143 INFO  org.apache.flink.runtime.state.StateBackendLoader            [] - State backend loader loads the state backend as HashMapStateBackend
2022-06-20 17:06:45,144 INFO  org.apache.flink.streaming.runtime.tasks.StreamTask          [] - Checkpoint storage is set to 'jobmanager'
2022-06-20 17:06:45,144 INFO  org.apache.flink.runtime.taskmanager.Task                    [] - Split Reader: Custom File Source -> Flat Map -> split keys to (key, 1) (1/2)#0 (40874e12cd18dfcb44ed0d98476b68d8) switched from DEPLOYING to INITIALIZING.
2022-06-20 17:06:45,150 INFO  org.apache.flink.streaming.api.functions.source.ContinuousFileMonitoringFunction [] - No state to restore for the ContinuousFileMonitoringFunction.
2022-06-20 17:06:45,150 INFO  org.apache.flink.runtime.taskmanager.Task                    [] - Source: Custom File Source (1/1)#0 (45dcc3fce0486666dc8a7d53722281c4) switched from INITIALIZING to RUNNING.
2022-06-20 17:06:45,153 INFO  org.apache.flink.runtime.state.heap.HeapKeyedStateBackendBuilder [] - Finished to build heap keyed state-backend.
2022-06-20 17:06:45,153 INFO  org.apache.flink.runtime.state.heap.HeapKeyedStateBackend    [] - Initializing heap keyed state backend with stream factory.
2022-06-20 17:06:45,154 INFO  org.apache.flink.streaming.api.functions.source.ContinuousFileMonitoringFunction [] - Forwarding split: [0] file:/home/alex/0_Projects/ba-spark-koenemann/Environments/FlinkEnv/flink-1.14.4/input_data/100MiB mod@ 1654895654908 : 0 + 51560238
2022-06-20 17:06:45,154 INFO  org.apache.flink.streaming.api.functions.source.ContinuousFileReaderOperator [] - No state to restore for the ContinuousFileReaderOperator (taskIdx=0).
2022-06-20 17:06:45,155 INFO  org.apache.flink.runtime.taskmanager.Task                    [] - aggregate count -> Filter -> Sink: Print subset of result (1/2)#0 (56ff3123e60b5c61a7f70a5980391553) switched from INITIALIZING to RUNNING.
2022-06-20 17:06:45,156 INFO  org.apache.flink.runtime.taskmanager.Task                    [] - Split Reader: Custom File Source -> Flat Map -> split keys to (key, 1) (1/2)#0 (40874e12cd18dfcb44ed0d98476b68d8) switched from INITIALIZING to RUNNING.
2022-06-20 17:06:45,163 INFO  org.apache.flink.streaming.api.functions.source.ContinuousFileMonitoringFunction [] - Forwarding split: [1] file:/home/alex/0_Projects/ba-spark-koenemann/Environments/FlinkEnv/flink-1.14.4/input_data/100MiB mod@ 1654895654908 : 51560238 + 51560238
2022-06-20 17:06:45,167 INFO  org.apache.flink.runtime.taskmanager.Task                    [] - Source: Custom File Source (1/1)#0 (45dcc3fce0486666dc8a7d53722281c4) switched from RUNNING to FINISHED.
2022-06-20 17:06:45,167 INFO  org.apache.flink.runtime.taskmanager.Task                    [] - Freeing task resources for Source: Custom File Source (1/1)#0 (45dcc3fce0486666dc8a7d53722281c4).
2022-06-20 17:06:45,168 INFO  org.apache.flink.runtime.taskexecutor.TaskExecutor           [] - Un-registering task and sending final execution state FINISHED to JobManager for task Source: Custom File Source (1/1)#0 45dcc3fce0486666dc8a7d53722281c4.
2022-06-20 17:08:45,429 INFO  org.apache.flink.runtime.taskmanager.Task                    [] - Attempting to cancel task Split Reader: Custom File Source -> Flat Map -> split keys to (key, 1) (1/2)#0 (40874e12cd18dfcb44ed0d98476b68d8).
2022-06-20 17:08:45,431 INFO  org.apache.flink.runtime.taskmanager.Task                    [] - Split Reader: Custom File Source -> Flat Map -> split keys to (key, 1) (1/2)#0 (40874e12cd18dfcb44ed0d98476b68d8) switched from RUNNING to CANCELING.
2022-06-20 17:08:45,431 INFO  org.apache.flink.runtime.taskmanager.Task                    [] - Triggering cancellation of task code Split Reader: Custom File Source -> Flat Map -> split keys to (key, 1) (1/2)#0 (40874e12cd18dfcb44ed0d98476b68d8).
2022-06-20 17:08:45,435 INFO  org.apache.flink.runtime.taskmanager.Task                    [] - Attempting to cancel task aggregate count -> Filter -> Sink: Print subset of result (1/2)#0 (56ff3123e60b5c61a7f70a5980391553).
2022-06-20 17:08:45,436 INFO  org.apache.flink.runtime.taskmanager.Task                    [] - aggregate count -> Filter -> Sink: Print subset of result (1/2)#0 (56ff3123e60b5c61a7f70a5980391553) switched from RUNNING to CANCELING.
2022-06-20 17:08:45,436 INFO  org.apache.flink.runtime.taskmanager.Task                    [] - Triggering cancellation of task code aggregate count -> Filter -> Sink: Print subset of result (1/2)#0 (56ff3123e60b5c61a7f70a5980391553).
2022-06-20 17:08:45,437 INFO  org.apache.flink.runtime.taskmanager.Task                    [] - Split Reader: Custom File Source -> Flat Map -> split keys to (key, 1) (1/2)#0 (40874e12cd18dfcb44ed0d98476b68d8) switched from CANCELING to CANCELED.
2022-06-20 17:08:45,438 INFO  org.apache.flink.runtime.taskmanager.Task                    [] - Freeing task resources for Split Reader: Custom File Source -> Flat Map -> split keys to (key, 1) (1/2)#0 (40874e12cd18dfcb44ed0d98476b68d8).
2022-06-20 17:08:45,440 INFO  org.apache.flink.runtime.taskmanager.Task                    [] - aggregate count -> Filter -> Sink: Print subset of result (1/2)#0 (56ff3123e60b5c61a7f70a5980391553) switched from CANCELING to CANCELED.
2022-06-20 17:08:45,442 INFO  org.apache.flink.runtime.taskexecutor.TaskExecutor           [] - Un-registering task and sending final execution state CANCELED to JobManager for task Split Reader: Custom File Source -> Flat Map -> split keys to (key, 1) (1/2)#0 40874e12cd18dfcb44ed0d98476b68d8.
2022-06-20 17:08:45,445 INFO  org.apache.flink.runtime.taskmanager.Task                    [] - Freeing task resources for aggregate count -> Filter -> Sink: Print subset of result (1/2)#0 (56ff3123e60b5c61a7f70a5980391553).
2022-06-20 17:08:45,448 INFO  org.apache.flink.runtime.taskexecutor.TaskExecutor           [] - Un-registering task and sending final execution state CANCELED to JobManager for task aggregate count -> Filter -> Sink: Print subset of result (1/2)#0 56ff3123e60b5c61a7f70a5980391553.
2022-06-20 17:08:45,482 INFO  org.apache.flink.runtime.taskexecutor.slot.TaskSlotTableImpl [] - Free slot TaskSlot(index:0, state:ACTIVE, resource profile: ResourceProfile{cpuCores=1, taskHeapMemory=3.141gb (3372220356 bytes), taskOffHeapMemory=0 bytes, managedMemory=2.713gb (2912524736 bytes), networkMemory=694.400mb (728131184 bytes)}, allocationId: f60f0e23991856412e2951df91620379, jobId: 6519bd420b4f233430bf5ed71ac3cefe).
2022-06-20 17:08:45,483 INFO  org.apache.flink.runtime.taskexecutor.DefaultJobLeaderService [] - Remove job 6519bd420b4f233430bf5ed71ac3cefe from job leader monitoring.
2022-06-20 17:08:45,483 INFO  org.apache.flink.runtime.taskexecutor.TaskExecutor           [] - Close JobManager connection for job 6519bd420b4f233430bf5ed71ac3cefe.
2022-06-20 17:08:49,824 INFO  org.apache.flink.runtime.taskexecutor.TaskExecutor           [] - Receive slot request 71f7f52224a1374b693a60e7bf2da81c for job 4822e1c1644ee4e823531405dd44cd0c from resource manager with leader id 00000000000000000000000000000000.
2022-06-20 17:08:49,825 INFO  org.apache.flink.runtime.taskexecutor.TaskExecutor           [] - Allocated slot for 71f7f52224a1374b693a60e7bf2da81c.
2022-06-20 17:08:49,826 INFO  org.apache.flink.runtime.taskexecutor.DefaultJobLeaderService [] - Add job 4822e1c1644ee4e823531405dd44cd0c for job leader monitoring.
2022-06-20 17:08:49,826 INFO  org.apache.flink.runtime.taskexecutor.DefaultJobLeaderService [] - Try to register at job manager akka.tcp://flink@192.168.178.56:6123/user/rpc/jobmanager_5 with leader id 00000000-0000-0000-0000-000000000000.
2022-06-20 17:08:49,846 INFO  org.apache.flink.runtime.taskexecutor.DefaultJobLeaderService [] - Resolved JobManager address, beginning registration
2022-06-20 17:08:49,861 INFO  org.apache.flink.runtime.taskexecutor.DefaultJobLeaderService [] - Successful registration at job manager akka.tcp://flink@192.168.178.56:6123/user/rpc/jobmanager_5 for job 4822e1c1644ee4e823531405dd44cd0c.
2022-06-20 17:08:49,861 INFO  org.apache.flink.runtime.taskexecutor.TaskExecutor           [] - Establish JobManager connection for job 4822e1c1644ee4e823531405dd44cd0c.
2022-06-20 17:08:49,861 INFO  org.apache.flink.runtime.taskexecutor.TaskExecutor           [] - Offer reserved slots to the leader of job 4822e1c1644ee4e823531405dd44cd0c.
2022-06-20 17:08:49,880 INFO  org.apache.flink.runtime.taskexecutor.slot.TaskSlotTableImpl [] - Activate slot 71f7f52224a1374b693a60e7bf2da81c.
2022-06-20 17:08:49,880 INFO  org.apache.flink.runtime.state.changelog.StateChangelogStorageLoader [] - Creating a changelog storage with name 'memory'.
2022-06-20 17:08:49,881 INFO  org.apache.flink.runtime.taskexecutor.TaskExecutor           [] - Received task Source: Custom File Source (1/1)#0 (efaf6014be8aa1d644ec08bcee5dfb52), deploy into slot with allocation id 71f7f52224a1374b693a60e7bf2da81c.
2022-06-20 17:08:49,882 INFO  org.apache.flink.runtime.taskmanager.Task                    [] - Source: Custom File Source (1/1)#0 (efaf6014be8aa1d644ec08bcee5dfb52) switched from CREATED to DEPLOYING.
2022-06-20 17:08:49,884 INFO  org.apache.flink.runtime.taskmanager.Task                    [] - Loading JAR files for task Source: Custom File Source (1/1)#0 (efaf6014be8aa1d644ec08bcee5dfb52) [DEPLOYING].
2022-06-20 17:08:49,885 INFO  org.apache.flink.runtime.taskexecutor.slot.TaskSlotTableImpl [] - Activate slot 71f7f52224a1374b693a60e7bf2da81c.
2022-06-20 17:08:49,885 INFO  org.apache.flink.runtime.blob.BlobClient                     [] - Downloading 4822e1c1644ee4e823531405dd44cd0c/p-c18e8cc243d8b5c0583a18d5d88a67a692d35de3-c83bf235550fd3a8fbfd9435ce4b3751 from cheapfuck.fritz.box/192.168.178.56:6124
2022-06-20 17:08:49,887 INFO  org.apache.flink.runtime.taskexecutor.TaskExecutor           [] - Received task Split Reader: Custom File Source -> Flat Map -> split keys to (key, 1) (1/2)#0 (367ff87af1a6c6e5864b17fabf986c0a), deploy into slot with allocation id 71f7f52224a1374b693a60e7bf2da81c.
2022-06-20 17:08:49,887 INFO  org.apache.flink.runtime.taskmanager.Task                    [] - Split Reader: Custom File Source -> Flat Map -> split keys to (key, 1) (1/2)#0 (367ff87af1a6c6e5864b17fabf986c0a) switched from CREATED to DEPLOYING.
2022-06-20 17:08:49,887 INFO  org.apache.flink.runtime.taskexecutor.slot.TaskSlotTableImpl [] - Activate slot 71f7f52224a1374b693a60e7bf2da81c.
2022-06-20 17:08:49,887 INFO  org.apache.flink.runtime.taskmanager.Task                    [] - Loading JAR files for task Split Reader: Custom File Source -> Flat Map -> split keys to (key, 1) (1/2)#0 (367ff87af1a6c6e5864b17fabf986c0a) [DEPLOYING].
2022-06-20 17:08:49,890 INFO  org.apache.flink.runtime.taskexecutor.TaskExecutor           [] - Received task aggregate count -> Filter -> Sink: Print subset of result (1/2)#0 (26434f244fdd1f38c1b676376edf9caa), deploy into slot with allocation id 71f7f52224a1374b693a60e7bf2da81c.
2022-06-20 17:08:49,891 INFO  org.apache.flink.runtime.taskexecutor.slot.TaskSlotTableImpl [] - Activate slot 71f7f52224a1374b693a60e7bf2da81c.
2022-06-20 17:08:49,891 INFO  org.apache.flink.runtime.taskmanager.Task                    [] - aggregate count -> Filter -> Sink: Print subset of result (1/2)#0 (26434f244fdd1f38c1b676376edf9caa) switched from CREATED to DEPLOYING.
2022-06-20 17:08:49,891 INFO  org.apache.flink.runtime.taskmanager.Task                    [] - Loading JAR files for task aggregate count -> Filter -> Sink: Print subset of result (1/2)#0 (26434f244fdd1f38c1b676376edf9caa) [DEPLOYING].
2022-06-20 17:08:49,901 INFO  org.apache.flink.streaming.runtime.tasks.StreamTask          [] - No state backend has been configured, using default (HashMap) org.apache.flink.runtime.state.hashmap.HashMapStateBackend@28c47b91
2022-06-20 17:08:49,901 INFO  org.apache.flink.runtime.state.StateBackendLoader            [] - State backend loader loads the state backend as HashMapStateBackend
2022-06-20 17:08:49,901 INFO  org.apache.flink.streaming.runtime.tasks.StreamTask          [] - No state backend has been configured, using default (HashMap) org.apache.flink.runtime.state.hashmap.HashMapStateBackend@52bcb3d8
2022-06-20 17:08:49,902 INFO  org.apache.flink.streaming.runtime.tasks.StreamTask          [] - Checkpoint storage is set to 'jobmanager'
2022-06-20 17:08:49,902 INFO  org.apache.flink.runtime.state.StateBackendLoader            [] - State backend loader loads the state backend as HashMapStateBackend
2022-06-20 17:08:49,902 INFO  org.apache.flink.streaming.runtime.tasks.StreamTask          [] - Checkpoint storage is set to 'jobmanager'
2022-06-20 17:08:49,902 INFO  org.apache.flink.runtime.taskmanager.Task                    [] - aggregate count -> Filter -> Sink: Print subset of result (1/2)#0 (26434f244fdd1f38c1b676376edf9caa) switched from DEPLOYING to INITIALIZING.
2022-06-20 17:08:49,902 INFO  org.apache.flink.runtime.taskmanager.Task                    [] - Source: Custom File Source (1/1)#0 (efaf6014be8aa1d644ec08bcee5dfb52) switched from DEPLOYING to INITIALIZING.
2022-06-20 17:08:49,904 INFO  org.apache.flink.streaming.api.functions.source.ContinuousFileMonitoringFunction [] - No state to restore for the ContinuousFileMonitoringFunction.
2022-06-20 17:08:49,905 INFO  org.apache.flink.runtime.taskmanager.Task                    [] - Source: Custom File Source (1/1)#0 (efaf6014be8aa1d644ec08bcee5dfb52) switched from INITIALIZING to RUNNING.
2022-06-20 17:08:49,906 INFO  org.apache.flink.streaming.runtime.tasks.StreamTask          [] - No state backend has been configured, using default (HashMap) org.apache.flink.runtime.state.hashmap.HashMapStateBackend@7869cf76
2022-06-20 17:08:49,906 INFO  org.apache.flink.runtime.state.StateBackendLoader            [] - State backend loader loads the state backend as HashMapStateBackend
2022-06-20 17:08:49,906 INFO  org.apache.flink.streaming.runtime.tasks.StreamTask          [] - Checkpoint storage is set to 'jobmanager'
2022-06-20 17:08:49,908 INFO  org.apache.flink.runtime.taskmanager.Task                    [] - Split Reader: Custom File Source -> Flat Map -> split keys to (key, 1) (1/2)#0 (367ff87af1a6c6e5864b17fabf986c0a) switched from DEPLOYING to INITIALIZING.
2022-06-20 17:08:49,907 INFO  org.apache.flink.streaming.api.functions.source.ContinuousFileMonitoringFunction [] - Forwarding split: [0] file:/home/alex/0_Projects/ba-spark-koenemann/Environments/FlinkEnv/flink-1.14.4/input_data/100MiB mod@ 1654895654908 : 0 + 51560238
2022-06-20 17:08:49,912 INFO  org.apache.flink.runtime.state.heap.HeapKeyedStateBackendBuilder [] - Finished to build heap keyed state-backend.
2022-06-20 17:08:49,912 INFO  org.apache.flink.runtime.state.heap.HeapKeyedStateBackend    [] - Initializing heap keyed state backend with stream factory.
2022-06-20 17:08:49,913 INFO  org.apache.flink.streaming.api.functions.source.ContinuousFileMonitoringFunction [] - Forwarding split: [1] file:/home/alex/0_Projects/ba-spark-koenemann/Environments/FlinkEnv/flink-1.14.4/input_data/100MiB mod@ 1654895654908 : 51560238 + 51560238
2022-06-20 17:08:49,915 INFO  org.apache.flink.runtime.taskmanager.Task                    [] - aggregate count -> Filter -> Sink: Print subset of result (1/2)#0 (26434f244fdd1f38c1b676376edf9caa) switched from INITIALIZING to RUNNING.
2022-06-20 17:08:49,916 INFO  org.apache.flink.runtime.taskmanager.Task                    [] - Source: Custom File Source (1/1)#0 (efaf6014be8aa1d644ec08bcee5dfb52) switched from RUNNING to FINISHED.
2022-06-20 17:08:49,916 INFO  org.apache.flink.runtime.taskmanager.Task                    [] - Freeing task resources for Source: Custom File Source (1/1)#0 (efaf6014be8aa1d644ec08bcee5dfb52).
2022-06-20 17:08:49,917 INFO  org.apache.flink.runtime.taskexecutor.TaskExecutor           [] - Un-registering task and sending final execution state FINISHED to JobManager for task Source: Custom File Source (1/1)#0 efaf6014be8aa1d644ec08bcee5dfb52.
2022-06-20 17:08:49,919 INFO  org.apache.flink.streaming.api.functions.source.ContinuousFileReaderOperator [] - No state to restore for the ContinuousFileReaderOperator (taskIdx=0).
2022-06-20 17:08:49,920 INFO  org.apache.flink.runtime.taskmanager.Task                    [] - Split Reader: Custom File Source -> Flat Map -> split keys to (key, 1) (1/2)#0 (367ff87af1a6c6e5864b17fabf986c0a) switched from INITIALIZING to RUNNING.
2022-06-20 17:09:07,623 INFO  org.apache.flink.runtime.taskexecutor.TaskManagerRunner      [] - RECEIVED SIGNAL 2: SIGINT. Shutting down as requested.
2022-06-20 17:09:07,628 INFO  org.apache.flink.runtime.state.TaskExecutorLocalStateStoresManager [] - Shutting down TaskExecutorLocalStateStoresManager.
2022-06-20 17:09:07,629 INFO  org.apache.flink.runtime.state.TaskExecutorStateChangelogStoragesManager [] - Shutting down TaskExecutorStateChangelogStoragesManager.
2022-06-20 17:09:07,626 INFO  org.apache.flink.runtime.blob.TransientBlobCache             [] - Shutting down BLOB cache
2022-06-20 17:09:07,629 INFO  org.apache.flink.runtime.filecache.FileCache                 [] - removed file cache directory /tmp/flink-dist-cache-0aec186e-cebf-421e-90cc-ba464d577256
2022-06-20 17:09:07,637 INFO  org.apache.flink.runtime.blob.PermanentBlobCache             [] - Shutting down BLOB cache
2022-06-20 17:09:07,640 INFO  org.apache.flink.runtime.io.disk.FileChannelManagerImpl      [] - FileChannelManager removed spill file directory /tmp/flink-netty-shuffle-546e4738-d708-46d7-ae47-3cc03f26fb23
2022-06-20 17:09:07,640 INFO  org.apache.flink.runtime.io.disk.FileChannelManagerImpl      [] - FileChannelManager removed spill file directory /tmp/flink-io-3c94b598-db0c-4ea1-901d-58d122e53ea9
