2022-06-10 18:46:59,309 INFO  org.apache.flink.client.cli.CliFrontend                      [] - --------------------------------------------------------------------------------
2022-06-10 18:46:59,310 INFO  org.apache.flink.client.cli.CliFrontend                      [] -  Starting Command Line Client (Version: 1.14.4, Scala: 2.12, Rev:895c609, Date:2022-02-25T11:57:14+01:00)
2022-06-10 18:46:59,311 INFO  org.apache.flink.client.cli.CliFrontend                      [] -  OS current user: iusearchbtw
2022-06-10 18:46:59,311 INFO  org.apache.flink.client.cli.CliFrontend                      [] -  Current Hadoop/Kerberos user: <no hadoop dependency found>
2022-06-10 18:46:59,311 INFO  org.apache.flink.client.cli.CliFrontend                      [] -  JVM: OpenJDK 64-Bit Server VM - Oracle Corporation - 11/11.0.15+10
2022-06-10 18:46:59,311 INFO  org.apache.flink.client.cli.CliFrontend                      [] -  Maximum heap size: 3944 MiBytes
2022-06-10 18:46:59,311 INFO  org.apache.flink.client.cli.CliFrontend                      [] -  JAVA_HOME: /usr/lib/jvm/java-15-openjdk
2022-06-10 18:46:59,311 INFO  org.apache.flink.client.cli.CliFrontend                      [] -  No Hadoop Dependency available
2022-06-10 18:46:59,311 INFO  org.apache.flink.client.cli.CliFrontend                      [] -  JVM Options:
2022-06-10 18:46:59,311 INFO  org.apache.flink.client.cli.CliFrontend                      [] -     -Dlog.file=/home/iusearchbtw/0_Projects/ba-spark-koenemann/Environments/FlinkEnv/flink-1.14.4/log/flink-iusearchbtw-client-cheapfuck.log
2022-06-10 18:46:59,311 INFO  org.apache.flink.client.cli.CliFrontend                      [] -     -Dlog4j.configuration=file:/home/iusearchbtw/0_Projects/ba-spark-koenemann/Environments/FlinkEnv/flink-1.14.4/conf/log4j-cli.properties
2022-06-10 18:46:59,311 INFO  org.apache.flink.client.cli.CliFrontend                      [] -     -Dlog4j.configurationFile=file:/home/iusearchbtw/0_Projects/ba-spark-koenemann/Environments/FlinkEnv/flink-1.14.4/conf/log4j-cli.properties
2022-06-10 18:46:59,312 INFO  org.apache.flink.client.cli.CliFrontend                      [] -     -Dlogback.configurationFile=file:/home/iusearchbtw/0_Projects/ba-spark-koenemann/Environments/FlinkEnv/flink-1.14.4/conf/logback.xml
2022-06-10 18:46:59,312 INFO  org.apache.flink.client.cli.CliFrontend                      [] -  Program Arguments:
2022-06-10 18:46:59,313 INFO  org.apache.flink.client.cli.CliFrontend                      [] -     run
2022-06-10 18:46:59,313 INFO  org.apache.flink.client.cli.CliFrontend                      [] -     -c
2022-06-10 18:46:59,313 INFO  org.apache.flink.client.cli.CliFrontend                      [] -     WordCountBatch
2022-06-10 18:46:59,314 INFO  org.apache.flink.client.cli.CliFrontend                      [] -     my_apps/flink-word-count_2.12-1.0.jar
2022-06-10 18:46:59,314 INFO  org.apache.flink.client.cli.CliFrontend                      [] -     --input
2022-06-10 18:46:59,314 INFO  org.apache.flink.client.cli.CliFrontend                      [] -     input_data/big.txt
2022-06-10 18:46:59,314 INFO  org.apache.flink.client.cli.CliFrontend                      [] -  Classpath: /home/iusearchbtw/0_Projects/ba-spark-koenemann/Environments/FlinkEnv/flink-1.14.4/lib/flink-csv-1.14.4.jar:/home/iusearchbtw/0_Projects/ba-spark-koenemann/Environments/FlinkEnv/flink-1.14.4/lib/flink-json-1.14.4.jar:/home/iusearchbtw/0_Projects/ba-spark-koenemann/Environments/FlinkEnv/flink-1.14.4/lib/flink-shaded-zookeeper-3.4.14.jar:/home/iusearchbtw/0_Projects/ba-spark-koenemann/Environments/FlinkEnv/flink-1.14.4/lib/flink-table_2.12-1.14.4.jar:/home/iusearchbtw/0_Projects/ba-spark-koenemann/Environments/FlinkEnv/flink-1.14.4/lib/log4j-1.2-api-2.17.1.jar:/home/iusearchbtw/0_Projects/ba-spark-koenemann/Environments/FlinkEnv/flink-1.14.4/lib/log4j-api-2.17.1.jar:/home/iusearchbtw/0_Projects/ba-spark-koenemann/Environments/FlinkEnv/flink-1.14.4/lib/log4j-core-2.17.1.jar:/home/iusearchbtw/0_Projects/ba-spark-koenemann/Environments/FlinkEnv/flink-1.14.4/lib/log4j-slf4j-impl-2.17.1.jar:/home/iusearchbtw/0_Projects/ba-spark-koenemann/Environments/FlinkEnv/flink-1.14.4/lib/flink-dist_2.12-1.14.4.jar:::
2022-06-10 18:46:59,314 INFO  org.apache.flink.client.cli.CliFrontend                      [] - --------------------------------------------------------------------------------
2022-06-10 18:46:59,318 INFO  org.apache.flink.configuration.GlobalConfiguration           [] - Loading configuration property: jobmanager.rpc.address, 192.168.178.56
2022-06-10 18:46:59,318 INFO  org.apache.flink.configuration.GlobalConfiguration           [] - Loading configuration property: jobmanager.rpc.port, 6123
2022-06-10 18:46:59,319 INFO  org.apache.flink.configuration.GlobalConfiguration           [] - Loading configuration property: jobmanager.memory.process.size, 10000m
2022-06-10 18:46:59,319 INFO  org.apache.flink.configuration.GlobalConfiguration           [] - Loading configuration property: taskmanager.memory.process.size, 1728m
2022-06-10 18:46:59,319 INFO  org.apache.flink.configuration.GlobalConfiguration           [] - Loading configuration property: taskmanager.numberOfTaskSlots, 1
2022-06-10 18:46:59,319 INFO  org.apache.flink.configuration.GlobalConfiguration           [] - Loading configuration property: parallelism.default, 1
2022-06-10 18:46:59,319 INFO  org.apache.flink.configuration.GlobalConfiguration           [] - Loading configuration property: jobmanager.execution.failover-strategy, region
2022-06-10 18:46:59,342 INFO  org.apache.flink.client.cli.CliFrontend                      [] - Loading FallbackYarnSessionCli
2022-06-10 18:46:59,380 INFO  org.apache.flink.core.fs.FileSystem                          [] - Hadoop is not in the classpath/dependencies. The extended set of supported File Systems via Hadoop is not available.
2022-06-10 18:46:59,432 INFO  org.apache.flink.runtime.security.modules.HadoopModuleFactory [] - Cannot create Hadoop Security Module because Hadoop cannot be found in the Classpath.
2022-06-10 18:46:59,445 INFO  org.apache.flink.runtime.security.modules.JaasModule         [] - Jaas file will be created as /tmp/jaas-6229281917636117016.conf.
2022-06-10 18:46:59,454 INFO  org.apache.flink.runtime.security.contexts.HadoopSecurityContextFactory [] - Cannot install HadoopSecurityContext because Hadoop cannot be found in the Classpath.
2022-06-10 18:46:59,457 INFO  org.apache.flink.client.cli.CliFrontend                      [] - Running 'run' command.
2022-06-10 18:46:59,479 INFO  org.apache.flink.client.cli.CliFrontend                      [] - Building program from JAR file
2022-06-10 18:46:59,485 INFO  org.apache.flink.client.ClientUtils                          [] - Starting program (detached: false)
2022-06-10 18:46:59,769 INFO  org.apache.flink.configuration.GlobalConfiguration           [] - Loading configuration property: jobmanager.rpc.address, 192.168.178.56
2022-06-10 18:46:59,770 INFO  org.apache.flink.configuration.GlobalConfiguration           [] - Loading configuration property: jobmanager.rpc.port, 6123
2022-06-10 18:46:59,770 INFO  org.apache.flink.configuration.GlobalConfiguration           [] - Loading configuration property: jobmanager.memory.process.size, 10000m
2022-06-10 18:46:59,770 INFO  org.apache.flink.configuration.GlobalConfiguration           [] - Loading configuration property: taskmanager.memory.process.size, 1728m
2022-06-10 18:46:59,770 INFO  org.apache.flink.configuration.GlobalConfiguration           [] - Loading configuration property: taskmanager.numberOfTaskSlots, 1
2022-06-10 18:46:59,770 INFO  org.apache.flink.configuration.GlobalConfiguration           [] - Loading configuration property: parallelism.default, 1
2022-06-10 18:46:59,770 INFO  org.apache.flink.configuration.GlobalConfiguration           [] - Loading configuration property: jobmanager.execution.failover-strategy, region
2022-06-10 18:46:59,777 INFO  org.apache.flink.configuration.GlobalConfiguration           [] - Loading configuration property: jobmanager.rpc.address, 192.168.178.56
2022-06-10 18:46:59,777 INFO  org.apache.flink.configuration.GlobalConfiguration           [] - Loading configuration property: jobmanager.rpc.port, 6123
2022-06-10 18:46:59,778 INFO  org.apache.flink.configuration.GlobalConfiguration           [] - Loading configuration property: jobmanager.memory.process.size, 10000m
2022-06-10 18:46:59,778 INFO  org.apache.flink.configuration.GlobalConfiguration           [] - Loading configuration property: taskmanager.memory.process.size, 1728m
2022-06-10 18:46:59,778 INFO  org.apache.flink.configuration.GlobalConfiguration           [] - Loading configuration property: taskmanager.numberOfTaskSlots, 1
2022-06-10 18:46:59,778 INFO  org.apache.flink.configuration.GlobalConfiguration           [] - Loading configuration property: parallelism.default, 1
2022-06-10 18:46:59,778 INFO  org.apache.flink.configuration.GlobalConfiguration           [] - Loading configuration property: jobmanager.execution.failover-strategy, region
2022-06-10 18:46:59,806 INFO  org.apache.flink.api.java.typeutils.TypeExtractor            [] - class org.apache.flink.streaming.api.functions.source.TimestampedFileInputSplit does not contain a setter for field modificationTime
2022-06-10 18:46:59,806 INFO  org.apache.flink.api.java.typeutils.TypeExtractor            [] - Class class org.apache.flink.streaming.api.functions.source.TimestampedFileInputSplit cannot be used as a POJO type because not all fields are valid POJO fields, and must be processed as GenericType. Please read the Flink documentation on "Data Types & Serialization" for details of the effect on performance.
2022-06-10 18:47:01,648 INFO  org.apache.flink.configuration.Configuration                 [] - Config uses fallback configuration key 'jobmanager.rpc.address' instead of key 'rest.address'
2022-06-10 18:47:01,682 INFO  org.apache.flink.client.program.rest.RestClusterClient       [] - Submitting job 'StreamWordCount' (0c99e108d3203663ca5babe5318b65df).
2022-06-10 18:47:01,941 INFO  org.apache.flink.client.program.rest.RestClusterClient       [] - Successfully submitted job 'StreamWordCount' (0c99e108d3203663ca5babe5318b65df) to 'http://192.168.178.56:8081'.
2022-06-10 18:47:02,013 INFO  org.apache.flink.configuration.Configuration                 [] - Config uses fallback configuration key 'jobmanager.rpc.address' instead of key 'rest.address'
