2022-04-01 09:27:37,944 INFO  org.apache.flink.runtime.entrypoint.ClusterEntrypoint        [] - --------------------------------------------------------------------------------
2022-04-01 09:27:37,946 INFO  org.apache.flink.runtime.entrypoint.ClusterEntrypoint        [] -  Preconfiguration: 
2022-04-01 09:27:37,946 INFO  org.apache.flink.runtime.entrypoint.ClusterEntrypoint        [] - 


RESOURCE_PARAMS extraction logs:
jvm_params: -Xmx1073741824 -Xms1073741824 -XX:MaxMetaspaceSize=268435456
dynamic_configs: -D jobmanager.memory.off-heap.size=134217728b -D jobmanager.memory.jvm-overhead.min=201326592b -D jobmanager.memory.jvm-metaspace.size=268435456b -D jobmanager.memory.heap.size=1073741824b -D jobmanager.memory.jvm-overhead.max=201326592b
logs: WARNING: sun.reflect.Reflection.getCallerClass is not supported. This will impact performance.
INFO  [] - Loading configuration property: jobmanager.rpc.address, cheapfuck
INFO  [] - Loading configuration property: jobmanager.rpc.port, 6123
INFO  [] - Loading configuration property: jobmanager.memory.process.size, 1600m
INFO  [] - Loading configuration property: taskmanager.memory.process.size, 1728m
INFO  [] - Loading configuration property: taskmanager.numberOfTaskSlots, 1
INFO  [] - Loading configuration property: parallelism.default, 1
INFO  [] - Loading configuration property: jobmanager.execution.failover-strategy, region
INFO  [] - Loading configuration property: rest.address, 192.168.178.56
INFO  [] - The derived from fraction jvm overhead memory (160.000mb (167772162 bytes)) is less than its min value 192.000mb (201326592 bytes), min value will be used instead
INFO  [] - Final Master Memory configuration:
INFO  [] -   Total Process Memory: 1.563gb (1677721600 bytes)
INFO  [] -     Total Flink Memory: 1.125gb (1207959552 bytes)
INFO  [] -       JVM Heap:         1024.000mb (1073741824 bytes)
INFO  [] -       Off-heap:         128.000mb (134217728 bytes)
INFO  [] -     JVM Metaspace:      256.000mb (268435456 bytes)
INFO  [] -     JVM Overhead:       192.000mb (201326592 bytes)

2022-04-01 09:27:37,946 INFO  org.apache.flink.runtime.entrypoint.ClusterEntrypoint        [] - --------------------------------------------------------------------------------
2022-04-01 09:27:37,946 INFO  org.apache.flink.runtime.entrypoint.ClusterEntrypoint        [] -  Starting StandaloneSessionClusterEntrypoint (Version: 1.14.4, Scala: 2.12, Rev:895c609, Date:2022-02-25T11:57:14+01:00)
2022-04-01 09:27:37,946 INFO  org.apache.flink.runtime.entrypoint.ClusterEntrypoint        [] -  OS current user: iusearchbtw
2022-04-01 09:27:37,947 INFO  org.apache.flink.runtime.entrypoint.ClusterEntrypoint        [] -  Current Hadoop/Kerberos user: <no hadoop dependency found>
2022-04-01 09:27:37,947 INFO  org.apache.flink.runtime.entrypoint.ClusterEntrypoint        [] -  JVM: OpenJDK 64-Bit Server VM - Oracle Corporation - 11/11.0.15+3
2022-04-01 09:27:37,947 INFO  org.apache.flink.runtime.entrypoint.ClusterEntrypoint        [] -  Maximum heap size: 1024 MiBytes
2022-04-01 09:27:37,947 INFO  org.apache.flink.runtime.entrypoint.ClusterEntrypoint        [] -  JAVA_HOME: /usr/lib/jvm/java-15-openjdk
2022-04-01 09:27:37,947 INFO  org.apache.flink.runtime.entrypoint.ClusterEntrypoint        [] -  No Hadoop Dependency available
2022-04-01 09:27:37,947 INFO  org.apache.flink.runtime.entrypoint.ClusterEntrypoint        [] -  JVM Options:
2022-04-01 09:27:37,947 INFO  org.apache.flink.runtime.entrypoint.ClusterEntrypoint        [] -     -Xmx1073741824
2022-04-01 09:27:37,947 INFO  org.apache.flink.runtime.entrypoint.ClusterEntrypoint        [] -     -Xms1073741824
2022-04-01 09:27:37,947 INFO  org.apache.flink.runtime.entrypoint.ClusterEntrypoint        [] -     -XX:MaxMetaspaceSize=268435456
2022-04-01 09:27:37,948 INFO  org.apache.flink.runtime.entrypoint.ClusterEntrypoint        [] -     -Dlog.file=/home/iusearchbtw/0_Projects/ba-spark-koenemann/Environments/FlinkEnv/flink-1.14.4/log/flink-iusearchbtw-standalonesession-2-cheapfuck.log
2022-04-01 09:27:37,948 INFO  org.apache.flink.runtime.entrypoint.ClusterEntrypoint        [] -     -Dlog4j.configuration=file:/home/iusearchbtw/0_Projects/ba-spark-koenemann/Environments/FlinkEnv/flink-1.14.4/conf/log4j.properties
2022-04-01 09:27:37,948 INFO  org.apache.flink.runtime.entrypoint.ClusterEntrypoint        [] -     -Dlog4j.configurationFile=file:/home/iusearchbtw/0_Projects/ba-spark-koenemann/Environments/FlinkEnv/flink-1.14.4/conf/log4j.properties
2022-04-01 09:27:37,948 INFO  org.apache.flink.runtime.entrypoint.ClusterEntrypoint        [] -     -Dlogback.configurationFile=file:/home/iusearchbtw/0_Projects/ba-spark-koenemann/Environments/FlinkEnv/flink-1.14.4/conf/logback.xml
2022-04-01 09:27:37,948 INFO  org.apache.flink.runtime.entrypoint.ClusterEntrypoint        [] -  Program Arguments:
2022-04-01 09:27:37,949 INFO  org.apache.flink.runtime.entrypoint.ClusterEntrypoint        [] -     --configDir
2022-04-01 09:27:37,949 INFO  org.apache.flink.runtime.entrypoint.ClusterEntrypoint        [] -     /home/iusearchbtw/0_Projects/ba-spark-koenemann/Environments/FlinkEnv/flink-1.14.4/conf
2022-04-01 09:27:37,949 INFO  org.apache.flink.runtime.entrypoint.ClusterEntrypoint        [] -     --executionMode
2022-04-01 09:27:37,949 INFO  org.apache.flink.runtime.entrypoint.ClusterEntrypoint        [] -     cluster
2022-04-01 09:27:37,949 INFO  org.apache.flink.runtime.entrypoint.ClusterEntrypoint        [] -     -D
2022-04-01 09:27:37,949 INFO  org.apache.flink.runtime.entrypoint.ClusterEntrypoint        [] -     jobmanager.memory.off-heap.size=134217728b
2022-04-01 09:27:37,949 INFO  org.apache.flink.runtime.entrypoint.ClusterEntrypoint        [] -     -D
2022-04-01 09:27:37,949 INFO  org.apache.flink.runtime.entrypoint.ClusterEntrypoint        [] -     jobmanager.memory.jvm-overhead.min=201326592b
2022-04-01 09:27:37,949 INFO  org.apache.flink.runtime.entrypoint.ClusterEntrypoint        [] -     -D
2022-04-01 09:27:37,950 INFO  org.apache.flink.runtime.entrypoint.ClusterEntrypoint        [] -     jobmanager.memory.jvm-metaspace.size=268435456b
2022-04-01 09:27:37,950 INFO  org.apache.flink.runtime.entrypoint.ClusterEntrypoint        [] -     -D
2022-04-01 09:27:37,950 INFO  org.apache.flink.runtime.entrypoint.ClusterEntrypoint        [] -     jobmanager.memory.heap.size=1073741824b
2022-04-01 09:27:37,950 INFO  org.apache.flink.runtime.entrypoint.ClusterEntrypoint        [] -     -D
2022-04-01 09:27:37,950 INFO  org.apache.flink.runtime.entrypoint.ClusterEntrypoint        [] -     jobmanager.memory.jvm-overhead.max=201326592b
2022-04-01 09:27:37,950 INFO  org.apache.flink.runtime.entrypoint.ClusterEntrypoint        [] -  Classpath: /home/iusearchbtw/0_Projects/ba-spark-koenemann/Environments/FlinkEnv/flink-1.14.4/lib/flink-csv-1.14.4.jar:/home/iusearchbtw/0_Projects/ba-spark-koenemann/Environments/FlinkEnv/flink-1.14.4/lib/flink-json-1.14.4.jar:/home/iusearchbtw/0_Projects/ba-spark-koenemann/Environments/FlinkEnv/flink-1.14.4/lib/flink-shaded-zookeeper-3.4.14.jar:/home/iusearchbtw/0_Projects/ba-spark-koenemann/Environments/FlinkEnv/flink-1.14.4/lib/flink-table_2.12-1.14.4.jar:/home/iusearchbtw/0_Projects/ba-spark-koenemann/Environments/FlinkEnv/flink-1.14.4/lib/log4j-1.2-api-2.17.1.jar:/home/iusearchbtw/0_Projects/ba-spark-koenemann/Environments/FlinkEnv/flink-1.14.4/lib/log4j-api-2.17.1.jar:/home/iusearchbtw/0_Projects/ba-spark-koenemann/Environments/FlinkEnv/flink-1.14.4/lib/log4j-core-2.17.1.jar:/home/iusearchbtw/0_Projects/ba-spark-koenemann/Environments/FlinkEnv/flink-1.14.4/lib/log4j-slf4j-impl-2.17.1.jar:/home/iusearchbtw/0_Projects/ba-spark-koenemann/Environments/FlinkEnv/flink-1.14.4/lib/flink-dist_2.12-1.14.4.jar:::
2022-04-01 09:27:37,950 INFO  org.apache.flink.runtime.entrypoint.ClusterEntrypoint        [] - --------------------------------------------------------------------------------
2022-04-01 09:27:37,952 INFO  org.apache.flink.runtime.entrypoint.ClusterEntrypoint        [] - Registered UNIX signal handlers for [TERM, HUP, INT]
2022-04-01 09:27:37,963 INFO  org.apache.flink.configuration.GlobalConfiguration           [] - Loading configuration property: jobmanager.rpc.address, cheapfuck
2022-04-01 09:27:37,963 INFO  org.apache.flink.configuration.GlobalConfiguration           [] - Loading configuration property: jobmanager.rpc.port, 6123
2022-04-01 09:27:37,963 INFO  org.apache.flink.configuration.GlobalConfiguration           [] - Loading configuration property: jobmanager.memory.process.size, 1600m
2022-04-01 09:27:37,964 INFO  org.apache.flink.configuration.GlobalConfiguration           [] - Loading configuration property: taskmanager.memory.process.size, 1728m
2022-04-01 09:27:37,964 INFO  org.apache.flink.configuration.GlobalConfiguration           [] - Loading configuration property: taskmanager.numberOfTaskSlots, 1
2022-04-01 09:27:37,964 INFO  org.apache.flink.configuration.GlobalConfiguration           [] - Loading configuration property: parallelism.default, 1
2022-04-01 09:27:37,965 INFO  org.apache.flink.configuration.GlobalConfiguration           [] - Loading configuration property: jobmanager.execution.failover-strategy, region
2022-04-01 09:27:37,965 INFO  org.apache.flink.configuration.GlobalConfiguration           [] - Loading configuration property: rest.address, 192.168.178.56
2022-04-01 09:27:37,991 INFO  org.apache.flink.runtime.entrypoint.ClusterEntrypoint        [] - Starting StandaloneSessionClusterEntrypoint.
2022-04-01 09:27:38,031 INFO  org.apache.flink.runtime.entrypoint.ClusterEntrypoint        [] - Install default filesystem.
2022-04-01 09:27:38,035 INFO  org.apache.flink.core.fs.FileSystem                          [] - Hadoop is not in the classpath/dependencies. The extended set of supported File Systems via Hadoop is not available.
2022-04-01 09:27:38,069 INFO  org.apache.flink.runtime.entrypoint.ClusterEntrypoint        [] - Install security context.
2022-04-01 09:27:38,080 INFO  org.apache.flink.runtime.security.modules.HadoopModuleFactory [] - Cannot create Hadoop Security Module because Hadoop cannot be found in the Classpath.
2022-04-01 09:27:38,085 INFO  org.apache.flink.runtime.security.modules.JaasModule         [] - Jaas file will be created as /tmp/jaas-13560732082789089976.conf.
2022-04-01 09:27:38,114 INFO  org.apache.flink.runtime.security.contexts.HadoopSecurityContextFactory [] - Cannot install HadoopSecurityContext because Hadoop cannot be found in the Classpath.
2022-04-01 09:27:38,117 INFO  org.apache.flink.runtime.entrypoint.ClusterEntrypoint        [] - Initializing cluster services.
2022-04-01 09:27:38,443 INFO  org.apache.flink.runtime.rpc.akka.AkkaRpcServiceUtils        [] - Trying to start actor system, external address cheapfuck:6123, bind address 0.0.0.0:6123.
2022-04-01 09:27:39,300 INFO  akka.event.slf4j.Slf4jLogger                                 [] - Slf4jLogger started
2022-04-01 09:27:39,330 INFO  akka.remote.RemoteActorRefProvider                           [] - Akka Cluster not in use - enabling unsafe features anyway because `akka.remote.use-unsafe-remote-features-outside-cluster` has been enabled.
2022-04-01 09:27:39,331 INFO  akka.remote.Remoting                                         [] - Starting remoting
2022-04-01 09:27:39,483 ERROR akka.remote.transport.netty.NettyTransport                   [] - failed to bind to /0.0.0.0:6123, shutting down Netty transport
2022-04-01 09:27:39,536 INFO  org.apache.flink.runtime.entrypoint.ClusterEntrypoint        [] - Shutting StandaloneSessionClusterEntrypoint down with application status FAILED. Diagnostics java.net.BindException: Could not start actor system on any port in port range 6123
	at org.apache.flink.runtime.rpc.akka.AkkaBootstrapTools.startRemoteActorSystem(AkkaBootstrapTools.java:133)
	at org.apache.flink.runtime.rpc.akka.AkkaRpcServiceUtils$AkkaRpcServiceBuilder.createAndStart(AkkaRpcServiceUtils.java:358)
	at org.apache.flink.runtime.rpc.akka.AkkaRpcServiceUtils$AkkaRpcServiceBuilder.createAndStart(AkkaRpcServiceUtils.java:327)
	at org.apache.flink.runtime.rpc.akka.AkkaRpcServiceUtils$AkkaRpcServiceBuilder.createAndStart(AkkaRpcServiceUtils.java:247)
	at org.apache.flink.runtime.rpc.RpcUtils.createRemoteRpcService(RpcUtils.java:191)
	at org.apache.flink.runtime.entrypoint.ClusterEntrypoint.initializeServices(ClusterEntrypoint.java:300)
	at org.apache.flink.runtime.entrypoint.ClusterEntrypoint.runCluster(ClusterEntrypoint.java:243)
	at org.apache.flink.runtime.entrypoint.ClusterEntrypoint.lambda$startCluster$1(ClusterEntrypoint.java:193)
	at org.apache.flink.runtime.security.contexts.NoOpSecurityContext.runSecured(NoOpSecurityContext.java:28)
	at org.apache.flink.runtime.entrypoint.ClusterEntrypoint.startCluster(ClusterEntrypoint.java:190)
	at org.apache.flink.runtime.entrypoint.ClusterEntrypoint.runClusterEntrypoint(ClusterEntrypoint.java:617)
	at org.apache.flink.runtime.entrypoint.StandaloneSessionClusterEntrypoint.main(StandaloneSessionClusterEntrypoint.java:59)
.
2022-04-01 09:27:39,548 ERROR org.apache.flink.runtime.entrypoint.ClusterEntrypoint        [] - Could not start cluster entrypoint StandaloneSessionClusterEntrypoint.
org.apache.flink.runtime.entrypoint.ClusterEntrypointException: Failed to initialize the cluster entrypoint StandaloneSessionClusterEntrypoint.
	at org.apache.flink.runtime.entrypoint.ClusterEntrypoint.startCluster(ClusterEntrypoint.java:216) ~[flink-dist_2.12-1.14.4.jar:1.14.4]
	at org.apache.flink.runtime.entrypoint.ClusterEntrypoint.runClusterEntrypoint(ClusterEntrypoint.java:617) [flink-dist_2.12-1.14.4.jar:1.14.4]
	at org.apache.flink.runtime.entrypoint.StandaloneSessionClusterEntrypoint.main(StandaloneSessionClusterEntrypoint.java:59) [flink-dist_2.12-1.14.4.jar:1.14.4]
Caused by: java.net.BindException: Could not start actor system on any port in port range 6123
	at org.apache.flink.runtime.rpc.akka.AkkaBootstrapTools.startRemoteActorSystem(AkkaBootstrapTools.java:133) ~[?:?]
	at org.apache.flink.runtime.rpc.akka.AkkaRpcServiceUtils$AkkaRpcServiceBuilder.createAndStart(AkkaRpcServiceUtils.java:358) ~[?:?]
	at org.apache.flink.runtime.rpc.akka.AkkaRpcServiceUtils$AkkaRpcServiceBuilder.createAndStart(AkkaRpcServiceUtils.java:327) ~[?:?]
	at org.apache.flink.runtime.rpc.akka.AkkaRpcServiceUtils$AkkaRpcServiceBuilder.createAndStart(AkkaRpcServiceUtils.java:247) ~[?:?]
	at org.apache.flink.runtime.rpc.RpcUtils.createRemoteRpcService(RpcUtils.java:191) ~[flink-dist_2.12-1.14.4.jar:1.14.4]
	at org.apache.flink.runtime.entrypoint.ClusterEntrypoint.initializeServices(ClusterEntrypoint.java:300) ~[flink-dist_2.12-1.14.4.jar:1.14.4]
	at org.apache.flink.runtime.entrypoint.ClusterEntrypoint.runCluster(ClusterEntrypoint.java:243) ~[flink-dist_2.12-1.14.4.jar:1.14.4]
	at org.apache.flink.runtime.entrypoint.ClusterEntrypoint.lambda$startCluster$1(ClusterEntrypoint.java:193) ~[flink-dist_2.12-1.14.4.jar:1.14.4]
	at org.apache.flink.runtime.security.contexts.NoOpSecurityContext.runSecured(NoOpSecurityContext.java:28) ~[flink-dist_2.12-1.14.4.jar:1.14.4]
	at org.apache.flink.runtime.entrypoint.ClusterEntrypoint.startCluster(ClusterEntrypoint.java:190) ~[flink-dist_2.12-1.14.4.jar:1.14.4]
	... 2 more
2022-04-01 09:27:39,549 ERROR org.apache.flink.util.FatalExitExceptionHandler              [] - FATAL: Thread 'flink-akka.actor.internal-dispatcher-2' produced an uncaught exception. Stopping the process...
java.lang.NoClassDefFoundError: akka/actor/dungeon/FaultHandling$$anonfun$handleNonFatalOrInterruptedException$1
	at akka.actor.dungeon.FaultHandling.handleNonFatalOrInterruptedException(FaultHandling.scala:334) ~[flink-rpc-akka_341c9d79-d88d-4ea5-b58b-2f9bfd311e98.jar:1.14.4]
	at akka.actor.dungeon.FaultHandling.handleNonFatalOrInterruptedException$(FaultHandling.scala:334) ~[flink-rpc-akka_341c9d79-d88d-4ea5-b58b-2f9bfd311e98.jar:1.14.4]
	at akka.actor.ActorCell.handleNonFatalOrInterruptedException(ActorCell.scala:411) ~[flink-rpc-akka_341c9d79-d88d-4ea5-b58b-2f9bfd311e98.jar:1.14.4]
	at akka.actor.ActorCell.invokeAll$1(ActorCell.scala:524) ~[flink-rpc-akka_341c9d79-d88d-4ea5-b58b-2f9bfd311e98.jar:1.14.4]
	at akka.actor.ActorCell.systemInvoke(ActorCell.scala:536) ~[flink-rpc-akka_341c9d79-d88d-4ea5-b58b-2f9bfd311e98.jar:1.14.4]
	at akka.dispatch.Mailbox.processAllSystemMessages(Mailbox.scala:295) ~[flink-rpc-akka_341c9d79-d88d-4ea5-b58b-2f9bfd311e98.jar:1.14.4]
	at akka.dispatch.Mailbox.run(Mailbox.scala:230) ~[flink-rpc-akka_341c9d79-d88d-4ea5-b58b-2f9bfd311e98.jar:1.14.4]
	at akka.dispatch.Mailbox.exec(Mailbox.scala:243) [flink-rpc-akka_341c9d79-d88d-4ea5-b58b-2f9bfd311e98.jar:1.14.4]
	at java.util.concurrent.ForkJoinTask.doExec(ForkJoinTask.java:290) [?:?]
	at java.util.concurrent.ForkJoinPool$WorkQueue.topLevelExec(ForkJoinPool.java:1020) [?:?]
	at java.util.concurrent.ForkJoinPool.scan(ForkJoinPool.java:1656) [?:?]
	at java.util.concurrent.ForkJoinPool.runWorker(ForkJoinPool.java:1594) [?:?]
	at java.util.concurrent.ForkJoinWorkerThread.run(ForkJoinWorkerThread.java:183) [?:?]
Caused by: java.lang.ClassNotFoundException: akka.actor.dungeon.FaultHandling$$anonfun$handleNonFatalOrInterruptedException$1
	at java.net.URLClassLoader.findClass(URLClassLoader.java:476) ~[?:?]
	at java.lang.ClassLoader.loadClass(ClassLoader.java:589) ~[?:?]
	at org.apache.flink.core.classloading.ComponentClassLoader.loadClassFromComponentOnly(ComponentClassLoader.java:125) ~[flink-dist_2.12-1.14.4.jar:1.14.4]
	at org.apache.flink.core.classloading.ComponentClassLoader.loadClass(ComponentClassLoader.java:104) ~[flink-dist_2.12-1.14.4.jar:1.14.4]
	at java.lang.ClassLoader.loadClass(ClassLoader.java:522) ~[?:?]
	... 13 more
2022-04-01 09:27:39,556 ERROR org.apache.flink.runtime.util.ClusterUncaughtExceptionHandler [] - WARNING: Thread 'flink-shutdown-hook-1' produced an uncaught exception. If you want to fail on uncaught exceptions, then configure cluster.uncaught-exception-handling accordingly
java.lang.NoClassDefFoundError: scala/collection/convert/Wrappers$MutableSetWrapper
	at scala.collection.convert.AsScalaConverters.asScalaSet(AsScalaConverters.scala:126) ~[flink-rpc-akka_341c9d79-d88d-4ea5-b58b-2f9bfd311e98.jar:1.14.4]
	at scala.collection.convert.AsScalaConverters.asScalaSet$(AsScalaConverters.scala:124) ~[flink-rpc-akka_341c9d79-d88d-4ea5-b58b-2f9bfd311e98.jar:1.14.4]
	at akka.util.ccompat.package$JavaConverters$.asScalaSet(package.scala:86) ~[flink-rpc-akka_341c9d79-d88d-4ea5-b58b-2f9bfd311e98.jar:1.14.4]
	at scala.collection.convert.DecorateAsScala.$anonfun$asScalaSetConverter$1(DecorateAsScala.scala:59) ~[flink-rpc-akka_341c9d79-d88d-4ea5-b58b-2f9bfd311e98.jar:1.14.4]
	at scala.collection.convert.Decorators$AsScala.asScala(Decorators.scala:25) ~[flink-rpc-akka_341c9d79-d88d-4ea5-b58b-2f9bfd311e98.jar:1.14.4]
	at akka.actor.CoordinatedShutdown$tasks$.totalDuration(CoordinatedShutdown.scala:481) ~[flink-rpc-akka_341c9d79-d88d-4ea5-b58b-2f9bfd311e98.jar:1.14.4]
	at akka.actor.CoordinatedShutdown.totalTimeout(CoordinatedShutdown.scala:784) ~[flink-rpc-akka_341c9d79-d88d-4ea5-b58b-2f9bfd311e98.jar:1.14.4]
	at akka.actor.CoordinatedShutdown$.$anonfun$initJvmHook$1(CoordinatedShutdown.scala:271) ~[flink-rpc-akka_341c9d79-d88d-4ea5-b58b-2f9bfd311e98.jar:1.14.4]
	at akka.actor.CoordinatedShutdown$$anon$3.run(CoordinatedShutdown.scala:814) ~[flink-rpc-akka_341c9d79-d88d-4ea5-b58b-2f9bfd311e98.jar:1.14.4]
Caused by: java.lang.ClassNotFoundException: scala.collection.convert.Wrappers$MutableSetWrapper
	at java.net.URLClassLoader.findClass(URLClassLoader.java:476) ~[?:?]
	at java.lang.ClassLoader.loadClass(ClassLoader.java:589) ~[?:?]
	at org.apache.flink.core.classloading.ComponentClassLoader.loadClassFromComponentOnly(ComponentClassLoader.java:125) ~[flink-dist_2.12-1.14.4.jar:1.14.4]
	at org.apache.flink.core.classloading.ComponentClassLoader.loadClass(ComponentClassLoader.java:104) ~[flink-dist_2.12-1.14.4.jar:1.14.4]
	at java.lang.ClassLoader.loadClass(ClassLoader.java:522) ~[?:?]
	... 9 more
