2022-03-31 12:25:18,349 INFO  org.apache.flink.client.cli.CliFrontend                      [] - --------------------------------------------------------------------------------
2022-03-31 12:25:18,350 INFO  org.apache.flink.client.cli.CliFrontend                      [] -  Starting Command Line Client (Version: 1.14.4, Scala: 2.12, Rev:895c609, Date:2022-02-25T11:57:14+01:00)
2022-03-31 12:25:18,350 INFO  org.apache.flink.client.cli.CliFrontend                      [] -  OS current user: alexander.koenemann
2022-03-31 12:25:18,351 INFO  org.apache.flink.client.cli.CliFrontend                      [] -  Current Hadoop/Kerberos user: <no hadoop dependency found>
2022-03-31 12:25:18,351 INFO  org.apache.flink.client.cli.CliFrontend                      [] -  JVM: Eclipse OpenJ9 VM - Eclipse OpenJ9 - 1.8/openj9-0.26.0
2022-03-31 12:25:18,351 INFO  org.apache.flink.client.cli.CliFrontend                      [] -  Maximum heap size: 4096 MiBytes
2022-03-31 12:25:18,351 INFO  org.apache.flink.client.cli.CliFrontend                      [] -  JAVA_HOME: /Users/alexander.koenemann/Library/Java/JavaVirtualMachines/adopt-openj9-1.8.0_292/Contents/Home
2022-03-31 12:25:18,351 INFO  org.apache.flink.client.cli.CliFrontend                      [] -  No Hadoop Dependency available
2022-03-31 12:25:18,351 INFO  org.apache.flink.client.cli.CliFrontend                      [] -  JVM Options:
2022-03-31 12:25:18,351 INFO  org.apache.flink.client.cli.CliFrontend                      [] -     -Xoptionsfile=/Users/alexander.koenemann/Library/Java/JavaVirtualMachines/adopt-openj9-1.8.0_292/Contents/Home/jre/lib/default/options.default
2022-03-31 12:25:18,351 INFO  org.apache.flink.client.cli.CliFrontend                      [] -     -Xlockword:mode=default,noLockword=java/lang/String,noLockword=java/util/MapEntry,noLockword=java/util/HashMap$Entry,noLockword=org/apache/harmony/luni/util/ModifiedMap$Entry,noLockword=java/util/Hashtable$Entry,noLockword=java/lang/invoke/MethodType,noLockword=java/lang/invoke/MethodHandle,noLockword=java/lang/invoke/CollectHandle,noLockword=java/lang/invoke/ConstructorHandle,noLockword=java/lang/invoke/ConvertHandle,noLockword=java/lang/invoke/ArgumentConversionHandle,noLockword=java/lang/invoke/AsTypeHandle,noLockword=java/lang/invoke/ExplicitCastHandle,noLockword=java/lang/invoke/FilterReturnHandle,noLockword=java/lang/invoke/DirectHandle,noLockword=java/lang/invoke/ReceiverBoundHandle,noLockword=java/lang/invoke/DynamicInvokerHandle,noLockword=java/lang/invoke/FieldHandle,noLockword=java/lang/invoke/FieldGetterHandle,noLockword=java/lang/invoke/FieldSetterHandle,noLockword=java/lang/invoke/StaticFieldGetterHandle,noLockword=java/lang/invoke/StaticFieldSetterHandle,noLockword=java/lang/invoke/IndirectHandle,noLockword=java/lang/invoke/InterfaceHandle,noLockword=java/lang/invoke/VirtualHandle,noLockword=java/lang/invoke/PrimitiveHandle,noLockword=java/lang/invoke/InvokeExactHandle,noLockword=java/lang/invoke/InvokeGenericHandle,noLockword=java/lang/invoke/VarargsCollectorHandle,noLockword=java/lang/invoke/ThunkTuple
2022-03-31 12:25:18,351 INFO  org.apache.flink.client.cli.CliFrontend                      [] -     -Xjcl:jclse29
2022-03-31 12:25:18,351 INFO  org.apache.flink.client.cli.CliFrontend                      [] -     -Dcom.ibm.oti.vm.bootstrap.library.path=/Users/alexander.koenemann/Library/Java/JavaVirtualMachines/adopt-openj9-1.8.0_292/Contents/Home/jre/lib/default:/Users/alexander.koenemann/Library/Java/JavaVirtualMachines/adopt-openj9-1.8.0_292/Contents/Home/jre/lib
2022-03-31 12:25:18,351 INFO  org.apache.flink.client.cli.CliFrontend                      [] -     -Dsun.boot.library.path=/Users/alexander.koenemann/Library/Java/JavaVirtualMachines/adopt-openj9-1.8.0_292/Contents/Home/jre/lib/default:/Users/alexander.koenemann/Library/Java/JavaVirtualMachines/adopt-openj9-1.8.0_292/Contents/Home/jre/lib
2022-03-31 12:25:18,351 INFO  org.apache.flink.client.cli.CliFrontend                      [] -     -Djava.library.path=/Users/alexander.koenemann/Library/Java/JavaVirtualMachines/adopt-openj9-1.8.0_292/Contents/Home/jre/lib/default:/Users/alexander.koenemann/Library/Java/JavaVirtualMachines/adopt-openj9-1.8.0_292/Contents/Home/jre/lib:/usr/lib
2022-03-31 12:25:18,352 INFO  org.apache.flink.client.cli.CliFrontend                      [] -     -Djava.home=/Users/alexander.koenemann/Library/Java/JavaVirtualMachines/adopt-openj9-1.8.0_292/Contents/Home/jre
2022-03-31 12:25:18,352 INFO  org.apache.flink.client.cli.CliFrontend                      [] -     -Djava.ext.dirs=/Users/alexander.koenemann/Library/Java/JavaVirtualMachines/adopt-openj9-1.8.0_292/Contents/Home/jre/lib/ext
2022-03-31 12:25:18,352 INFO  org.apache.flink.client.cli.CliFrontend                      [] -     -Duser.dir=/Users/alexander.koenemann/IdeaProjects/ba-spark-koenemann/Environments/FlinkEnv/flink-1.14.4
2022-03-31 12:25:18,352 INFO  org.apache.flink.client.cli.CliFrontend                      [] -     -Djava.class.path=.
2022-03-31 12:25:18,352 INFO  org.apache.flink.client.cli.CliFrontend                      [] -     -Dlog.file=/Users/alexander.koenemann/IdeaProjects/ba-spark-koenemann/Environments/FlinkEnv/flink-1.14.4/log/flink-alexander.koenemann-client-nb-akoenemann.fritz.box.log
2022-03-31 12:25:18,352 INFO  org.apache.flink.client.cli.CliFrontend                      [] -     -Dlog4j.configuration=file:/Users/alexander.koenemann/IdeaProjects/ba-spark-koenemann/Environments/FlinkEnv/flink-1.14.4/conf/log4j-cli.properties
2022-03-31 12:25:18,352 INFO  org.apache.flink.client.cli.CliFrontend                      [] -     -Dlog4j.configurationFile=file:/Users/alexander.koenemann/IdeaProjects/ba-spark-koenemann/Environments/FlinkEnv/flink-1.14.4/conf/log4j-cli.properties
2022-03-31 12:25:18,352 INFO  org.apache.flink.client.cli.CliFrontend                      [] -     -Dlogback.configurationFile=file:/Users/alexander.koenemann/IdeaProjects/ba-spark-koenemann/Environments/FlinkEnv/flink-1.14.4/conf/logback.xml
2022-03-31 12:25:18,352 INFO  org.apache.flink.client.cli.CliFrontend                      [] -     -Djava.class.path=/Users/alexander.koenemann/IdeaProjects/ba-spark-koenemann/Environments/FlinkEnv/flink-1.14.4/lib/flink-csv-1.14.4.jar:/Users/alexander.koenemann/IdeaProjects/ba-spark-koenemann/Environments/FlinkEnv/flink-1.14.4/lib/flink-json-1.14.4.jar:/Users/alexander.koenemann/IdeaProjects/ba-spark-koenemann/Environments/FlinkEnv/flink-1.14.4/lib/flink-shaded-zookeeper-3.4.14.jar:/Users/alexander.koenemann/IdeaProjects/ba-spark-koenemann/Environments/FlinkEnv/flink-1.14.4/lib/flink-table_2.12-1.14.4.jar:/Users/alexander.koenemann/IdeaProjects/ba-spark-koenemann/Environments/FlinkEnv/flink-1.14.4/lib/log4j-1.2-api-2.17.1.jar:/Users/alexander.koenemann/IdeaProjects/ba-spark-koenemann/Environments/FlinkEnv/flink-1.14.4/lib/log4j-api-2.17.1.jar:/Users/alexander.koenemann/IdeaProjects/ba-spark-koenemann/Environments/FlinkEnv/flink-1.14.4/lib/log4j-core-2.17.1.jar:/Users/alexander.koenemann/IdeaProjects/ba-spark-koenemann/Environments/FlinkEnv/flink-1.14.4/lib/log4j-slf4j-impl-2.17.1.jar:/Users/alexander.koenemann/IdeaProjects/ba-spark-koenemann/Environments/FlinkEnv/flink-1.14.4/lib/flink-dist_2.12-1.14.4.jar:::
2022-03-31 12:25:18,352 INFO  org.apache.flink.client.cli.CliFrontend                      [] -     -Dsun.java.command=org.apache.flink.client.cli.CliFrontend run examples/streaming/WordCount.jar
2022-03-31 12:25:18,352 INFO  org.apache.flink.client.cli.CliFrontend                      [] -     -Dsun.java.launcher=SUN_STANDARD
2022-03-31 12:25:18,352 INFO  org.apache.flink.client.cli.CliFrontend                      [] -  Program Arguments:
2022-03-31 12:25:18,353 INFO  org.apache.flink.client.cli.CliFrontend                      [] -     run
2022-03-31 12:25:18,353 INFO  org.apache.flink.client.cli.CliFrontend                      [] -     examples/streaming/WordCount.jar
2022-03-31 12:25:18,354 INFO  org.apache.flink.client.cli.CliFrontend                      [] -  Classpath: /Users/alexander.koenemann/IdeaProjects/ba-spark-koenemann/Environments/FlinkEnv/flink-1.14.4/lib/flink-csv-1.14.4.jar:/Users/alexander.koenemann/IdeaProjects/ba-spark-koenemann/Environments/FlinkEnv/flink-1.14.4/lib/flink-json-1.14.4.jar:/Users/alexander.koenemann/IdeaProjects/ba-spark-koenemann/Environments/FlinkEnv/flink-1.14.4/lib/flink-shaded-zookeeper-3.4.14.jar:/Users/alexander.koenemann/IdeaProjects/ba-spark-koenemann/Environments/FlinkEnv/flink-1.14.4/lib/flink-table_2.12-1.14.4.jar:/Users/alexander.koenemann/IdeaProjects/ba-spark-koenemann/Environments/FlinkEnv/flink-1.14.4/lib/log4j-1.2-api-2.17.1.jar:/Users/alexander.koenemann/IdeaProjects/ba-spark-koenemann/Environments/FlinkEnv/flink-1.14.4/lib/log4j-api-2.17.1.jar:/Users/alexander.koenemann/IdeaProjects/ba-spark-koenemann/Environments/FlinkEnv/flink-1.14.4/lib/log4j-core-2.17.1.jar:/Users/alexander.koenemann/IdeaProjects/ba-spark-koenemann/Environments/FlinkEnv/flink-1.14.4/lib/log4j-slf4j-impl-2.17.1.jar:/Users/alexander.koenemann/IdeaProjects/ba-spark-koenemann/Environments/FlinkEnv/flink-1.14.4/lib/flink-dist_2.12-1.14.4.jar:::
2022-03-31 12:25:18,354 INFO  org.apache.flink.client.cli.CliFrontend                      [] - --------------------------------------------------------------------------------
2022-03-31 12:25:18,357 INFO  org.apache.flink.configuration.GlobalConfiguration           [] - Loading configuration property: jobmanager.rpc.address, localhost
2022-03-31 12:25:18,357 INFO  org.apache.flink.configuration.GlobalConfiguration           [] - Loading configuration property: jobmanager.rpc.port, 6123
2022-03-31 12:25:18,357 INFO  org.apache.flink.configuration.GlobalConfiguration           [] - Loading configuration property: jobmanager.memory.process.size, 1600m
2022-03-31 12:25:18,357 INFO  org.apache.flink.configuration.GlobalConfiguration           [] - Loading configuration property: taskmanager.memory.process.size, 1728m
2022-03-31 12:25:18,357 INFO  org.apache.flink.configuration.GlobalConfiguration           [] - Loading configuration property: taskmanager.numberOfTaskSlots, 1
2022-03-31 12:25:18,357 INFO  org.apache.flink.configuration.GlobalConfiguration           [] - Loading configuration property: parallelism.default, 1
2022-03-31 12:25:18,358 INFO  org.apache.flink.configuration.GlobalConfiguration           [] - Loading configuration property: jobmanager.execution.failover-strategy, region
2022-03-31 12:25:18,379 INFO  org.apache.flink.client.cli.CliFrontend                      [] - Loading FallbackYarnSessionCli
2022-03-31 12:25:18,414 INFO  org.apache.flink.core.fs.FileSystem                          [] - Hadoop is not in the classpath/dependencies. The extended set of supported File Systems via Hadoop is not available.
2022-03-31 12:25:18,561 INFO  org.apache.flink.runtime.security.modules.HadoopModuleFactory [] - Cannot create Hadoop Security Module because Hadoop cannot be found in the Classpath.
2022-03-31 12:25:18,581 INFO  org.apache.flink.runtime.security.modules.JaasModule         [] - Jaas file will be created as /var/folders/9q/m8t4_d457_j76vmbq0fy3y5h0000gq/T/jaas-7957391811175480453.conf.
2022-03-31 12:25:18,584 INFO  org.apache.flink.runtime.security.contexts.HadoopSecurityContextFactory [] - Cannot install HadoopSecurityContext because Hadoop cannot be found in the Classpath.
2022-03-31 12:25:18,585 INFO  org.apache.flink.client.cli.CliFrontend                      [] - Running 'run' command.
2022-03-31 12:25:18,611 INFO  org.apache.flink.client.cli.CliFrontend                      [] - Building program from JAR file
2022-03-31 12:25:18,620 INFO  org.apache.flink.client.ClientUtils                          [] - Starting program (detached: false)
2022-03-31 12:25:19,008 INFO  org.apache.flink.configuration.Configuration                 [] - Config uses fallback configuration key 'jobmanager.rpc.address' instead of key 'rest.address'
2022-03-31 12:25:19,028 INFO  org.apache.flink.client.program.rest.RestClusterClient       [] - Submitting job 'Streaming WordCount' (b42bb56ff577f8023f6a1a94056944d9).
2022-03-31 12:25:19,285 INFO  org.apache.flink.client.program.rest.RestClusterClient       [] - Successfully submitted job 'Streaming WordCount' (b42bb56ff577f8023f6a1a94056944d9) to 'http://localhost:8081'.
2022-03-31 12:25:19,348 INFO  org.apache.flink.configuration.Configuration                 [] - Config uses fallback configuration key 'jobmanager.rpc.address' instead of key 'rest.address'
