2022-04-01 12:46:40,718 INFO  org.apache.flink.runtime.entrypoint.ClusterEntrypoint        [] - --------------------------------------------------------------------------------
2022-04-01 12:46:40,719 INFO  org.apache.flink.runtime.entrypoint.ClusterEntrypoint        [] -  Preconfiguration: 
2022-04-01 12:46:40,720 INFO  org.apache.flink.runtime.entrypoint.ClusterEntrypoint        [] - 


RESOURCE_PARAMS extraction logs:
jvm_params: -Xmx1073741824 -Xms1073741824 -XX:MaxMetaspaceSize=268435456
dynamic_configs: -D jobmanager.memory.off-heap.size=134217728b -D jobmanager.memory.jvm-overhead.min=201326592b -D jobmanager.memory.jvm-metaspace.size=268435456b -D jobmanager.memory.heap.size=1073741824b -D jobmanager.memory.jvm-overhead.max=201326592b
logs: WARNING: sun.reflect.Reflection.getCallerClass is not supported. This will impact performance.
INFO  [] - Loading configuration property: jobmanager.rpc.address, expensivefuck
INFO  [] - Loading configuration property: jobmanager.rpc.port, 6123
INFO  [] - Loading configuration property: jobmanager.memory.process.size, 1600m
INFO  [] - Loading configuration property: taskmanager.memory.process.size, 1728m
INFO  [] - Loading configuration property: taskmanager.numberOfTaskSlots, 1
INFO  [] - Loading configuration property: parallelism.default, 1
INFO  [] - Loading configuration property: jobmanager.execution.failover-strategy, region
INFO  [] - The derived from fraction jvm overhead memory (160.000mb (167772162 bytes)) is less than its min value 192.000mb (201326592 bytes), min value will be used instead
INFO  [] - Final Master Memory configuration:
INFO  [] -   Total Process Memory: 1.563gb (1677721600 bytes)
INFO  [] -     Total Flink Memory: 1.125gb (1207959552 bytes)
INFO  [] -       JVM Heap:         1024.000mb (1073741824 bytes)
INFO  [] -       Off-heap:         128.000mb (134217728 bytes)
INFO  [] -     JVM Metaspace:      256.000mb (268435456 bytes)
INFO  [] -     JVM Overhead:       192.000mb (201326592 bytes)

2022-04-01 12:46:40,720 INFO  org.apache.flink.runtime.entrypoint.ClusterEntrypoint        [] - --------------------------------------------------------------------------------
2022-04-01 12:46:40,720 INFO  org.apache.flink.runtime.entrypoint.ClusterEntrypoint        [] -  Starting StandaloneSessionClusterEntrypoint (Version: 1.14.4, Scala: 2.12, Rev:895c609, Date:2022-02-25T11:57:14+01:00)
2022-04-01 12:46:40,720 INFO  org.apache.flink.runtime.entrypoint.ClusterEntrypoint        [] -  OS current user: alex
2022-04-01 12:46:40,720 INFO  org.apache.flink.runtime.entrypoint.ClusterEntrypoint        [] -  Current Hadoop/Kerberos user: <no hadoop dependency found>
2022-04-01 12:46:40,721 INFO  org.apache.flink.runtime.entrypoint.ClusterEntrypoint        [] -  JVM: OpenJDK 64-Bit Server VM - Oracle Corporation - 11/11.0.15+3
2022-04-01 12:46:40,721 INFO  org.apache.flink.runtime.entrypoint.ClusterEntrypoint        [] -  Maximum heap size: 1024 MiBytes
2022-04-01 12:46:40,721 INFO  org.apache.flink.runtime.entrypoint.ClusterEntrypoint        [] -  JAVA_HOME: /usr/lib/jvm/java-11-openjdk
2022-04-01 12:46:40,721 INFO  org.apache.flink.runtime.entrypoint.ClusterEntrypoint        [] -  No Hadoop Dependency available
2022-04-01 12:46:40,721 INFO  org.apache.flink.runtime.entrypoint.ClusterEntrypoint        [] -  JVM Options:
2022-04-01 12:46:40,721 INFO  org.apache.flink.runtime.entrypoint.ClusterEntrypoint        [] -     -Xmx1073741824
2022-04-01 12:46:40,721 INFO  org.apache.flink.runtime.entrypoint.ClusterEntrypoint        [] -     -Xms1073741824
2022-04-01 12:46:40,722 INFO  org.apache.flink.runtime.entrypoint.ClusterEntrypoint        [] -     -XX:MaxMetaspaceSize=268435456
2022-04-01 12:46:40,722 INFO  org.apache.flink.runtime.entrypoint.ClusterEntrypoint        [] -     -Dlog.file=/home/alex/0_Projects/ba-spark-koenemann/Environments/FlinkEnv/flink-1.14.4/log/flink-alex-standalonesession-0-expensivefuck.log
2022-04-01 12:46:40,722 INFO  org.apache.flink.runtime.entrypoint.ClusterEntrypoint        [] -     -Dlog4j.configuration=file:/home/alex/0_Projects/ba-spark-koenemann/Environments/FlinkEnv/flink-1.14.4/conf/log4j-console.properties
2022-04-01 12:46:40,722 INFO  org.apache.flink.runtime.entrypoint.ClusterEntrypoint        [] -     -Dlog4j.configurationFile=file:/home/alex/0_Projects/ba-spark-koenemann/Environments/FlinkEnv/flink-1.14.4/conf/log4j-console.properties
2022-04-01 12:46:40,722 INFO  org.apache.flink.runtime.entrypoint.ClusterEntrypoint        [] -     -Dlogback.configurationFile=file:/home/alex/0_Projects/ba-spark-koenemann/Environments/FlinkEnv/flink-1.14.4/conf/logback-console.xml
2022-04-01 12:46:40,722 INFO  org.apache.flink.runtime.entrypoint.ClusterEntrypoint        [] -  Program Arguments:
2022-04-01 12:46:40,723 INFO  org.apache.flink.runtime.entrypoint.ClusterEntrypoint        [] -     --configDir
2022-04-01 12:46:40,723 INFO  org.apache.flink.runtime.entrypoint.ClusterEntrypoint        [] -     /home/alex/0_Projects/ba-spark-koenemann/Environments/FlinkEnv/flink-1.14.4/conf
2022-04-01 12:46:40,723 INFO  org.apache.flink.runtime.entrypoint.ClusterEntrypoint        [] -     --executionMode
2022-04-01 12:46:40,723 INFO  org.apache.flink.runtime.entrypoint.ClusterEntrypoint        [] -     cluster
2022-04-01 12:46:40,723 INFO  org.apache.flink.runtime.entrypoint.ClusterEntrypoint        [] -     -D
2022-04-01 12:46:40,723 INFO  org.apache.flink.runtime.entrypoint.ClusterEntrypoint        [] -     jobmanager.memory.off-heap.size=134217728b
2022-04-01 12:46:40,723 INFO  org.apache.flink.runtime.entrypoint.ClusterEntrypoint        [] -     -D
2022-04-01 12:46:40,723 INFO  org.apache.flink.runtime.entrypoint.ClusterEntrypoint        [] -     jobmanager.memory.jvm-overhead.min=201326592b
2022-04-01 12:46:40,724 INFO  org.apache.flink.runtime.entrypoint.ClusterEntrypoint        [] -     -D
2022-04-01 12:46:40,724 INFO  org.apache.flink.runtime.entrypoint.ClusterEntrypoint        [] -     jobmanager.memory.jvm-metaspace.size=268435456b
2022-04-01 12:46:40,724 INFO  org.apache.flink.runtime.entrypoint.ClusterEntrypoint        [] -     -D
2022-04-01 12:46:40,724 INFO  org.apache.flink.runtime.entrypoint.ClusterEntrypoint        [] -     jobmanager.memory.heap.size=1073741824b
2022-04-01 12:46:40,724 INFO  org.apache.flink.runtime.entrypoint.ClusterEntrypoint        [] -     -D
2022-04-01 12:46:40,724 INFO  org.apache.flink.runtime.entrypoint.ClusterEntrypoint        [] -     jobmanager.memory.jvm-overhead.max=201326592b
2022-04-01 12:46:40,724 INFO  org.apache.flink.runtime.entrypoint.ClusterEntrypoint        [] -  Classpath: /home/alex/0_Projects/ba-spark-koenemann/Environments/FlinkEnv/flink-1.14.4/lib/flink-csv-1.14.4.jar:/home/alex/0_Projects/ba-spark-koenemann/Environments/FlinkEnv/flink-1.14.4/lib/flink-json-1.14.4.jar:/home/alex/0_Projects/ba-spark-koenemann/Environments/FlinkEnv/flink-1.14.4/lib/flink-shaded-zookeeper-3.4.14.jar:/home/alex/0_Projects/ba-spark-koenemann/Environments/FlinkEnv/flink-1.14.4/lib/flink-table_2.12-1.14.4.jar:/home/alex/0_Projects/ba-spark-koenemann/Environments/FlinkEnv/flink-1.14.4/lib/log4j-1.2-api-2.17.1.jar:/home/alex/0_Projects/ba-spark-koenemann/Environments/FlinkEnv/flink-1.14.4/lib/log4j-api-2.17.1.jar:/home/alex/0_Projects/ba-spark-koenemann/Environments/FlinkEnv/flink-1.14.4/lib/log4j-core-2.17.1.jar:/home/alex/0_Projects/ba-spark-koenemann/Environments/FlinkEnv/flink-1.14.4/lib/log4j-slf4j-impl-2.17.1.jar:/home/alex/0_Projects/ba-spark-koenemann/Environments/FlinkEnv/flink-1.14.4/lib/flink-dist_2.12-1.14.4.jar:::
2022-04-01 12:46:40,724 INFO  org.apache.flink.runtime.entrypoint.ClusterEntrypoint        [] - --------------------------------------------------------------------------------
2022-04-01 12:46:40,725 INFO  org.apache.flink.runtime.entrypoint.ClusterEntrypoint        [] - Registered UNIX signal handlers for [TERM, HUP, INT]
2022-04-01 12:46:40,735 INFO  org.apache.flink.configuration.GlobalConfiguration           [] - Loading configuration property: jobmanager.rpc.address, expensivefuck
2022-04-01 12:46:40,735 INFO  org.apache.flink.configuration.GlobalConfiguration           [] - Loading configuration property: jobmanager.rpc.port, 6123
2022-04-01 12:46:40,735 INFO  org.apache.flink.configuration.GlobalConfiguration           [] - Loading configuration property: jobmanager.memory.process.size, 1600m
2022-04-01 12:46:40,735 INFO  org.apache.flink.configuration.GlobalConfiguration           [] - Loading configuration property: taskmanager.memory.process.size, 1728m
2022-04-01 12:46:40,735 INFO  org.apache.flink.configuration.GlobalConfiguration           [] - Loading configuration property: taskmanager.numberOfTaskSlots, 1
2022-04-01 12:46:40,736 INFO  org.apache.flink.configuration.GlobalConfiguration           [] - Loading configuration property: parallelism.default, 1
2022-04-01 12:46:40,736 INFO  org.apache.flink.configuration.GlobalConfiguration           [] - Loading configuration property: jobmanager.execution.failover-strategy, region
2022-04-01 12:46:40,760 INFO  org.apache.flink.runtime.entrypoint.ClusterEntrypoint        [] - Starting StandaloneSessionClusterEntrypoint.
2022-04-01 12:46:40,797 INFO  org.apache.flink.runtime.entrypoint.ClusterEntrypoint        [] - Install default filesystem.
2022-04-01 12:46:40,800 INFO  org.apache.flink.core.fs.FileSystem                          [] - Hadoop is not in the classpath/dependencies. The extended set of supported File Systems via Hadoop is not available.
2022-04-01 12:46:40,829 INFO  org.apache.flink.runtime.entrypoint.ClusterEntrypoint        [] - Install security context.
2022-04-01 12:46:40,840 INFO  org.apache.flink.runtime.security.modules.HadoopModuleFactory [] - Cannot create Hadoop Security Module because Hadoop cannot be found in the Classpath.
2022-04-01 12:46:40,843 INFO  org.apache.flink.runtime.security.modules.JaasModule         [] - Jaas file will be created as /tmp/jaas-10120184435931820614.conf.
2022-04-01 12:46:40,875 INFO  org.apache.flink.runtime.security.contexts.HadoopSecurityContextFactory [] - Cannot install HadoopSecurityContext because Hadoop cannot be found in the Classpath.
2022-04-01 12:46:40,878 INFO  org.apache.flink.runtime.entrypoint.ClusterEntrypoint        [] - Initializing cluster services.
2022-04-01 12:46:41,128 INFO  org.apache.flink.runtime.rpc.akka.AkkaRpcServiceUtils        [] - Trying to start actor system, external address expensivefuck:6123, bind address 0.0.0.0:6123.
2022-04-01 12:46:41,698 INFO  akka.event.slf4j.Slf4jLogger                                 [] - Slf4jLogger started
2022-04-01 12:46:41,725 INFO  akka.remote.RemoteActorRefProvider                           [] - Akka Cluster not in use - enabling unsafe features anyway because `akka.remote.use-unsafe-remote-features-outside-cluster` has been enabled.
2022-04-01 12:46:41,726 INFO  akka.remote.Remoting                                         [] - Starting remoting
2022-04-01 12:46:41,865 INFO  akka.remote.Remoting                                         [] - Remoting started; listening on addresses :[akka.tcp://flink@expensivefuck:6123]
2022-04-01 12:46:41,964 INFO  org.apache.flink.runtime.rpc.akka.AkkaRpcServiceUtils        [] - Actor system started at akka.tcp://flink@expensivefuck:6123
2022-04-01 12:46:41,988 INFO  org.apache.flink.configuration.Configuration                 [] - Config uses fallback configuration key 'jobmanager.rpc.address' instead of key 'rest.address'
2022-04-01 12:46:41,996 INFO  org.apache.flink.runtime.blob.BlobServer                     [] - Created BLOB server storage directory /tmp/blobStore-8f505258-bc60-4ab2-bcd1-0e659f1f4253
2022-04-01 12:46:41,998 INFO  org.apache.flink.runtime.blob.BlobServer                     [] - Started BLOB server at 0.0.0.0:39003 - max concurrent requests: 50 - max backlog: 1000
2022-04-01 12:46:42,007 INFO  org.apache.flink.runtime.metrics.MetricRegistryImpl          [] - No metrics reporter configured, no metrics will be exposed/reported.
2022-04-01 12:46:42,011 INFO  org.apache.flink.runtime.rpc.akka.AkkaRpcServiceUtils        [] - Trying to start actor system, external address expensivefuck:0, bind address 0.0.0.0:0.
2022-04-01 12:46:42,034 INFO  akka.event.slf4j.Slf4jLogger                                 [] - Slf4jLogger started
2022-04-01 12:46:42,039 INFO  akka.remote.RemoteActorRefProvider                           [] - Akka Cluster not in use - enabling unsafe features anyway because `akka.remote.use-unsafe-remote-features-outside-cluster` has been enabled.
2022-04-01 12:46:42,040 INFO  akka.remote.Remoting                                         [] - Starting remoting
2022-04-01 12:46:42,048 INFO  akka.remote.Remoting                                         [] - Remoting started; listening on addresses :[akka.tcp://flink-metrics@expensivefuck:35701]
2022-04-01 12:46:42,059 INFO  org.apache.flink.runtime.rpc.akka.AkkaRpcServiceUtils        [] - Actor system started at akka.tcp://flink-metrics@expensivefuck:35701
2022-04-01 12:46:42,075 INFO  org.apache.flink.runtime.rpc.akka.AkkaRpcService             [] - Starting RPC endpoint for org.apache.flink.runtime.metrics.dump.MetricQueryService at akka://flink-metrics/user/rpc/MetricQueryService .
2022-04-01 12:46:42,100 INFO  org.apache.flink.runtime.dispatcher.FileExecutionGraphInfoStore [] - Initializing FileExecutionGraphInfoStore: Storage directory /tmp/executionGraphStore-3f906edc-fb61-4228-9d35-eb5647f78893, expiration time 3600000, maximum cache size 52428800 bytes.
2022-04-01 12:46:42,142 INFO  org.apache.flink.configuration.Configuration                 [] - Config uses fallback configuration key 'jobmanager.rpc.address' instead of key 'rest.address'
2022-04-01 12:46:42,142 INFO  org.apache.flink.runtime.dispatcher.DispatcherRestEndpoint   [] - Upload directory /tmp/flink-web-23231522-0614-4c4c-aac7-bee08daa3b5b/flink-web-upload does not exist. 
2022-04-01 12:46:42,143 INFO  org.apache.flink.runtime.dispatcher.DispatcherRestEndpoint   [] - Created directory /tmp/flink-web-23231522-0614-4c4c-aac7-bee08daa3b5b/flink-web-upload for file uploads.
2022-04-01 12:46:42,144 INFO  org.apache.flink.runtime.dispatcher.DispatcherRestEndpoint   [] - Starting rest endpoint.
2022-04-01 12:46:42,302 INFO  org.apache.flink.runtime.webmonitor.WebMonitorUtils          [] - Determined location of main cluster component log file: /home/alex/0_Projects/ba-spark-koenemann/Environments/FlinkEnv/flink-1.14.4/log/flink-alex-standalonesession-0-expensivefuck.log
2022-04-01 12:46:42,302 INFO  org.apache.flink.runtime.webmonitor.WebMonitorUtils          [] - Determined location of main cluster component stdout file: /home/alex/0_Projects/ba-spark-koenemann/Environments/FlinkEnv/flink-1.14.4/log/flink-alex-standalonesession-0-expensivefuck.out
2022-04-01 12:46:42,416 INFO  org.apache.flink.runtime.dispatcher.DispatcherRestEndpoint   [] - Rest endpoint listening at expensivefuck:8081
2022-04-01 12:46:42,417 INFO  org.apache.flink.runtime.dispatcher.DispatcherRestEndpoint   [] - http://expensivefuck:8081 was granted leadership with leaderSessionID=00000000-0000-0000-0000-000000000000
2022-04-01 12:46:42,418 INFO  org.apache.flink.runtime.dispatcher.DispatcherRestEndpoint   [] - Web frontend listening at http://expensivefuck:8081.
2022-04-01 12:46:42,437 INFO  org.apache.flink.runtime.dispatcher.runner.DefaultDispatcherRunner [] - DefaultDispatcherRunner was granted leadership with leader id 00000000-0000-0000-0000-000000000000. Creating new DispatcherLeaderProcess.
2022-04-01 12:46:42,441 INFO  org.apache.flink.runtime.dispatcher.runner.SessionDispatcherLeaderProcess [] - Start SessionDispatcherLeaderProcess.
2022-04-01 12:46:42,442 INFO  org.apache.flink.runtime.resourcemanager.ResourceManagerServiceImpl [] - Starting resource manager service.
2022-04-01 12:46:42,442 INFO  org.apache.flink.runtime.dispatcher.runner.SessionDispatcherLeaderProcess [] - Recover all persisted job graphs.
2022-04-01 12:46:42,443 INFO  org.apache.flink.runtime.dispatcher.runner.SessionDispatcherLeaderProcess [] - Successfully recovered 0 persisted job graphs.
2022-04-01 12:46:42,443 INFO  org.apache.flink.runtime.resourcemanager.ResourceManagerServiceImpl [] - Resource manager service is granted leadership with session id 00000000-0000-0000-0000-000000000000.
2022-04-01 12:46:42,451 INFO  org.apache.flink.runtime.rpc.akka.AkkaRpcService             [] - Starting RPC endpoint for org.apache.flink.runtime.dispatcher.StandaloneDispatcher at akka://flink/user/rpc/dispatcher_0 .
2022-04-01 12:46:42,463 INFO  org.apache.flink.runtime.rpc.akka.AkkaRpcService             [] - Starting RPC endpoint for org.apache.flink.runtime.resourcemanager.StandaloneResourceManager at akka://flink/user/rpc/resourcemanager_1 .
2022-04-01 12:46:42,473 INFO  org.apache.flink.runtime.resourcemanager.StandaloneResourceManager [] - Starting the resource manager.
2022-04-01 12:48:51,183 INFO  org.apache.flink.runtime.resourcemanager.StandaloneResourceManager [] - Registering TaskManager with ResourceID 127.0.1.1:41385-ad2980 (akka.tcp://flink@127.0.1.1:41385/user/rpc/taskmanager_0) at ResourceManager
2022-04-01 12:49:16,802 WARN  akka.remote.ReliableDeliverySupervisor                       [] - Association with remote system [akka.tcp://flink@127.0.1.1:41385] has failed, address is now gated for [50] ms. Reason: [Disassociated] 
2022-04-01 12:49:22,843 WARN  akka.remote.transport.netty.NettyTransport                   [] - Remote connection to [null] failed with java.net.ConnectException: Connection refused: /127.0.1.1:41385
2022-04-01 12:49:22,845 WARN  akka.remote.ReliableDeliverySupervisor                       [] - Association with remote system [akka.tcp://flink@127.0.1.1:41385] has failed, address is now gated for [50] ms. Reason: [Association failed with [akka.tcp://flink@127.0.1.1:41385]] Caused by: [java.net.ConnectException: Connection refused: /127.0.1.1:41385]
2022-04-01 12:49:32,836 WARN  akka.remote.transport.netty.NettyTransport                   [] - Remote connection to [null] failed with java.net.ConnectException: Connection refused: /127.0.1.1:41385
2022-04-01 12:49:32,838 WARN  akka.remote.ReliableDeliverySupervisor                       [] - Association with remote system [akka.tcp://flink@127.0.1.1:41385] has failed, address is now gated for [50] ms. Reason: [Association failed with [akka.tcp://flink@127.0.1.1:41385]] Caused by: [java.net.ConnectException: Connection refused: /127.0.1.1:41385]
2022-04-01 12:49:32,839 INFO  org.apache.flink.runtime.resourcemanager.StandaloneResourceManager [] - TaskManager with id 127.0.1.1:41385-ad2980 is no longer reachable.
2022-04-01 12:49:32,840 INFO  org.apache.flink.runtime.resourcemanager.StandaloneResourceManager [] - Closing TaskExecutor connection 127.0.1.1:41385-ad2980 because: TaskManager with id 127.0.1.1:41385-ad2980 is no longer reachable.
2022-04-01 12:52:34,523 INFO  org.apache.flink.runtime.entrypoint.ClusterEntrypoint        [] - RECEIVED SIGNAL 2: SIGINT. Shutting down as requested.
2022-04-01 12:52:34,531 INFO  org.apache.flink.runtime.entrypoint.ClusterEntrypoint        [] - Shutting StandaloneSessionClusterEntrypoint down with application status UNKNOWN. Diagnostics Cluster entrypoint has been closed externally..
2022-04-01 12:52:34,536 INFO  org.apache.flink.runtime.dispatcher.DispatcherRestEndpoint   [] - Shutting down rest endpoint.
2022-04-01 12:52:34,536 INFO  org.apache.flink.runtime.blob.BlobServer                     [] - Stopped BLOB server at 0.0.0.0:39003
2022-04-01 12:52:34,600 INFO  akka.remote.RemoteActorRefProvider$RemotingTerminator        [] - Remote daemon shut down; proceeding with flushing remote transports.
2022-04-01 12:52:34,606 INFO  akka.remote.RemoteActorRefProvider$RemotingTerminator        [] - Shutting down remote daemon.
2022-04-01 12:52:34,607 INFO  akka.remote.RemoteActorRefProvider$RemotingTerminator        [] - Remote daemon shut down; proceeding with flushing remote transports.
2022-04-01 12:52:34,614 INFO  akka.remote.RemoteActorRefProvider$RemotingTerminator        [] - Remoting shut down.
2022-04-01 12:52:34,614 INFO  akka.remote.RemoteActorRefProvider$RemotingTerminator        [] - Remoting shut down.
