2022-03-31 12:00:40,000 INFO  org.apache.flink.runtime.entrypoint.ClusterEntrypoint        [] - --------------------------------------------------------------------------------
2022-03-31 12:00:40,002 INFO  org.apache.flink.runtime.entrypoint.ClusterEntrypoint        [] -  Preconfiguration: 
2022-03-31 12:00:40,002 INFO  org.apache.flink.runtime.entrypoint.ClusterEntrypoint        [] - 


RESOURCE_PARAMS extraction logs:
jvm_params: -Xmx1073741824 -Xms1073741824 -XX:MaxMetaspaceSize=268435456
dynamic_configs: -D jobmanager.memory.off-heap.size=134217728b -D jobmanager.memory.jvm-overhead.min=201326592b -D jobmanager.memory.jvm-metaspace.size=268435456b -D jobmanager.memory.heap.size=1073741824b -D jobmanager.memory.jvm-overhead.max=201326592b
logs: INFO  [] - Loading configuration property: jobmanager.rpc.address, localhost
INFO  [] - Loading configuration property: jobmanager.rpc.port, 6123
INFO  [] - Loading configuration property: jobmanager.memory.process.size, 1600m
INFO  [] - Loading configuration property: taskmanager.memory.process.size, 1728m
INFO  [] - Loading configuration property: taskmanager.numberOfTaskSlots, 1
INFO  [] - Loading configuration property: parallelism.default, 1
INFO  [] - Loading configuration property: jobmanager.execution.failover-strategy, region
INFO  [] - The derived from fraction jvm overhead memory (160.000mb (167772162 bytes)) is less than its min value 192.000mb (201326592 bytes), min value will be used instead
INFO  [] - Final Master Memory configuration:
INFO  [] -   Total Process Memory: 1.563gb (1677721600 bytes)
INFO  [] -     Total Flink Memory: 1.125gb (1207959552 bytes)
INFO  [] -       JVM Heap:         1024.000mb (1073741824 bytes)
INFO  [] -       Off-heap:         128.000mb (134217728 bytes)
INFO  [] -     JVM Metaspace:      256.000mb (268435456 bytes)
INFO  [] -     JVM Overhead:       192.000mb (201326592 bytes)

2022-03-31 12:00:40,002 INFO  org.apache.flink.runtime.entrypoint.ClusterEntrypoint        [] - --------------------------------------------------------------------------------
2022-03-31 12:00:40,002 INFO  org.apache.flink.runtime.entrypoint.ClusterEntrypoint        [] -  Starting StandaloneSessionClusterEntrypoint (Version: 1.14.4, Scala: 2.12, Rev:895c609, Date:2022-02-25T11:57:14+01:00)
2022-03-31 12:00:40,002 INFO  org.apache.flink.runtime.entrypoint.ClusterEntrypoint        [] -  OS current user: alexander.koenemann
2022-03-31 12:00:40,002 INFO  org.apache.flink.runtime.entrypoint.ClusterEntrypoint        [] -  Current Hadoop/Kerberos user: <no hadoop dependency found>
2022-03-31 12:00:40,003 INFO  org.apache.flink.runtime.entrypoint.ClusterEntrypoint        [] -  JVM: Eclipse OpenJ9 VM - Eclipse OpenJ9 - 1.8/openj9-0.26.0
2022-03-31 12:00:40,003 INFO  org.apache.flink.runtime.entrypoint.ClusterEntrypoint        [] -  Maximum heap size: 1024 MiBytes
2022-03-31 12:00:40,003 INFO  org.apache.flink.runtime.entrypoint.ClusterEntrypoint        [] -  JAVA_HOME: /Users/alexander.koenemann/Library/Java/JavaVirtualMachines/adopt-openj9-1.8.0_292/Contents/Home
2022-03-31 12:00:40,003 INFO  org.apache.flink.runtime.entrypoint.ClusterEntrypoint        [] -  No Hadoop Dependency available
2022-03-31 12:00:40,003 INFO  org.apache.flink.runtime.entrypoint.ClusterEntrypoint        [] -  JVM Options:
2022-03-31 12:00:40,003 INFO  org.apache.flink.runtime.entrypoint.ClusterEntrypoint        [] -     -Xoptionsfile=/Users/alexander.koenemann/Library/Java/JavaVirtualMachines/adopt-openj9-1.8.0_292/Contents/Home/jre/lib/default/options.default
2022-03-31 12:00:40,003 INFO  org.apache.flink.runtime.entrypoint.ClusterEntrypoint        [] -     -Xlockword:mode=default,noLockword=java/lang/String,noLockword=java/util/MapEntry,noLockword=java/util/HashMap$Entry,noLockword=org/apache/harmony/luni/util/ModifiedMap$Entry,noLockword=java/util/Hashtable$Entry,noLockword=java/lang/invoke/MethodType,noLockword=java/lang/invoke/MethodHandle,noLockword=java/lang/invoke/CollectHandle,noLockword=java/lang/invoke/ConstructorHandle,noLockword=java/lang/invoke/ConvertHandle,noLockword=java/lang/invoke/ArgumentConversionHandle,noLockword=java/lang/invoke/AsTypeHandle,noLockword=java/lang/invoke/ExplicitCastHandle,noLockword=java/lang/invoke/FilterReturnHandle,noLockword=java/lang/invoke/DirectHandle,noLockword=java/lang/invoke/ReceiverBoundHandle,noLockword=java/lang/invoke/DynamicInvokerHandle,noLockword=java/lang/invoke/FieldHandle,noLockword=java/lang/invoke/FieldGetterHandle,noLockword=java/lang/invoke/FieldSetterHandle,noLockword=java/lang/invoke/StaticFieldGetterHandle,noLockword=java/lang/invoke/StaticFieldSetterHandle,noLockword=java/lang/invoke/IndirectHandle,noLockword=java/lang/invoke/InterfaceHandle,noLockword=java/lang/invoke/VirtualHandle,noLockword=java/lang/invoke/PrimitiveHandle,noLockword=java/lang/invoke/InvokeExactHandle,noLockword=java/lang/invoke/InvokeGenericHandle,noLockword=java/lang/invoke/VarargsCollectorHandle,noLockword=java/lang/invoke/ThunkTuple
2022-03-31 12:00:40,003 INFO  org.apache.flink.runtime.entrypoint.ClusterEntrypoint        [] -     -Xjcl:jclse29
2022-03-31 12:00:40,004 INFO  org.apache.flink.runtime.entrypoint.ClusterEntrypoint        [] -     -Dcom.ibm.oti.vm.bootstrap.library.path=/Users/alexander.koenemann/Library/Java/JavaVirtualMachines/adopt-openj9-1.8.0_292/Contents/Home/jre/lib/default:/Users/alexander.koenemann/Library/Java/JavaVirtualMachines/adopt-openj9-1.8.0_292/Contents/Home/jre/lib
2022-03-31 12:00:40,004 INFO  org.apache.flink.runtime.entrypoint.ClusterEntrypoint        [] -     -Dsun.boot.library.path=/Users/alexander.koenemann/Library/Java/JavaVirtualMachines/adopt-openj9-1.8.0_292/Contents/Home/jre/lib/default:/Users/alexander.koenemann/Library/Java/JavaVirtualMachines/adopt-openj9-1.8.0_292/Contents/Home/jre/lib
2022-03-31 12:00:40,004 INFO  org.apache.flink.runtime.entrypoint.ClusterEntrypoint        [] -     -Djava.library.path=/Users/alexander.koenemann/Library/Java/JavaVirtualMachines/adopt-openj9-1.8.0_292/Contents/Home/jre/lib/default:/Users/alexander.koenemann/Library/Java/JavaVirtualMachines/adopt-openj9-1.8.0_292/Contents/Home/jre/lib:/usr/lib
2022-03-31 12:00:40,004 INFO  org.apache.flink.runtime.entrypoint.ClusterEntrypoint        [] -     -Djava.home=/Users/alexander.koenemann/Library/Java/JavaVirtualMachines/adopt-openj9-1.8.0_292/Contents/Home/jre
2022-03-31 12:00:40,004 INFO  org.apache.flink.runtime.entrypoint.ClusterEntrypoint        [] -     -Djava.ext.dirs=/Users/alexander.koenemann/Library/Java/JavaVirtualMachines/adopt-openj9-1.8.0_292/Contents/Home/jre/lib/ext
2022-03-31 12:00:40,004 INFO  org.apache.flink.runtime.entrypoint.ClusterEntrypoint        [] -     -Duser.dir=/Users/alexander.koenemann/IdeaProjects/ba-spark-koenemann/Environments/FlinkEnv/flink-1.14.4
2022-03-31 12:00:40,004 INFO  org.apache.flink.runtime.entrypoint.ClusterEntrypoint        [] -     -Djava.class.path=.
2022-03-31 12:00:40,004 INFO  org.apache.flink.runtime.entrypoint.ClusterEntrypoint        [] -     -Xmx1073741824
2022-03-31 12:00:40,004 INFO  org.apache.flink.runtime.entrypoint.ClusterEntrypoint        [] -     -Xms1073741824
2022-03-31 12:00:40,004 INFO  org.apache.flink.runtime.entrypoint.ClusterEntrypoint        [] -     -XX:MaxMetaspaceSize=268435456
2022-03-31 12:00:40,004 INFO  org.apache.flink.runtime.entrypoint.ClusterEntrypoint        [] -     -Dlog.file=/Users/alexander.koenemann/IdeaProjects/ba-spark-koenemann/Environments/FlinkEnv/flink-1.14.4/log/flink-alexander.koenemann-standalonesession-0-nb-akoenemann.fritz.box.log
2022-03-31 12:00:40,004 INFO  org.apache.flink.runtime.entrypoint.ClusterEntrypoint        [] -     -Dlog4j.configuration=file:/Users/alexander.koenemann/IdeaProjects/ba-spark-koenemann/Environments/FlinkEnv/flink-1.14.4/conf/log4j.properties
2022-03-31 12:00:40,005 INFO  org.apache.flink.runtime.entrypoint.ClusterEntrypoint        [] -     -Dlog4j.configurationFile=file:/Users/alexander.koenemann/IdeaProjects/ba-spark-koenemann/Environments/FlinkEnv/flink-1.14.4/conf/log4j.properties
2022-03-31 12:00:40,005 INFO  org.apache.flink.runtime.entrypoint.ClusterEntrypoint        [] -     -Dlogback.configurationFile=file:/Users/alexander.koenemann/IdeaProjects/ba-spark-koenemann/Environments/FlinkEnv/flink-1.14.4/conf/logback.xml
2022-03-31 12:00:40,005 INFO  org.apache.flink.runtime.entrypoint.ClusterEntrypoint        [] -     -Djava.class.path=/Users/alexander.koenemann/IdeaProjects/ba-spark-koenemann/Environments/FlinkEnv/flink-1.14.4/lib/flink-csv-1.14.4.jar:/Users/alexander.koenemann/IdeaProjects/ba-spark-koenemann/Environments/FlinkEnv/flink-1.14.4/lib/flink-json-1.14.4.jar:/Users/alexander.koenemann/IdeaProjects/ba-spark-koenemann/Environments/FlinkEnv/flink-1.14.4/lib/flink-shaded-zookeeper-3.4.14.jar:/Users/alexander.koenemann/IdeaProjects/ba-spark-koenemann/Environments/FlinkEnv/flink-1.14.4/lib/flink-table_2.12-1.14.4.jar:/Users/alexander.koenemann/IdeaProjects/ba-spark-koenemann/Environments/FlinkEnv/flink-1.14.4/lib/log4j-1.2-api-2.17.1.jar:/Users/alexander.koenemann/IdeaProjects/ba-spark-koenemann/Environments/FlinkEnv/flink-1.14.4/lib/log4j-api-2.17.1.jar:/Users/alexander.koenemann/IdeaProjects/ba-spark-koenemann/Environments/FlinkEnv/flink-1.14.4/lib/log4j-core-2.17.1.jar:/Users/alexander.koenemann/IdeaProjects/ba-spark-koenemann/Environments/FlinkEnv/flink-1.14.4/lib/log4j-slf4j-impl-2.17.1.jar:/Users/alexander.koenemann/IdeaProjects/ba-spark-koenemann/Environments/FlinkEnv/flink-1.14.4/lib/flink-dist_2.12-1.14.4.jar:::
2022-03-31 12:00:40,005 INFO  org.apache.flink.runtime.entrypoint.ClusterEntrypoint        [] -     -Dsun.java.command=org.apache.flink.runtime.entrypoint.StandaloneSessionClusterEntrypoint --configDir /Users/alexander.koenemann/IdeaProjects/ba-spark-koenemann/Environments/FlinkEnv/flink-1.14.4/conf --executionMode cluster -D jobmanager.memory.off-heap.size=134217728b -D jobmanager.memory.jvm-overhead.min=201326592b -D jobmanager.memory.jvm-metaspace.size=268435456b -D jobmanager.memory.heap.size=1073741824b -D jobmanager.memory.jvm-overhead.max=201326592b
2022-03-31 12:00:40,005 INFO  org.apache.flink.runtime.entrypoint.ClusterEntrypoint        [] -     -Dsun.java.launcher=SUN_STANDARD
2022-03-31 12:00:40,005 INFO  org.apache.flink.runtime.entrypoint.ClusterEntrypoint        [] -  Program Arguments:
2022-03-31 12:00:40,006 INFO  org.apache.flink.runtime.entrypoint.ClusterEntrypoint        [] -     --configDir
2022-03-31 12:00:40,006 INFO  org.apache.flink.runtime.entrypoint.ClusterEntrypoint        [] -     /Users/alexander.koenemann/IdeaProjects/ba-spark-koenemann/Environments/FlinkEnv/flink-1.14.4/conf
2022-03-31 12:00:40,006 INFO  org.apache.flink.runtime.entrypoint.ClusterEntrypoint        [] -     --executionMode
2022-03-31 12:00:40,006 INFO  org.apache.flink.runtime.entrypoint.ClusterEntrypoint        [] -     cluster
2022-03-31 12:00:40,006 INFO  org.apache.flink.runtime.entrypoint.ClusterEntrypoint        [] -     -D
2022-03-31 12:00:40,006 INFO  org.apache.flink.runtime.entrypoint.ClusterEntrypoint        [] -     jobmanager.memory.off-heap.size=134217728b
2022-03-31 12:00:40,006 INFO  org.apache.flink.runtime.entrypoint.ClusterEntrypoint        [] -     -D
2022-03-31 12:00:40,006 INFO  org.apache.flink.runtime.entrypoint.ClusterEntrypoint        [] -     jobmanager.memory.jvm-overhead.min=201326592b
2022-03-31 12:00:40,007 INFO  org.apache.flink.runtime.entrypoint.ClusterEntrypoint        [] -     -D
2022-03-31 12:00:40,007 INFO  org.apache.flink.runtime.entrypoint.ClusterEntrypoint        [] -     jobmanager.memory.jvm-metaspace.size=268435456b
2022-03-31 12:00:40,007 INFO  org.apache.flink.runtime.entrypoint.ClusterEntrypoint        [] -     -D
2022-03-31 12:00:40,007 INFO  org.apache.flink.runtime.entrypoint.ClusterEntrypoint        [] -     jobmanager.memory.heap.size=1073741824b
2022-03-31 12:00:40,007 INFO  org.apache.flink.runtime.entrypoint.ClusterEntrypoint        [] -     -D
2022-03-31 12:00:40,007 INFO  org.apache.flink.runtime.entrypoint.ClusterEntrypoint        [] -     jobmanager.memory.jvm-overhead.max=201326592b
2022-03-31 12:00:40,007 INFO  org.apache.flink.runtime.entrypoint.ClusterEntrypoint        [] -  Classpath: /Users/alexander.koenemann/IdeaProjects/ba-spark-koenemann/Environments/FlinkEnv/flink-1.14.4/lib/flink-csv-1.14.4.jar:/Users/alexander.koenemann/IdeaProjects/ba-spark-koenemann/Environments/FlinkEnv/flink-1.14.4/lib/flink-json-1.14.4.jar:/Users/alexander.koenemann/IdeaProjects/ba-spark-koenemann/Environments/FlinkEnv/flink-1.14.4/lib/flink-shaded-zookeeper-3.4.14.jar:/Users/alexander.koenemann/IdeaProjects/ba-spark-koenemann/Environments/FlinkEnv/flink-1.14.4/lib/flink-table_2.12-1.14.4.jar:/Users/alexander.koenemann/IdeaProjects/ba-spark-koenemann/Environments/FlinkEnv/flink-1.14.4/lib/log4j-1.2-api-2.17.1.jar:/Users/alexander.koenemann/IdeaProjects/ba-spark-koenemann/Environments/FlinkEnv/flink-1.14.4/lib/log4j-api-2.17.1.jar:/Users/alexander.koenemann/IdeaProjects/ba-spark-koenemann/Environments/FlinkEnv/flink-1.14.4/lib/log4j-core-2.17.1.jar:/Users/alexander.koenemann/IdeaProjects/ba-spark-koenemann/Environments/FlinkEnv/flink-1.14.4/lib/log4j-slf4j-impl-2.17.1.jar:/Users/alexander.koenemann/IdeaProjects/ba-spark-koenemann/Environments/FlinkEnv/flink-1.14.4/lib/flink-dist_2.12-1.14.4.jar:::
2022-03-31 12:00:40,007 INFO  org.apache.flink.runtime.entrypoint.ClusterEntrypoint        [] - --------------------------------------------------------------------------------
2022-03-31 12:00:40,009 INFO  org.apache.flink.runtime.entrypoint.ClusterEntrypoint        [] - Registered UNIX signal handlers for [TERM, HUP, INT]
2022-03-31 12:00:40,030 INFO  org.apache.flink.configuration.GlobalConfiguration           [] - Loading configuration property: jobmanager.rpc.address, localhost
2022-03-31 12:00:40,031 INFO  org.apache.flink.configuration.GlobalConfiguration           [] - Loading configuration property: jobmanager.rpc.port, 6123
2022-03-31 12:00:40,031 INFO  org.apache.flink.configuration.GlobalConfiguration           [] - Loading configuration property: jobmanager.memory.process.size, 1600m
2022-03-31 12:00:40,031 INFO  org.apache.flink.configuration.GlobalConfiguration           [] - Loading configuration property: taskmanager.memory.process.size, 1728m
2022-03-31 12:00:40,031 INFO  org.apache.flink.configuration.GlobalConfiguration           [] - Loading configuration property: taskmanager.numberOfTaskSlots, 1
2022-03-31 12:00:40,031 INFO  org.apache.flink.configuration.GlobalConfiguration           [] - Loading configuration property: parallelism.default, 1
2022-03-31 12:00:40,032 INFO  org.apache.flink.configuration.GlobalConfiguration           [] - Loading configuration property: jobmanager.execution.failover-strategy, region
2022-03-31 12:00:40,091 INFO  org.apache.flink.runtime.entrypoint.ClusterEntrypoint        [] - Starting StandaloneSessionClusterEntrypoint.
2022-03-31 12:00:40,143 INFO  org.apache.flink.runtime.entrypoint.ClusterEntrypoint        [] - Install default filesystem.
2022-03-31 12:00:40,148 INFO  org.apache.flink.core.fs.FileSystem                          [] - Hadoop is not in the classpath/dependencies. The extended set of supported File Systems via Hadoop is not available.
2022-03-31 12:00:40,337 INFO  org.apache.flink.runtime.entrypoint.ClusterEntrypoint        [] - Install security context.
2022-03-31 12:00:40,352 INFO  org.apache.flink.runtime.security.modules.HadoopModuleFactory [] - Cannot create Hadoop Security Module because Hadoop cannot be found in the Classpath.
2022-03-31 12:00:40,363 INFO  org.apache.flink.runtime.security.modules.JaasModule         [] - Jaas file will be created as /var/folders/9q/m8t4_d457_j76vmbq0fy3y5h0000gq/T/jaas-5540339494350071698.conf.
2022-03-31 12:00:40,370 INFO  org.apache.flink.runtime.security.contexts.HadoopSecurityContextFactory [] - Cannot install HadoopSecurityContext because Hadoop cannot be found in the Classpath.
2022-03-31 12:00:40,372 INFO  org.apache.flink.runtime.entrypoint.ClusterEntrypoint        [] - Initializing cluster services.
2022-03-31 12:00:41,038 INFO  org.apache.flink.runtime.rpc.akka.AkkaRpcServiceUtils        [] - Trying to start actor system, external address localhost:6123, bind address 0.0.0.0:6123.
2022-03-31 12:00:41,416 INFO  akka.event.slf4j.Slf4jLogger                                 [] - Slf4jLogger started
2022-03-31 12:00:41,439 INFO  akka.remote.RemoteActorRefProvider                           [] - Akka Cluster not in use - enabling unsafe features anyway because `akka.remote.use-unsafe-remote-features-outside-cluster` has been enabled.
2022-03-31 12:00:41,439 INFO  akka.remote.Remoting                                         [] - Starting remoting
2022-03-31 12:00:41,580 INFO  akka.remote.Remoting                                         [] - Remoting started; listening on addresses :[akka.tcp://flink@localhost:6123]
2022-03-31 12:00:41,711 INFO  org.apache.flink.runtime.rpc.akka.AkkaRpcServiceUtils        [] - Actor system started at akka.tcp://flink@localhost:6123
2022-03-31 12:00:41,739 INFO  org.apache.flink.configuration.Configuration                 [] - Config uses fallback configuration key 'jobmanager.rpc.address' instead of key 'rest.address'
2022-03-31 12:00:41,747 INFO  org.apache.flink.runtime.blob.BlobServer                     [] - Created BLOB server storage directory /var/folders/9q/m8t4_d457_j76vmbq0fy3y5h0000gq/T/blobStore-2d2b1e96-d30d-457b-b30a-67facde86de2
2022-03-31 12:00:41,758 INFO  org.apache.flink.runtime.blob.BlobServer                     [] - Started BLOB server at 0.0.0.0:51285 - max concurrent requests: 50 - max backlog: 1000
2022-03-31 12:00:41,769 INFO  org.apache.flink.runtime.metrics.MetricRegistryImpl          [] - No metrics reporter configured, no metrics will be exposed/reported.
2022-03-31 12:00:41,775 INFO  org.apache.flink.runtime.rpc.akka.AkkaRpcServiceUtils        [] - Trying to start actor system, external address localhost:0, bind address 0.0.0.0:0.
2022-03-31 12:00:41,794 INFO  akka.event.slf4j.Slf4jLogger                                 [] - Slf4jLogger started
2022-03-31 12:00:41,797 INFO  akka.remote.RemoteActorRefProvider                           [] - Akka Cluster not in use - enabling unsafe features anyway because `akka.remote.use-unsafe-remote-features-outside-cluster` has been enabled.
2022-03-31 12:00:41,797 INFO  akka.remote.Remoting                                         [] - Starting remoting
2022-03-31 12:00:41,804 INFO  akka.remote.Remoting                                         [] - Remoting started; listening on addresses :[akka.tcp://flink-metrics@localhost:51286]
2022-03-31 12:00:41,814 INFO  org.apache.flink.runtime.rpc.akka.AkkaRpcServiceUtils        [] - Actor system started at akka.tcp://flink-metrics@localhost:51286
2022-03-31 12:00:41,829 INFO  org.apache.flink.runtime.rpc.akka.AkkaRpcService             [] - Starting RPC endpoint for org.apache.flink.runtime.metrics.dump.MetricQueryService at akka://flink-metrics/user/rpc/MetricQueryService .
2022-03-31 12:00:41,848 INFO  org.apache.flink.runtime.metrics.util.MetricUtils            [] - The 'Metaspace' metrics will not be exposed because no pool named 'Metaspace' could be found. This might be caused by the used JVM.
2022-03-31 12:00:41,857 INFO  org.apache.flink.runtime.dispatcher.FileExecutionGraphInfoStore [] - Initializing FileExecutionGraphInfoStore: Storage directory /var/folders/9q/m8t4_d457_j76vmbq0fy3y5h0000gq/T/executionGraphStore-a30954a4-d692-43c9-8248-3ca01b31707e, expiration time 3600000, maximum cache size 52428800 bytes.
2022-03-31 12:00:41,921 INFO  org.apache.flink.configuration.Configuration                 [] - Config uses fallback configuration key 'jobmanager.rpc.address' instead of key 'rest.address'
2022-03-31 12:00:41,922 INFO  org.apache.flink.runtime.dispatcher.DispatcherRestEndpoint   [] - Upload directory /var/folders/9q/m8t4_d457_j76vmbq0fy3y5h0000gq/T/flink-web-62c9fc07-670f-43ad-b44a-ae144680e33d/flink-web-upload does not exist. 
2022-03-31 12:00:41,923 INFO  org.apache.flink.runtime.dispatcher.DispatcherRestEndpoint   [] - Created directory /var/folders/9q/m8t4_d457_j76vmbq0fy3y5h0000gq/T/flink-web-62c9fc07-670f-43ad-b44a-ae144680e33d/flink-web-upload for file uploads.
2022-03-31 12:00:41,926 INFO  org.apache.flink.runtime.dispatcher.DispatcherRestEndpoint   [] - Starting rest endpoint.
2022-03-31 12:00:42,208 INFO  org.apache.flink.runtime.webmonitor.WebMonitorUtils          [] - Determined location of main cluster component log file: /Users/alexander.koenemann/IdeaProjects/ba-spark-koenemann/Environments/FlinkEnv/flink-1.14.4/log/flink-alexander.koenemann-standalonesession-0-nb-akoenemann.fritz.box.log
2022-03-31 12:00:42,208 INFO  org.apache.flink.runtime.webmonitor.WebMonitorUtils          [] - Determined location of main cluster component stdout file: /Users/alexander.koenemann/IdeaProjects/ba-spark-koenemann/Environments/FlinkEnv/flink-1.14.4/log/flink-alexander.koenemann-standalonesession-0-nb-akoenemann.fritz.box.out
2022-03-31 12:00:42,388 INFO  org.apache.flink.runtime.dispatcher.DispatcherRestEndpoint   [] - Rest endpoint listening at localhost:8081
2022-03-31 12:00:42,389 INFO  org.apache.flink.runtime.dispatcher.DispatcherRestEndpoint   [] - http://localhost:8081 was granted leadership with leaderSessionID=00000000-0000-0000-0000-000000000000
2022-03-31 12:00:42,390 INFO  org.apache.flink.runtime.dispatcher.DispatcherRestEndpoint   [] - Web frontend listening at http://localhost:8081.
2022-03-31 12:00:42,417 INFO  org.apache.flink.runtime.dispatcher.runner.DefaultDispatcherRunner [] - DefaultDispatcherRunner was granted leadership with leader id 00000000-0000-0000-0000-000000000000. Creating new DispatcherLeaderProcess.
2022-03-31 12:00:42,423 INFO  org.apache.flink.runtime.dispatcher.runner.SessionDispatcherLeaderProcess [] - Start SessionDispatcherLeaderProcess.
2022-03-31 12:00:42,426 INFO  org.apache.flink.runtime.resourcemanager.ResourceManagerServiceImpl [] - Starting resource manager service.
2022-03-31 12:00:42,426 INFO  org.apache.flink.runtime.dispatcher.runner.SessionDispatcherLeaderProcess [] - Recover all persisted job graphs.
2022-03-31 12:00:42,426 INFO  org.apache.flink.runtime.dispatcher.runner.SessionDispatcherLeaderProcess [] - Successfully recovered 0 persisted job graphs.
2022-03-31 12:00:42,427 INFO  org.apache.flink.runtime.resourcemanager.ResourceManagerServiceImpl [] - Resource manager service is granted leadership with session id 00000000-0000-0000-0000-000000000000.
2022-03-31 12:00:42,441 INFO  org.apache.flink.runtime.rpc.akka.AkkaRpcService             [] - Starting RPC endpoint for org.apache.flink.runtime.dispatcher.StandaloneDispatcher at akka://flink/user/rpc/dispatcher_0 .
2022-03-31 12:00:42,479 INFO  org.apache.flink.runtime.rpc.akka.AkkaRpcService             [] - Starting RPC endpoint for org.apache.flink.runtime.resourcemanager.StandaloneResourceManager at akka://flink/user/rpc/resourcemanager_1 .
2022-03-31 12:00:42,501 INFO  org.apache.flink.runtime.resourcemanager.StandaloneResourceManager [] - Starting the resource manager.
2022-03-31 12:00:42,983 INFO  org.apache.flink.runtime.resourcemanager.StandaloneResourceManager [] - Registering TaskManager with ResourceID 192.168.178.26:51287-bcdc0b (akka.tcp://flink@192.168.178.26:51287/user/rpc/taskmanager_0) at ResourceManager
2022-03-31 12:03:58,061 INFO  org.apache.flink.runtime.dispatcher.StandaloneDispatcher     [] - Received JobGraph submission 'Streaming WordCount' (7c6a89d07a71bfdd2eb3ebfa9f9f7825).
2022-03-31 12:03:58,062 INFO  org.apache.flink.runtime.dispatcher.StandaloneDispatcher     [] - Submitting job 'Streaming WordCount' (7c6a89d07a71bfdd2eb3ebfa9f9f7825).
2022-03-31 12:03:58,095 INFO  org.apache.flink.runtime.rpc.akka.AkkaRpcService             [] - Starting RPC endpoint for org.apache.flink.runtime.jobmaster.JobMaster at akka://flink/user/rpc/jobmanager_2 .
2022-03-31 12:03:58,107 INFO  org.apache.flink.runtime.jobmaster.JobMaster                 [] - Initializing job 'Streaming WordCount' (7c6a89d07a71bfdd2eb3ebfa9f9f7825).
2022-03-31 12:03:58,143 INFO  org.apache.flink.runtime.jobmaster.JobMaster                 [] - Using restart back off time strategy NoRestartBackoffTimeStrategy for Streaming WordCount (7c6a89d07a71bfdd2eb3ebfa9f9f7825).
2022-03-31 12:03:58,185 INFO  org.apache.flink.runtime.jobmaster.JobMaster                 [] - Running initialization on master for job Streaming WordCount (7c6a89d07a71bfdd2eb3ebfa9f9f7825).
2022-03-31 12:03:58,185 INFO  org.apache.flink.runtime.jobmaster.JobMaster                 [] - Successfully ran initialization on master in 0 ms.
2022-03-31 12:03:58,212 INFO  org.apache.flink.runtime.scheduler.adapter.DefaultExecutionTopology [] - Built 1 pipelined regions in 0 ms
2022-03-31 12:03:58,250 INFO  org.apache.flink.runtime.jobmaster.JobMaster                 [] - No state backend has been configured, using default (HashMap) org.apache.flink.runtime.state.hashmap.HashMapStateBackend@54e4748a
2022-03-31 12:03:58,250 INFO  org.apache.flink.runtime.state.StateBackendLoader            [] - State backend loader loads the state backend as HashMapStateBackend
2022-03-31 12:03:58,251 INFO  org.apache.flink.runtime.jobmaster.JobMaster                 [] - Checkpoint storage is set to 'jobmanager'
2022-03-31 12:03:58,269 INFO  org.apache.flink.runtime.checkpoint.CheckpointCoordinator    [] - No checkpoint found during restore.
2022-03-31 12:03:58,274 INFO  org.apache.flink.runtime.jobmaster.JobMaster                 [] - Using failover strategy org.apache.flink.runtime.executiongraph.failover.flip1.RestartPipelinedRegionFailoverStrategy@2cd4c7fc for Streaming WordCount (7c6a89d07a71bfdd2eb3ebfa9f9f7825).
2022-03-31 12:03:58,287 INFO  org.apache.flink.runtime.jobmaster.JobMaster                 [] - Starting execution of job 'Streaming WordCount' (7c6a89d07a71bfdd2eb3ebfa9f9f7825) under job master id 00000000000000000000000000000000.
2022-03-31 12:03:58,288 INFO  org.apache.flink.runtime.jobmaster.JobMaster                 [] - Starting scheduling with scheduling strategy [org.apache.flink.runtime.scheduler.strategy.PipelinedRegionSchedulingStrategy]
2022-03-31 12:03:58,288 INFO  org.apache.flink.runtime.executiongraph.ExecutionGraph       [] - Job Streaming WordCount (7c6a89d07a71bfdd2eb3ebfa9f9f7825) switched from state CREATED to RUNNING.
2022-03-31 12:03:58,291 INFO  org.apache.flink.runtime.executiongraph.ExecutionGraph       [] - Source: Collection Source -> Flat Map (1/1) (9cec3d3a7f40141fbf05f7d916e903b6) switched from CREATED to SCHEDULED.
2022-03-31 12:03:58,291 INFO  org.apache.flink.runtime.executiongraph.ExecutionGraph       [] - Keyed Aggregation -> Sink: Print to Std. Out (1/1) (9fedbf31240bfc55f65fbf35777db3bb) switched from CREATED to SCHEDULED.
2022-03-31 12:03:58,309 INFO  org.apache.flink.runtime.jobmaster.JobMaster                 [] - Connecting to ResourceManager akka.tcp://flink@localhost:6123/user/rpc/resourcemanager_*(00000000000000000000000000000000)
2022-03-31 12:03:58,312 INFO  org.apache.flink.runtime.jobmaster.JobMaster                 [] - Resolved ResourceManager address, beginning registration
2022-03-31 12:03:58,314 INFO  org.apache.flink.runtime.resourcemanager.StandaloneResourceManager [] - Registering job manager 00000000000000000000000000000000@akka.tcp://flink@localhost:6123/user/rpc/jobmanager_2 for job 7c6a89d07a71bfdd2eb3ebfa9f9f7825.
2022-03-31 12:03:58,317 INFO  org.apache.flink.runtime.resourcemanager.StandaloneResourceManager [] - Registered job manager 00000000000000000000000000000000@akka.tcp://flink@localhost:6123/user/rpc/jobmanager_2 for job 7c6a89d07a71bfdd2eb3ebfa9f9f7825.
2022-03-31 12:03:58,319 INFO  org.apache.flink.runtime.jobmaster.JobMaster                 [] - JobManager successfully registered at ResourceManager, leader id: 00000000000000000000000000000000.
2022-03-31 12:03:58,321 INFO  org.apache.flink.runtime.resourcemanager.slotmanager.DeclarativeSlotManager [] - Received resource requirements from job 7c6a89d07a71bfdd2eb3ebfa9f9f7825: [ResourceRequirement{resourceProfile=ResourceProfile{UNKNOWN}, numberOfRequiredSlots=1}]
2022-03-31 12:03:58,379 INFO  org.apache.flink.runtime.executiongraph.ExecutionGraph       [] - Source: Collection Source -> Flat Map (1/1) (9cec3d3a7f40141fbf05f7d916e903b6) switched from SCHEDULED to DEPLOYING.
2022-03-31 12:03:58,393 INFO  org.apache.flink.runtime.executiongraph.ExecutionGraph       [] - Deploying Source: Collection Source -> Flat Map (1/1) (attempt #0) with attempt id 9cec3d3a7f40141fbf05f7d916e903b6 to 192.168.178.26:51287-bcdc0b @ nb-akoenemann.fritz.box (dataPort=51289) with allocation id 1129b5f157b504ab94b463fbcb96d1e1
2022-03-31 12:03:58,398 INFO  org.apache.flink.runtime.executiongraph.ExecutionGraph       [] - Keyed Aggregation -> Sink: Print to Std. Out (1/1) (9fedbf31240bfc55f65fbf35777db3bb) switched from SCHEDULED to DEPLOYING.
2022-03-31 12:03:58,398 INFO  org.apache.flink.runtime.executiongraph.ExecutionGraph       [] - Deploying Keyed Aggregation -> Sink: Print to Std. Out (1/1) (attempt #0) with attempt id 9fedbf31240bfc55f65fbf35777db3bb to 192.168.178.26:51287-bcdc0b @ nb-akoenemann.fritz.box (dataPort=51289) with allocation id 1129b5f157b504ab94b463fbcb96d1e1
2022-03-31 12:03:58,534 INFO  org.apache.flink.runtime.executiongraph.ExecutionGraph       [] - Keyed Aggregation -> Sink: Print to Std. Out (1/1) (9fedbf31240bfc55f65fbf35777db3bb) switched from DEPLOYING to INITIALIZING.
2022-03-31 12:03:58,535 INFO  org.apache.flink.runtime.executiongraph.ExecutionGraph       [] - Source: Collection Source -> Flat Map (1/1) (9cec3d3a7f40141fbf05f7d916e903b6) switched from DEPLOYING to INITIALIZING.
2022-03-31 12:03:58,644 INFO  org.apache.flink.runtime.executiongraph.ExecutionGraph       [] - Source: Collection Source -> Flat Map (1/1) (9cec3d3a7f40141fbf05f7d916e903b6) switched from INITIALIZING to RUNNING.
2022-03-31 12:03:58,666 INFO  org.apache.flink.runtime.executiongraph.ExecutionGraph       [] - Keyed Aggregation -> Sink: Print to Std. Out (1/1) (9fedbf31240bfc55f65fbf35777db3bb) switched from INITIALIZING to RUNNING.
2022-03-31 12:03:58,683 INFO  org.apache.flink.runtime.executiongraph.ExecutionGraph       [] - Source: Collection Source -> Flat Map (1/1) (9cec3d3a7f40141fbf05f7d916e903b6) switched from RUNNING to FINISHED.
2022-03-31 12:03:58,701 INFO  org.apache.flink.runtime.executiongraph.ExecutionGraph       [] - Keyed Aggregation -> Sink: Print to Std. Out (1/1) (9fedbf31240bfc55f65fbf35777db3bb) switched from RUNNING to FINISHED.
2022-03-31 12:03:58,704 INFO  org.apache.flink.runtime.executiongraph.ExecutionGraph       [] - Job Streaming WordCount (7c6a89d07a71bfdd2eb3ebfa9f9f7825) switched from state RUNNING to FINISHED.
2022-03-31 12:03:58,704 INFO  org.apache.flink.runtime.checkpoint.CheckpointCoordinator    [] - Stopping checkpoint coordinator for job 7c6a89d07a71bfdd2eb3ebfa9f9f7825.
2022-03-31 12:03:58,704 INFO  org.apache.flink.runtime.resourcemanager.slotmanager.DeclarativeSlotManager [] - Clearing resource requirements of job 7c6a89d07a71bfdd2eb3ebfa9f9f7825
2022-03-31 12:03:58,712 INFO  org.apache.flink.runtime.dispatcher.StandaloneDispatcher     [] - Job 7c6a89d07a71bfdd2eb3ebfa9f9f7825 reached terminal state FINISHED.
2022-03-31 12:03:58,730 INFO  org.apache.flink.runtime.jobmaster.JobMaster                 [] - Stopping the JobMaster for job 'Streaming WordCount' (7c6a89d07a71bfdd2eb3ebfa9f9f7825).
2022-03-31 12:03:58,736 INFO  org.apache.flink.runtime.checkpoint.StandaloneCompletedCheckpointStore [] - Shutting down
2022-03-31 12:03:58,737 INFO  org.apache.flink.runtime.jobmaster.slotpool.DefaultDeclarativeSlotPool [] - Releasing slot [1129b5f157b504ab94b463fbcb96d1e1].
2022-03-31 12:03:58,742 INFO  org.apache.flink.runtime.jobmaster.JobMaster                 [] - Close ResourceManager connection 8d5d7388013ec3a80acdbd1bd51be0b3: Stopping JobMaster for job 'Streaming WordCount' (7c6a89d07a71bfdd2eb3ebfa9f9f7825).
2022-03-31 12:03:58,744 INFO  org.apache.flink.runtime.resourcemanager.StandaloneResourceManager [] - Disconnect job manager 00000000000000000000000000000000@akka.tcp://flink@localhost:6123/user/rpc/jobmanager_2 for job 7c6a89d07a71bfdd2eb3ebfa9f9f7825 from the resource manager.
2022-03-31 12:22:31,197 WARN  org.apache.flink.runtime.webmonitor.handlers.JarRunHandler   [] - Configuring the job submission via query parameters is deprecated. Please migrate to submitting a JSON request instead.
2022-03-31 12:22:31,210 INFO  org.apache.flink.client.ClientUtils                          [] - Starting program (detached: true)
2022-03-31 12:22:31,295 INFO  org.apache.flink.api.java.utils.PlanGenerator                [] - The job has 0 registered types and 0 default Kryo serializers
2022-03-31 12:22:31,385 INFO  org.apache.flink.configuration.GlobalConfiguration           [] - Loading configuration property: jobmanager.rpc.address, localhost
2022-03-31 12:22:31,385 INFO  org.apache.flink.configuration.GlobalConfiguration           [] - Loading configuration property: jobmanager.rpc.port, 6123
2022-03-31 12:22:31,385 INFO  org.apache.flink.configuration.GlobalConfiguration           [] - Loading configuration property: jobmanager.memory.process.size, 1600m
2022-03-31 12:22:31,385 INFO  org.apache.flink.configuration.GlobalConfiguration           [] - Loading configuration property: taskmanager.memory.process.size, 1728m
2022-03-31 12:22:31,385 INFO  org.apache.flink.configuration.GlobalConfiguration           [] - Loading configuration property: taskmanager.numberOfTaskSlots, 1
2022-03-31 12:22:31,385 INFO  org.apache.flink.configuration.GlobalConfiguration           [] - Loading configuration property: parallelism.default, 1
2022-03-31 12:22:31,386 INFO  org.apache.flink.configuration.GlobalConfiguration           [] - Loading configuration property: jobmanager.execution.failover-strategy, region
2022-03-31 12:22:31,417 INFO  org.apache.flink.client.deployment.application.executors.EmbeddedExecutor [] - Job e533f4806ab04697d870e7b44deb507a is submitted.
2022-03-31 12:22:31,417 INFO  org.apache.flink.client.deployment.application.executors.EmbeddedExecutor [] - Submitting Job with JobId=e533f4806ab04697d870e7b44deb507a.
2022-03-31 12:22:31,421 INFO  org.apache.flink.runtime.dispatcher.StandaloneDispatcher     [] - Received JobGraph submission 'Flink Java Job at Thu Mar 31 12:22:31 CEST 2022' (e533f4806ab04697d870e7b44deb507a).
2022-03-31 12:22:31,421 INFO  org.apache.flink.runtime.dispatcher.StandaloneDispatcher     [] - Submitting job 'Flink Java Job at Thu Mar 31 12:22:31 CEST 2022' (e533f4806ab04697d870e7b44deb507a).
2022-03-31 12:22:31,423 INFO  org.apache.flink.runtime.rpc.akka.AkkaRpcService             [] - Starting RPC endpoint for org.apache.flink.runtime.jobmaster.JobMaster at akka://flink/user/rpc/jobmanager_3 .
2022-03-31 12:22:31,424 INFO  org.apache.flink.runtime.jobmaster.JobMaster                 [] - Initializing job 'Flink Java Job at Thu Mar 31 12:22:31 CEST 2022' (e533f4806ab04697d870e7b44deb507a).
2022-03-31 12:22:31,425 INFO  org.apache.flink.runtime.jobmaster.JobMaster                 [] - Using restart back off time strategy NoRestartBackoffTimeStrategy for Flink Java Job at Thu Mar 31 12:22:31 CEST 2022 (e533f4806ab04697d870e7b44deb507a).
2022-03-31 12:22:31,427 INFO  org.apache.flink.runtime.jobmaster.JobMaster                 [] - Running initialization on master for job Flink Java Job at Thu Mar 31 12:22:31 CEST 2022 (e533f4806ab04697d870e7b44deb507a).
2022-03-31 12:22:31,430 INFO  org.apache.flink.runtime.jobmaster.JobMaster                 [] - Successfully ran initialization on master in 3 ms.
2022-03-31 12:22:31,431 INFO  org.apache.flink.runtime.scheduler.adapter.DefaultExecutionTopology [] - Built 1 pipelined regions in 0 ms
2022-03-31 12:22:31,432 INFO  org.apache.flink.runtime.jobmaster.JobMaster                 [] - Using failover strategy org.apache.flink.runtime.executiongraph.failover.flip1.RestartPipelinedRegionFailoverStrategy@1ee3dd87 for Flink Java Job at Thu Mar 31 12:22:31 CEST 2022 (e533f4806ab04697d870e7b44deb507a).
2022-03-31 12:22:31,432 INFO  org.apache.flink.runtime.jobmaster.JobMaster                 [] - Starting execution of job 'Flink Java Job at Thu Mar 31 12:22:31 CEST 2022' (e533f4806ab04697d870e7b44deb507a) under job master id 00000000000000000000000000000000.
2022-03-31 12:22:31,432 INFO  org.apache.flink.runtime.jobmaster.JobMaster                 [] - Starting scheduling with scheduling strategy [org.apache.flink.runtime.scheduler.strategy.PipelinedRegionSchedulingStrategy]
2022-03-31 12:22:31,432 INFO  org.apache.flink.runtime.executiongraph.ExecutionGraph       [] - Job Flink Java Job at Thu Mar 31 12:22:31 CEST 2022 (e533f4806ab04697d870e7b44deb507a) switched from state CREATED to RUNNING.
2022-03-31 12:22:31,433 INFO  org.apache.flink.runtime.executiongraph.ExecutionGraph       [] - CHAIN DataSource (at getDefaultTextLineDataSet(WordCountData.java:70) (org.apache.flink.api.java.io.CollectionInputFormat)) -> FlatMap (FlatMap at main(WordCount.java:84)) -> Combine (SUM(1), at main(WordCount.java:87) (1/1) (25800c57f02f0d38194e68e24080c716) switched from CREATED to SCHEDULED.
2022-03-31 12:22:31,433 INFO  org.apache.flink.runtime.executiongraph.ExecutionGraph       [] - Reduce (SUM(1), at main(WordCount.java:87) (1/1) (abbdddfef925bad1f8e7afdbe85d7f9c) switched from CREATED to SCHEDULED.
2022-03-31 12:22:31,433 INFO  org.apache.flink.runtime.executiongraph.ExecutionGraph       [] - DataSink (collect()) (1/1) (938043db1b391046ea983dee8808c355) switched from CREATED to SCHEDULED.
2022-03-31 12:22:31,433 INFO  org.apache.flink.runtime.jobmaster.JobMaster                 [] - Connecting to ResourceManager akka.tcp://flink@localhost:6123/user/rpc/resourcemanager_*(00000000000000000000000000000000)
2022-03-31 12:22:31,434 INFO  org.apache.flink.runtime.jobmaster.JobMaster                 [] - Resolved ResourceManager address, beginning registration
2022-03-31 12:22:31,435 INFO  org.apache.flink.runtime.resourcemanager.StandaloneResourceManager [] - Registering job manager 00000000000000000000000000000000@akka.tcp://flink@localhost:6123/user/rpc/jobmanager_3 for job e533f4806ab04697d870e7b44deb507a.
2022-03-31 12:22:31,435 INFO  org.apache.flink.runtime.resourcemanager.StandaloneResourceManager [] - Registered job manager 00000000000000000000000000000000@akka.tcp://flink@localhost:6123/user/rpc/jobmanager_3 for job e533f4806ab04697d870e7b44deb507a.
2022-03-31 12:22:31,436 INFO  org.apache.flink.runtime.jobmaster.JobMaster                 [] - JobManager successfully registered at ResourceManager, leader id: 00000000000000000000000000000000.
2022-03-31 12:22:31,436 INFO  org.apache.flink.runtime.resourcemanager.slotmanager.DeclarativeSlotManager [] - Received resource requirements from job e533f4806ab04697d870e7b44deb507a: [ResourceRequirement{resourceProfile=ResourceProfile{UNKNOWN}, numberOfRequiredSlots=1}]
2022-03-31 12:22:31,453 INFO  org.apache.flink.runtime.executiongraph.ExecutionGraph       [] - CHAIN DataSource (at getDefaultTextLineDataSet(WordCountData.java:70) (org.apache.flink.api.java.io.CollectionInputFormat)) -> FlatMap (FlatMap at main(WordCount.java:84)) -> Combine (SUM(1), at main(WordCount.java:87) (1/1) (25800c57f02f0d38194e68e24080c716) switched from SCHEDULED to DEPLOYING.
2022-03-31 12:22:31,467 INFO  org.apache.flink.runtime.executiongraph.ExecutionGraph       [] - Deploying CHAIN DataSource (at getDefaultTextLineDataSet(WordCountData.java:70) (org.apache.flink.api.java.io.CollectionInputFormat)) -> FlatMap (FlatMap at main(WordCount.java:84)) -> Combine (SUM(1), at main(WordCount.java:87) (1/1) (attempt #0) with attempt id 25800c57f02f0d38194e68e24080c716 to 192.168.178.26:51287-bcdc0b @ nb-akoenemann.fritz.box (dataPort=51289) with allocation id 732df246ee9625657729a6c38d01b1ca
2022-03-31 12:22:31,468 INFO  org.apache.flink.runtime.executiongraph.ExecutionGraph       [] - Reduce (SUM(1), at main(WordCount.java:87) (1/1) (abbdddfef925bad1f8e7afdbe85d7f9c) switched from SCHEDULED to DEPLOYING.
2022-03-31 12:22:31,468 INFO  org.apache.flink.runtime.executiongraph.ExecutionGraph       [] - Deploying Reduce (SUM(1), at main(WordCount.java:87) (1/1) (attempt #0) with attempt id abbdddfef925bad1f8e7afdbe85d7f9c to 192.168.178.26:51287-bcdc0b @ nb-akoenemann.fritz.box (dataPort=51289) with allocation id 732df246ee9625657729a6c38d01b1ca
2022-03-31 12:22:31,469 INFO  org.apache.flink.runtime.executiongraph.ExecutionGraph       [] - DataSink (collect()) (1/1) (938043db1b391046ea983dee8808c355) switched from SCHEDULED to DEPLOYING.
2022-03-31 12:22:31,469 INFO  org.apache.flink.runtime.executiongraph.ExecutionGraph       [] - Deploying DataSink (collect()) (1/1) (attempt #0) with attempt id 938043db1b391046ea983dee8808c355 to 192.168.178.26:51287-bcdc0b @ nb-akoenemann.fritz.box (dataPort=51289) with allocation id 732df246ee9625657729a6c38d01b1ca
2022-03-31 12:22:31,483 INFO  org.apache.flink.runtime.executiongraph.ExecutionGraph       [] - CHAIN DataSource (at getDefaultTextLineDataSet(WordCountData.java:70) (org.apache.flink.api.java.io.CollectionInputFormat)) -> FlatMap (FlatMap at main(WordCount.java:84)) -> Combine (SUM(1), at main(WordCount.java:87) (1/1) (25800c57f02f0d38194e68e24080c716) switched from DEPLOYING to INITIALIZING.
2022-03-31 12:22:31,484 INFO  org.apache.flink.runtime.executiongraph.ExecutionGraph       [] - CHAIN DataSource (at getDefaultTextLineDataSet(WordCountData.java:70) (org.apache.flink.api.java.io.CollectionInputFormat)) -> FlatMap (FlatMap at main(WordCount.java:84)) -> Combine (SUM(1), at main(WordCount.java:87) (1/1) (25800c57f02f0d38194e68e24080c716) switched from INITIALIZING to RUNNING.
2022-03-31 12:22:31,479 WARN  org.apache.flink.client.deployment.application.DetachedApplicationRunner [] - Could not execute application: 
org.apache.flink.client.program.ProgramInvocationException: The main method caused an error: Job was submitted in detached mode. Results of job execution, such as accumulators, runtime, etc. are not available. Please make sure your program doesn't call an eager execution function [collect, print, printToErr, count]. 
	at org.apache.flink.client.program.PackagedProgram.callMainMethod(PackagedProgram.java:372) ~[flink-dist_2.12-1.14.4.jar:1.14.4]
	at org.apache.flink.client.program.PackagedProgram.invokeInteractiveModeForExecution(PackagedProgram.java:222) ~[flink-dist_2.12-1.14.4.jar:1.14.4]
	at org.apache.flink.client.ClientUtils.executeProgram(ClientUtils.java:114) ~[flink-dist_2.12-1.14.4.jar:1.14.4]
	at org.apache.flink.client.deployment.application.DetachedApplicationRunner.tryExecuteJobs(DetachedApplicationRunner.java:84) [flink-dist_2.12-1.14.4.jar:1.14.4]
	at org.apache.flink.client.deployment.application.DetachedApplicationRunner.run(DetachedApplicationRunner.java:70) [flink-dist_2.12-1.14.4.jar:1.14.4]
	at org.apache.flink.runtime.webmonitor.handlers.JarRunHandler.lambda$handleRequest$0(JarRunHandler.java:104) [flink-dist_2.12-1.14.4.jar:1.14.4]
	at org.apache.flink.runtime.webmonitor.handlers.JarRunHandler$$Lambda$1016/0x0000000000000000.get(Unknown Source) [flink-dist_2.12-1.14.4.jar:1.14.4]
	at java.util.concurrent.CompletableFuture$AsyncSupply.run(CompletableFuture.java:1604) [?:1.8.0_292]
	at java.lang.Thread.run(Thread.java:823) [?:1.8.0_292]
Caused by: org.apache.flink.api.common.InvalidProgramException: Job was submitted in detached mode. Results of job execution, such as accumulators, runtime, etc. are not available. Please make sure your program doesn't call an eager execution function [collect, print, printToErr, count]. 
	at org.apache.flink.core.execution.DetachedJobExecutionResult.getAccumulatorResult(DetachedJobExecutionResult.java:56) ~[flink-dist_2.12-1.14.4.jar:1.14.4]
	at org.apache.flink.api.java.DataSet.collect(DataSet.java:419) ~[flink-dist_2.12-1.14.4.jar:1.14.4]
	at org.apache.flink.api.java.DataSet.print(DataSet.java:1748) ~[flink-dist_2.12-1.14.4.jar:1.14.4]
	at org.apache.flink.examples.java.wordcount.WordCount.main(WordCount.java:96) ~[?:?]
	at sun.reflect.NativeMethodAccessorImpl.invoke0(Native Method) ~[?:1.8.0_292]
	at sun.reflect.NativeMethodAccessorImpl.invoke(NativeMethodAccessorImpl.java:62) ~[?:1.8.0_292]
	at sun.reflect.DelegatingMethodAccessorImpl.invoke(DelegatingMethodAccessorImpl.java:43) ~[?:1.8.0_292]
	at java.lang.reflect.Method.invoke(Method.java:498) ~[?:1.8.0_292]
	at org.apache.flink.client.program.PackagedProgram.callMainMethod(PackagedProgram.java:355) ~[flink-dist_2.12-1.14.4.jar:1.14.4]
	... 8 more
2022-03-31 12:22:31,488 INFO  org.apache.flink.runtime.executiongraph.ExecutionGraph       [] - Reduce (SUM(1), at main(WordCount.java:87) (1/1) (abbdddfef925bad1f8e7afdbe85d7f9c) switched from DEPLOYING to INITIALIZING.
2022-03-31 12:22:31,489 INFO  org.apache.flink.runtime.executiongraph.ExecutionGraph       [] - DataSink (collect()) (1/1) (938043db1b391046ea983dee8808c355) switched from DEPLOYING to INITIALIZING.
2022-03-31 12:22:31,490 INFO  org.apache.flink.runtime.executiongraph.ExecutionGraph       [] - DataSink (collect()) (1/1) (938043db1b391046ea983dee8808c355) switched from INITIALIZING to RUNNING.
2022-03-31 12:22:31,490 INFO  org.apache.flink.runtime.executiongraph.ExecutionGraph       [] - Reduce (SUM(1), at main(WordCount.java:87) (1/1) (abbdddfef925bad1f8e7afdbe85d7f9c) switched from INITIALIZING to RUNNING.
2022-03-31 12:22:31,491 ERROR org.apache.flink.runtime.webmonitor.handlers.JarRunHandler   [] - Exception occurred in REST handler: Could not execute application.
2022-03-31 12:22:31,756 INFO  org.apache.flink.runtime.executiongraph.ExecutionGraph       [] - CHAIN DataSource (at getDefaultTextLineDataSet(WordCountData.java:70) (org.apache.flink.api.java.io.CollectionInputFormat)) -> FlatMap (FlatMap at main(WordCount.java:84)) -> Combine (SUM(1), at main(WordCount.java:87) (1/1) (25800c57f02f0d38194e68e24080c716) switched from RUNNING to FINISHED.
2022-03-31 12:22:31,824 INFO  org.apache.flink.runtime.executiongraph.ExecutionGraph       [] - Reduce (SUM(1), at main(WordCount.java:87) (1/1) (abbdddfef925bad1f8e7afdbe85d7f9c) switched from RUNNING to FINISHED.
2022-03-31 12:22:31,826 INFO  org.apache.flink.runtime.executiongraph.ExecutionGraph       [] - DataSink (collect()) (1/1) (938043db1b391046ea983dee8808c355) switched from RUNNING to FINISHED.
2022-03-31 12:22:31,827 INFO  org.apache.flink.runtime.resourcemanager.slotmanager.DeclarativeSlotManager [] - Clearing resource requirements of job e533f4806ab04697d870e7b44deb507a
2022-03-31 12:22:31,828 INFO  org.apache.flink.runtime.executiongraph.ExecutionGraph       [] - Job Flink Java Job at Thu Mar 31 12:22:31 CEST 2022 (e533f4806ab04697d870e7b44deb507a) switched from state RUNNING to FINISHED.
2022-03-31 12:22:31,832 INFO  org.apache.flink.runtime.dispatcher.StandaloneDispatcher     [] - Job e533f4806ab04697d870e7b44deb507a reached terminal state FINISHED.
2022-03-31 12:22:31,835 INFO  org.apache.flink.runtime.jobmaster.JobMaster                 [] - Stopping the JobMaster for job 'Flink Java Job at Thu Mar 31 12:22:31 CEST 2022' (e533f4806ab04697d870e7b44deb507a).
2022-03-31 12:22:31,835 INFO  org.apache.flink.runtime.jobmaster.slotpool.DefaultDeclarativeSlotPool [] - Releasing slot [732df246ee9625657729a6c38d01b1ca].
2022-03-31 12:22:31,836 INFO  org.apache.flink.runtime.jobmaster.JobMaster                 [] - Close ResourceManager connection 8d5d7388013ec3a80acdbd1bd51be0b3: Stopping JobMaster for job 'Flink Java Job at Thu Mar 31 12:22:31 CEST 2022' (e533f4806ab04697d870e7b44deb507a).
2022-03-31 12:22:31,836 INFO  org.apache.flink.runtime.resourcemanager.StandaloneResourceManager [] - Disconnect job manager 00000000000000000000000000000000@akka.tcp://flink@localhost:6123/user/rpc/jobmanager_3 for job e533f4806ab04697d870e7b44deb507a from the resource manager.
2022-03-31 12:23:10,322 WARN  org.apache.flink.runtime.webmonitor.handlers.JarRunHandler   [] - Configuring the job submission via query parameters is deprecated. Please migrate to submitting a JSON request instead.
2022-03-31 12:23:10,325 INFO  org.apache.flink.client.ClientUtils                          [] - Starting program (detached: true)
2022-03-31 12:23:10,328 INFO  org.apache.flink.api.java.utils.PlanGenerator                [] - The job has 0 registered types and 0 default Kryo serializers
2022-03-31 12:23:10,331 INFO  org.apache.flink.client.deployment.application.executors.EmbeddedExecutor [] - Job 1f3187f04d2b0e60f1d0a3aba11a0d3f is submitted.
2022-03-31 12:23:10,350 INFO  org.apache.flink.client.deployment.application.executors.EmbeddedExecutor [] - Submitting Job with JobId=1f3187f04d2b0e60f1d0a3aba11a0d3f.
2022-03-31 12:23:10,372 INFO  org.apache.flink.runtime.dispatcher.StandaloneDispatcher     [] - Received JobGraph submission 'Flink Java Job at Thu Mar 31 12:23:10 CEST 2022' (1f3187f04d2b0e60f1d0a3aba11a0d3f).
2022-03-31 12:23:10,372 INFO  org.apache.flink.runtime.dispatcher.StandaloneDispatcher     [] - Submitting job 'Flink Java Job at Thu Mar 31 12:23:10 CEST 2022' (1f3187f04d2b0e60f1d0a3aba11a0d3f).
2022-03-31 12:23:10,374 INFO  org.apache.flink.runtime.rpc.akka.AkkaRpcService             [] - Starting RPC endpoint for org.apache.flink.runtime.jobmaster.JobMaster at akka://flink/user/rpc/jobmanager_4 .
2022-03-31 12:23:10,374 INFO  org.apache.flink.runtime.jobmaster.JobMaster                 [] - Initializing job 'Flink Java Job at Thu Mar 31 12:23:10 CEST 2022' (1f3187f04d2b0e60f1d0a3aba11a0d3f).
2022-03-31 12:23:10,375 INFO  org.apache.flink.runtime.jobmaster.JobMaster                 [] - Using restart back off time strategy NoRestartBackoffTimeStrategy for Flink Java Job at Thu Mar 31 12:23:10 CEST 2022 (1f3187f04d2b0e60f1d0a3aba11a0d3f).
2022-03-31 12:23:10,375 INFO  org.apache.flink.runtime.jobmaster.JobMaster                 [] - Running initialization on master for job Flink Java Job at Thu Mar 31 12:23:10 CEST 2022 (1f3187f04d2b0e60f1d0a3aba11a0d3f).
2022-03-31 12:23:10,376 INFO  org.apache.flink.runtime.jobmaster.JobMaster                 [] - Successfully ran initialization on master in 0 ms.
2022-03-31 12:23:10,377 INFO  org.apache.flink.runtime.scheduler.adapter.DefaultExecutionTopology [] - Built 1 pipelined regions in 0 ms
2022-03-31 12:23:10,377 INFO  org.apache.flink.runtime.jobmaster.JobMaster                 [] - Using failover strategy org.apache.flink.runtime.executiongraph.failover.flip1.RestartPipelinedRegionFailoverStrategy@440424a5 for Flink Java Job at Thu Mar 31 12:23:10 CEST 2022 (1f3187f04d2b0e60f1d0a3aba11a0d3f).
2022-03-31 12:23:10,378 INFO  org.apache.flink.runtime.jobmaster.JobMaster                 [] - Starting execution of job 'Flink Java Job at Thu Mar 31 12:23:10 CEST 2022' (1f3187f04d2b0e60f1d0a3aba11a0d3f) under job master id 00000000000000000000000000000000.
2022-03-31 12:23:10,378 INFO  org.apache.flink.runtime.jobmaster.JobMaster                 [] - Starting scheduling with scheduling strategy [org.apache.flink.runtime.scheduler.strategy.PipelinedRegionSchedulingStrategy]
2022-03-31 12:23:10,378 INFO  org.apache.flink.runtime.executiongraph.ExecutionGraph       [] - Job Flink Java Job at Thu Mar 31 12:23:10 CEST 2022 (1f3187f04d2b0e60f1d0a3aba11a0d3f) switched from state CREATED to RUNNING.
2022-03-31 12:23:10,378 INFO  org.apache.flink.runtime.executiongraph.ExecutionGraph       [] - CHAIN DataSource (at getDefaultTextLineDataSet(WordCountData.java:70) (org.apache.flink.api.java.io.CollectionInputFormat)) -> FlatMap (FlatMap at main(WordCount.java:84)) -> Combine (SUM(1), at main(WordCount.java:87) (1/1) (750d4214ff988d4e7504debe74f7bd65) switched from CREATED to SCHEDULED.
2022-03-31 12:23:10,378 INFO  org.apache.flink.runtime.executiongraph.ExecutionGraph       [] - Reduce (SUM(1), at main(WordCount.java:87) (1/1) (0d6f3bc658061809b25d4c18f8f35f59) switched from CREATED to SCHEDULED.
2022-03-31 12:23:10,379 INFO  org.apache.flink.runtime.executiongraph.ExecutionGraph       [] - DataSink (collect()) (1/1) (47e99389c84b4d6883938e15125b742a) switched from CREATED to SCHEDULED.
2022-03-31 12:23:10,380 INFO  org.apache.flink.runtime.jobmaster.JobMaster                 [] - Connecting to ResourceManager akka.tcp://flink@localhost:6123/user/rpc/resourcemanager_*(00000000000000000000000000000000)
2022-03-31 12:23:10,381 INFO  org.apache.flink.runtime.jobmaster.JobMaster                 [] - Resolved ResourceManager address, beginning registration
2022-03-31 12:23:10,381 INFO  org.apache.flink.runtime.resourcemanager.StandaloneResourceManager [] - Registering job manager 00000000000000000000000000000000@akka.tcp://flink@localhost:6123/user/rpc/jobmanager_4 for job 1f3187f04d2b0e60f1d0a3aba11a0d3f.
2022-03-31 12:23:10,382 INFO  org.apache.flink.runtime.resourcemanager.StandaloneResourceManager [] - Registered job manager 00000000000000000000000000000000@akka.tcp://flink@localhost:6123/user/rpc/jobmanager_4 for job 1f3187f04d2b0e60f1d0a3aba11a0d3f.
2022-03-31 12:23:10,383 INFO  org.apache.flink.runtime.jobmaster.JobMaster                 [] - JobManager successfully registered at ResourceManager, leader id: 00000000000000000000000000000000.
2022-03-31 12:23:10,383 INFO  org.apache.flink.runtime.resourcemanager.slotmanager.DeclarativeSlotManager [] - Received resource requirements from job 1f3187f04d2b0e60f1d0a3aba11a0d3f: [ResourceRequirement{resourceProfile=ResourceProfile{UNKNOWN}, numberOfRequiredSlots=1}]
2022-03-31 12:23:10,398 INFO  org.apache.flink.runtime.executiongraph.ExecutionGraph       [] - CHAIN DataSource (at getDefaultTextLineDataSet(WordCountData.java:70) (org.apache.flink.api.java.io.CollectionInputFormat)) -> FlatMap (FlatMap at main(WordCount.java:84)) -> Combine (SUM(1), at main(WordCount.java:87) (1/1) (750d4214ff988d4e7504debe74f7bd65) switched from SCHEDULED to DEPLOYING.
2022-03-31 12:23:10,415 INFO  org.apache.flink.runtime.executiongraph.ExecutionGraph       [] - Deploying CHAIN DataSource (at getDefaultTextLineDataSet(WordCountData.java:70) (org.apache.flink.api.java.io.CollectionInputFormat)) -> FlatMap (FlatMap at main(WordCount.java:84)) -> Combine (SUM(1), at main(WordCount.java:87) (1/1) (attempt #0) with attempt id 750d4214ff988d4e7504debe74f7bd65 to 192.168.178.26:51287-bcdc0b @ nb-akoenemann.fritz.box (dataPort=51289) with allocation id 1cab3ac8f020fba1a86a14b1942496e1
2022-03-31 12:23:10,416 INFO  org.apache.flink.runtime.executiongraph.ExecutionGraph       [] - Reduce (SUM(1), at main(WordCount.java:87) (1/1) (0d6f3bc658061809b25d4c18f8f35f59) switched from SCHEDULED to DEPLOYING.
2022-03-31 12:23:10,416 INFO  org.apache.flink.runtime.executiongraph.ExecutionGraph       [] - Deploying Reduce (SUM(1), at main(WordCount.java:87) (1/1) (attempt #0) with attempt id 0d6f3bc658061809b25d4c18f8f35f59 to 192.168.178.26:51287-bcdc0b @ nb-akoenemann.fritz.box (dataPort=51289) with allocation id 1cab3ac8f020fba1a86a14b1942496e1
2022-03-31 12:23:10,417 INFO  org.apache.flink.runtime.executiongraph.ExecutionGraph       [] - DataSink (collect()) (1/1) (47e99389c84b4d6883938e15125b742a) switched from SCHEDULED to DEPLOYING.
2022-03-31 12:23:10,417 INFO  org.apache.flink.runtime.executiongraph.ExecutionGraph       [] - Deploying DataSink (collect()) (1/1) (attempt #0) with attempt id 47e99389c84b4d6883938e15125b742a to 192.168.178.26:51287-bcdc0b @ nb-akoenemann.fritz.box (dataPort=51289) with allocation id 1cab3ac8f020fba1a86a14b1942496e1
2022-03-31 12:23:10,425 WARN  org.apache.flink.client.deployment.application.DetachedApplicationRunner [] - Could not execute application: 
org.apache.flink.client.program.ProgramInvocationException: The main method caused an error: Job was submitted in detached mode. Results of job execution, such as accumulators, runtime, etc. are not available. Please make sure your program doesn't call an eager execution function [collect, print, printToErr, count]. 
	at org.apache.flink.client.program.PackagedProgram.callMainMethod(PackagedProgram.java:372) ~[flink-dist_2.12-1.14.4.jar:1.14.4]
	at org.apache.flink.client.program.PackagedProgram.invokeInteractiveModeForExecution(PackagedProgram.java:222) ~[flink-dist_2.12-1.14.4.jar:1.14.4]
	at org.apache.flink.client.ClientUtils.executeProgram(ClientUtils.java:114) ~[flink-dist_2.12-1.14.4.jar:1.14.4]
	at org.apache.flink.client.deployment.application.DetachedApplicationRunner.tryExecuteJobs(DetachedApplicationRunner.java:84) [flink-dist_2.12-1.14.4.jar:1.14.4]
	at org.apache.flink.client.deployment.application.DetachedApplicationRunner.run(DetachedApplicationRunner.java:70) [flink-dist_2.12-1.14.4.jar:1.14.4]
	at org.apache.flink.runtime.webmonitor.handlers.JarRunHandler.lambda$handleRequest$0(JarRunHandler.java:104) [flink-dist_2.12-1.14.4.jar:1.14.4]
	at org.apache.flink.runtime.webmonitor.handlers.JarRunHandler$$Lambda$1016/0x0000000000000000.get(Unknown Source) [flink-dist_2.12-1.14.4.jar:1.14.4]
	at java.util.concurrent.CompletableFuture$AsyncSupply.run(CompletableFuture.java:1604) [?:1.8.0_292]
	at java.lang.Thread.run(Thread.java:823) [?:1.8.0_292]
Caused by: org.apache.flink.api.common.InvalidProgramException: Job was submitted in detached mode. Results of job execution, such as accumulators, runtime, etc. are not available. Please make sure your program doesn't call an eager execution function [collect, print, printToErr, count]. 
	at org.apache.flink.core.execution.DetachedJobExecutionResult.getAccumulatorResult(DetachedJobExecutionResult.java:56) ~[flink-dist_2.12-1.14.4.jar:1.14.4]
	at org.apache.flink.api.java.DataSet.collect(DataSet.java:419) ~[flink-dist_2.12-1.14.4.jar:1.14.4]
	at org.apache.flink.api.java.DataSet.print(DataSet.java:1748) ~[flink-dist_2.12-1.14.4.jar:1.14.4]
	at org.apache.flink.examples.java.wordcount.WordCount.main(WordCount.java:96) ~[?:?]
	at sun.reflect.NativeMethodAccessorImpl.invoke0(Native Method) ~[?:1.8.0_292]
	at sun.reflect.NativeMethodAccessorImpl.invoke(NativeMethodAccessorImpl.java:62) ~[?:1.8.0_292]
	at sun.reflect.DelegatingMethodAccessorImpl.invoke(DelegatingMethodAccessorImpl.java:43) ~[?:1.8.0_292]
	at java.lang.reflect.Method.invoke(Method.java:498) ~[?:1.8.0_292]
	at org.apache.flink.client.program.PackagedProgram.callMainMethod(PackagedProgram.java:355) ~[flink-dist_2.12-1.14.4.jar:1.14.4]
	... 8 more
2022-03-31 12:23:10,427 ERROR org.apache.flink.runtime.webmonitor.handlers.JarRunHandler   [] - Exception occurred in REST handler: Could not execute application.
2022-03-31 12:23:10,428 INFO  org.apache.flink.runtime.executiongraph.ExecutionGraph       [] - DataSink (collect()) (1/1) (47e99389c84b4d6883938e15125b742a) switched from DEPLOYING to INITIALIZING.
2022-03-31 12:23:10,429 INFO  org.apache.flink.runtime.executiongraph.ExecutionGraph       [] - CHAIN DataSource (at getDefaultTextLineDataSet(WordCountData.java:70) (org.apache.flink.api.java.io.CollectionInputFormat)) -> FlatMap (FlatMap at main(WordCount.java:84)) -> Combine (SUM(1), at main(WordCount.java:87) (1/1) (750d4214ff988d4e7504debe74f7bd65) switched from DEPLOYING to INITIALIZING.
2022-03-31 12:23:10,430 INFO  org.apache.flink.runtime.executiongraph.ExecutionGraph       [] - DataSink (collect()) (1/1) (47e99389c84b4d6883938e15125b742a) switched from INITIALIZING to RUNNING.
2022-03-31 12:23:10,431 INFO  org.apache.flink.runtime.executiongraph.ExecutionGraph       [] - CHAIN DataSource (at getDefaultTextLineDataSet(WordCountData.java:70) (org.apache.flink.api.java.io.CollectionInputFormat)) -> FlatMap (FlatMap at main(WordCount.java:84)) -> Combine (SUM(1), at main(WordCount.java:87) (1/1) (750d4214ff988d4e7504debe74f7bd65) switched from INITIALIZING to RUNNING.
2022-03-31 12:23:10,431 INFO  org.apache.flink.runtime.executiongraph.ExecutionGraph       [] - Reduce (SUM(1), at main(WordCount.java:87) (1/1) (0d6f3bc658061809b25d4c18f8f35f59) switched from DEPLOYING to INITIALIZING.
2022-03-31 12:23:10,432 INFO  org.apache.flink.runtime.executiongraph.ExecutionGraph       [] - Reduce (SUM(1), at main(WordCount.java:87) (1/1) (0d6f3bc658061809b25d4c18f8f35f59) switched from INITIALIZING to RUNNING.
2022-03-31 12:23:10,580 INFO  org.apache.flink.runtime.executiongraph.ExecutionGraph       [] - CHAIN DataSource (at getDefaultTextLineDataSet(WordCountData.java:70) (org.apache.flink.api.java.io.CollectionInputFormat)) -> FlatMap (FlatMap at main(WordCount.java:84)) -> Combine (SUM(1), at main(WordCount.java:87) (1/1) (750d4214ff988d4e7504debe74f7bd65) switched from RUNNING to FINISHED.
2022-03-31 12:23:10,640 INFO  org.apache.flink.runtime.executiongraph.ExecutionGraph       [] - Reduce (SUM(1), at main(WordCount.java:87) (1/1) (0d6f3bc658061809b25d4c18f8f35f59) switched from RUNNING to FINISHED.
2022-03-31 12:23:10,641 INFO  org.apache.flink.runtime.executiongraph.ExecutionGraph       [] - DataSink (collect()) (1/1) (47e99389c84b4d6883938e15125b742a) switched from RUNNING to FINISHED.
2022-03-31 12:23:10,642 INFO  org.apache.flink.runtime.resourcemanager.slotmanager.DeclarativeSlotManager [] - Clearing resource requirements of job 1f3187f04d2b0e60f1d0a3aba11a0d3f
2022-03-31 12:23:10,642 INFO  org.apache.flink.runtime.executiongraph.ExecutionGraph       [] - Job Flink Java Job at Thu Mar 31 12:23:10 CEST 2022 (1f3187f04d2b0e60f1d0a3aba11a0d3f) switched from state RUNNING to FINISHED.
2022-03-31 12:23:10,644 INFO  org.apache.flink.runtime.dispatcher.StandaloneDispatcher     [] - Job 1f3187f04d2b0e60f1d0a3aba11a0d3f reached terminal state FINISHED.
2022-03-31 12:23:10,646 INFO  org.apache.flink.runtime.jobmaster.JobMaster                 [] - Stopping the JobMaster for job 'Flink Java Job at Thu Mar 31 12:23:10 CEST 2022' (1f3187f04d2b0e60f1d0a3aba11a0d3f).
2022-03-31 12:23:10,647 INFO  org.apache.flink.runtime.jobmaster.slotpool.DefaultDeclarativeSlotPool [] - Releasing slot [1cab3ac8f020fba1a86a14b1942496e1].
2022-03-31 12:23:10,648 INFO  org.apache.flink.runtime.jobmaster.JobMaster                 [] - Close ResourceManager connection 8d5d7388013ec3a80acdbd1bd51be0b3: Stopping JobMaster for job 'Flink Java Job at Thu Mar 31 12:23:10 CEST 2022' (1f3187f04d2b0e60f1d0a3aba11a0d3f).
2022-03-31 12:23:10,648 INFO  org.apache.flink.runtime.resourcemanager.StandaloneResourceManager [] - Disconnect job manager 00000000000000000000000000000000@akka.tcp://flink@localhost:6123/user/rpc/jobmanager_4 for job 1f3187f04d2b0e60f1d0a3aba11a0d3f from the resource manager.
2022-03-31 12:23:11,506 WARN  org.apache.flink.runtime.webmonitor.handlers.JarPlanHandler  [] - Configuring the job submission via query parameters is deprecated. Please migrate to submitting a JSON request instead.
2022-03-31 12:23:11,507 WARN  org.apache.flink.runtime.webmonitor.handlers.JarPlanHandler  [] - Configuring the job submission via query parameters is deprecated. Please migrate to submitting a JSON request instead.
2022-03-31 12:23:11,507 WARN  org.apache.flink.runtime.webmonitor.handlers.JarPlanHandler  [] - Configuring the job submission via query parameters is deprecated. Please migrate to submitting a JSON request instead.
2022-03-31 12:23:11,522 INFO  org.apache.flink.api.java.utils.PlanGenerator                [] - The job has 0 registered types and 0 default Kryo serializers
2022-03-31 12:23:12,744 WARN  org.apache.flink.runtime.webmonitor.handlers.JarPlanHandler  [] - Configuring the job submission via query parameters is deprecated. Please migrate to submitting a JSON request instead.
2022-03-31 12:23:12,744 WARN  org.apache.flink.runtime.webmonitor.handlers.JarPlanHandler  [] - Configuring the job submission via query parameters is deprecated. Please migrate to submitting a JSON request instead.
2022-03-31 12:23:12,744 WARN  org.apache.flink.runtime.webmonitor.handlers.JarPlanHandler  [] - Configuring the job submission via query parameters is deprecated. Please migrate to submitting a JSON request instead.
2022-03-31 12:23:12,749 INFO  org.apache.flink.api.java.utils.PlanGenerator                [] - The job has 0 registered types and 0 default Kryo serializers
2022-03-31 12:24:38,210 WARN  org.apache.flink.runtime.webmonitor.handlers.JarRunHandler   [] - Configuring the job submission via query parameters is deprecated. Please migrate to submitting a JSON request instead.
2022-03-31 12:24:38,215 INFO  org.apache.flink.client.ClientUtils                          [] - Starting program (detached: true)
2022-03-31 12:24:38,218 INFO  org.apache.flink.api.java.utils.PlanGenerator                [] - The job has 0 registered types and 0 default Kryo serializers
2022-03-31 12:24:38,220 INFO  org.apache.flink.client.deployment.application.executors.EmbeddedExecutor [] - Job cc20e9e9045f6067893dd69c314e5226 is submitted.
2022-03-31 12:24:38,220 INFO  org.apache.flink.client.deployment.application.executors.EmbeddedExecutor [] - Submitting Job with JobId=cc20e9e9045f6067893dd69c314e5226.
2022-03-31 12:24:38,224 INFO  org.apache.flink.runtime.dispatcher.StandaloneDispatcher     [] - Received JobGraph submission 'Flink Java Job at Thu Mar 31 12:24:38 CEST 2022' (cc20e9e9045f6067893dd69c314e5226).
2022-03-31 12:24:38,224 INFO  org.apache.flink.runtime.dispatcher.StandaloneDispatcher     [] - Submitting job 'Flink Java Job at Thu Mar 31 12:24:38 CEST 2022' (cc20e9e9045f6067893dd69c314e5226).
2022-03-31 12:24:38,226 INFO  org.apache.flink.runtime.rpc.akka.AkkaRpcService             [] - Starting RPC endpoint for org.apache.flink.runtime.jobmaster.JobMaster at akka://flink/user/rpc/jobmanager_5 .
2022-03-31 12:24:38,226 INFO  org.apache.flink.runtime.jobmaster.JobMaster                 [] - Initializing job 'Flink Java Job at Thu Mar 31 12:24:38 CEST 2022' (cc20e9e9045f6067893dd69c314e5226).
2022-03-31 12:24:38,228 INFO  org.apache.flink.runtime.jobmaster.JobMaster                 [] - Using restart back off time strategy NoRestartBackoffTimeStrategy for Flink Java Job at Thu Mar 31 12:24:38 CEST 2022 (cc20e9e9045f6067893dd69c314e5226).
2022-03-31 12:24:38,228 INFO  org.apache.flink.runtime.jobmaster.JobMaster                 [] - Running initialization on master for job Flink Java Job at Thu Mar 31 12:24:38 CEST 2022 (cc20e9e9045f6067893dd69c314e5226).
2022-03-31 12:24:38,229 INFO  org.apache.flink.runtime.jobmaster.JobMaster                 [] - Successfully ran initialization on master in 0 ms.
2022-03-31 12:24:38,230 INFO  org.apache.flink.runtime.scheduler.adapter.DefaultExecutionTopology [] - Built 1 pipelined regions in 0 ms
2022-03-31 12:24:38,230 INFO  org.apache.flink.runtime.jobmaster.JobMaster                 [] - Using failover strategy org.apache.flink.runtime.executiongraph.failover.flip1.RestartPipelinedRegionFailoverStrategy@840990b4 for Flink Java Job at Thu Mar 31 12:24:38 CEST 2022 (cc20e9e9045f6067893dd69c314e5226).
2022-03-31 12:24:38,231 INFO  org.apache.flink.runtime.jobmaster.JobMaster                 [] - Starting execution of job 'Flink Java Job at Thu Mar 31 12:24:38 CEST 2022' (cc20e9e9045f6067893dd69c314e5226) under job master id 00000000000000000000000000000000.
2022-03-31 12:24:38,231 INFO  org.apache.flink.runtime.jobmaster.JobMaster                 [] - Starting scheduling with scheduling strategy [org.apache.flink.runtime.scheduler.strategy.PipelinedRegionSchedulingStrategy]
2022-03-31 12:24:38,231 INFO  org.apache.flink.runtime.executiongraph.ExecutionGraph       [] - Job Flink Java Job at Thu Mar 31 12:24:38 CEST 2022 (cc20e9e9045f6067893dd69c314e5226) switched from state CREATED to RUNNING.
2022-03-31 12:24:38,232 INFO  org.apache.flink.runtime.executiongraph.ExecutionGraph       [] - CHAIN DataSource (at getDefaultTextLineDataSet(WordCountData.java:70) (org.apache.flink.api.java.io.CollectionInputFormat)) -> FlatMap (FlatMap at main(WordCount.java:84)) -> Combine (SUM(1), at main(WordCount.java:87) (1/1) (65ab85a8e1ac7c1d98e0e2a3adb262da) switched from CREATED to SCHEDULED.
2022-03-31 12:24:38,232 INFO  org.apache.flink.runtime.executiongraph.ExecutionGraph       [] - Reduce (SUM(1), at main(WordCount.java:87) (1/1) (f08342d8cdc381585d063e470577fb40) switched from CREATED to SCHEDULED.
2022-03-31 12:24:38,232 INFO  org.apache.flink.runtime.executiongraph.ExecutionGraph       [] - DataSink (collect()) (1/1) (7a64e2f9609307afdc558614475ebea7) switched from CREATED to SCHEDULED.
2022-03-31 12:24:38,233 INFO  org.apache.flink.runtime.jobmaster.JobMaster                 [] - Connecting to ResourceManager akka.tcp://flink@localhost:6123/user/rpc/resourcemanager_*(00000000000000000000000000000000)
2022-03-31 12:24:38,234 INFO  org.apache.flink.runtime.jobmaster.JobMaster                 [] - Resolved ResourceManager address, beginning registration
2022-03-31 12:24:38,234 INFO  org.apache.flink.runtime.resourcemanager.StandaloneResourceManager [] - Registering job manager 00000000000000000000000000000000@akka.tcp://flink@localhost:6123/user/rpc/jobmanager_5 for job cc20e9e9045f6067893dd69c314e5226.
2022-03-31 12:24:38,235 INFO  org.apache.flink.runtime.resourcemanager.StandaloneResourceManager [] - Registered job manager 00000000000000000000000000000000@akka.tcp://flink@localhost:6123/user/rpc/jobmanager_5 for job cc20e9e9045f6067893dd69c314e5226.
2022-03-31 12:24:38,235 INFO  org.apache.flink.runtime.jobmaster.JobMaster                 [] - JobManager successfully registered at ResourceManager, leader id: 00000000000000000000000000000000.
2022-03-31 12:24:38,236 INFO  org.apache.flink.runtime.resourcemanager.slotmanager.DeclarativeSlotManager [] - Received resource requirements from job cc20e9e9045f6067893dd69c314e5226: [ResourceRequirement{resourceProfile=ResourceProfile{UNKNOWN}, numberOfRequiredSlots=1}]
2022-03-31 12:24:38,254 INFO  org.apache.flink.runtime.executiongraph.ExecutionGraph       [] - CHAIN DataSource (at getDefaultTextLineDataSet(WordCountData.java:70) (org.apache.flink.api.java.io.CollectionInputFormat)) -> FlatMap (FlatMap at main(WordCount.java:84)) -> Combine (SUM(1), at main(WordCount.java:87) (1/1) (65ab85a8e1ac7c1d98e0e2a3adb262da) switched from SCHEDULED to DEPLOYING.
2022-03-31 12:24:38,271 INFO  org.apache.flink.runtime.executiongraph.ExecutionGraph       [] - Deploying CHAIN DataSource (at getDefaultTextLineDataSet(WordCountData.java:70) (org.apache.flink.api.java.io.CollectionInputFormat)) -> FlatMap (FlatMap at main(WordCount.java:84)) -> Combine (SUM(1), at main(WordCount.java:87) (1/1) (attempt #0) with attempt id 65ab85a8e1ac7c1d98e0e2a3adb262da to 192.168.178.26:51287-bcdc0b @ nb-akoenemann.fritz.box (dataPort=51289) with allocation id b675c06fba50bff35e4738c3cf9d2a0e
2022-03-31 12:24:38,272 INFO  org.apache.flink.runtime.executiongraph.ExecutionGraph       [] - Reduce (SUM(1), at main(WordCount.java:87) (1/1) (f08342d8cdc381585d063e470577fb40) switched from SCHEDULED to DEPLOYING.
2022-03-31 12:24:38,272 INFO  org.apache.flink.runtime.executiongraph.ExecutionGraph       [] - Deploying Reduce (SUM(1), at main(WordCount.java:87) (1/1) (attempt #0) with attempt id f08342d8cdc381585d063e470577fb40 to 192.168.178.26:51287-bcdc0b @ nb-akoenemann.fritz.box (dataPort=51289) with allocation id b675c06fba50bff35e4738c3cf9d2a0e
2022-03-31 12:24:38,272 INFO  org.apache.flink.runtime.executiongraph.ExecutionGraph       [] - DataSink (collect()) (1/1) (7a64e2f9609307afdc558614475ebea7) switched from SCHEDULED to DEPLOYING.
2022-03-31 12:24:38,273 INFO  org.apache.flink.runtime.executiongraph.ExecutionGraph       [] - Deploying DataSink (collect()) (1/1) (attempt #0) with attempt id 7a64e2f9609307afdc558614475ebea7 to 192.168.178.26:51287-bcdc0b @ nb-akoenemann.fritz.box (dataPort=51289) with allocation id b675c06fba50bff35e4738c3cf9d2a0e
2022-03-31 12:24:38,278 WARN  org.apache.flink.client.deployment.application.DetachedApplicationRunner [] - Could not execute application: 
org.apache.flink.client.program.ProgramInvocationException: The main method caused an error: Job was submitted in detached mode. Results of job execution, such as accumulators, runtime, etc. are not available. Please make sure your program doesn't call an eager execution function [collect, print, printToErr, count]. 
	at org.apache.flink.client.program.PackagedProgram.callMainMethod(PackagedProgram.java:372) ~[flink-dist_2.12-1.14.4.jar:1.14.4]
	at org.apache.flink.client.program.PackagedProgram.invokeInteractiveModeForExecution(PackagedProgram.java:222) ~[flink-dist_2.12-1.14.4.jar:1.14.4]
	at org.apache.flink.client.ClientUtils.executeProgram(ClientUtils.java:114) ~[flink-dist_2.12-1.14.4.jar:1.14.4]
	at org.apache.flink.client.deployment.application.DetachedApplicationRunner.tryExecuteJobs(DetachedApplicationRunner.java:84) [flink-dist_2.12-1.14.4.jar:1.14.4]
	at org.apache.flink.client.deployment.application.DetachedApplicationRunner.run(DetachedApplicationRunner.java:70) [flink-dist_2.12-1.14.4.jar:1.14.4]
	at org.apache.flink.runtime.webmonitor.handlers.JarRunHandler.lambda$handleRequest$0(JarRunHandler.java:104) [flink-dist_2.12-1.14.4.jar:1.14.4]
	at org.apache.flink.runtime.webmonitor.handlers.JarRunHandler$$Lambda$1016/0x0000000000000000.get(Unknown Source) [flink-dist_2.12-1.14.4.jar:1.14.4]
	at java.util.concurrent.CompletableFuture$AsyncSupply.run(CompletableFuture.java:1604) [?:1.8.0_292]
	at java.lang.Thread.run(Thread.java:823) [?:1.8.0_292]
Caused by: org.apache.flink.api.common.InvalidProgramException: Job was submitted in detached mode. Results of job execution, such as accumulators, runtime, etc. are not available. Please make sure your program doesn't call an eager execution function [collect, print, printToErr, count]. 
	at org.apache.flink.core.execution.DetachedJobExecutionResult.getAccumulatorResult(DetachedJobExecutionResult.java:56) ~[flink-dist_2.12-1.14.4.jar:1.14.4]
	at org.apache.flink.api.java.DataSet.collect(DataSet.java:419) ~[flink-dist_2.12-1.14.4.jar:1.14.4]
	at org.apache.flink.api.java.DataSet.print(DataSet.java:1748) ~[flink-dist_2.12-1.14.4.jar:1.14.4]
	at org.apache.flink.examples.java.wordcount.WordCount.main(WordCount.java:96) ~[?:?]
	at sun.reflect.NativeMethodAccessorImpl.invoke0(Native Method) ~[?:1.8.0_292]
	at sun.reflect.NativeMethodAccessorImpl.invoke(NativeMethodAccessorImpl.java:62) ~[?:1.8.0_292]
	at sun.reflect.DelegatingMethodAccessorImpl.invoke(DelegatingMethodAccessorImpl.java:43) ~[?:1.8.0_292]
	at java.lang.reflect.Method.invoke(Method.java:498) ~[?:1.8.0_292]
	at org.apache.flink.client.program.PackagedProgram.callMainMethod(PackagedProgram.java:355) ~[flink-dist_2.12-1.14.4.jar:1.14.4]
	... 8 more
2022-03-31 12:24:38,280 ERROR org.apache.flink.runtime.webmonitor.handlers.JarRunHandler   [] - Exception occurred in REST handler: Could not execute application.
2022-03-31 12:24:38,288 INFO  org.apache.flink.runtime.executiongraph.ExecutionGraph       [] - CHAIN DataSource (at getDefaultTextLineDataSet(WordCountData.java:70) (org.apache.flink.api.java.io.CollectionInputFormat)) -> FlatMap (FlatMap at main(WordCount.java:84)) -> Combine (SUM(1), at main(WordCount.java:87) (1/1) (65ab85a8e1ac7c1d98e0e2a3adb262da) switched from DEPLOYING to INITIALIZING.
2022-03-31 12:24:38,289 INFO  org.apache.flink.runtime.executiongraph.ExecutionGraph       [] - DataSink (collect()) (1/1) (7a64e2f9609307afdc558614475ebea7) switched from DEPLOYING to INITIALIZING.
2022-03-31 12:24:38,289 INFO  org.apache.flink.runtime.executiongraph.ExecutionGraph       [] - CHAIN DataSource (at getDefaultTextLineDataSet(WordCountData.java:70) (org.apache.flink.api.java.io.CollectionInputFormat)) -> FlatMap (FlatMap at main(WordCount.java:84)) -> Combine (SUM(1), at main(WordCount.java:87) (1/1) (65ab85a8e1ac7c1d98e0e2a3adb262da) switched from INITIALIZING to RUNNING.
2022-03-31 12:24:38,290 INFO  org.apache.flink.runtime.executiongraph.ExecutionGraph       [] - DataSink (collect()) (1/1) (7a64e2f9609307afdc558614475ebea7) switched from INITIALIZING to RUNNING.
2022-03-31 12:24:38,291 INFO  org.apache.flink.runtime.executiongraph.ExecutionGraph       [] - Reduce (SUM(1), at main(WordCount.java:87) (1/1) (f08342d8cdc381585d063e470577fb40) switched from DEPLOYING to INITIALIZING.
2022-03-31 12:24:38,291 INFO  org.apache.flink.runtime.executiongraph.ExecutionGraph       [] - Reduce (SUM(1), at main(WordCount.java:87) (1/1) (f08342d8cdc381585d063e470577fb40) switched from INITIALIZING to RUNNING.
2022-03-31 12:24:38,433 INFO  org.apache.flink.runtime.executiongraph.ExecutionGraph       [] - CHAIN DataSource (at getDefaultTextLineDataSet(WordCountData.java:70) (org.apache.flink.api.java.io.CollectionInputFormat)) -> FlatMap (FlatMap at main(WordCount.java:84)) -> Combine (SUM(1), at main(WordCount.java:87) (1/1) (65ab85a8e1ac7c1d98e0e2a3adb262da) switched from RUNNING to FINISHED.
2022-03-31 12:24:38,482 INFO  org.apache.flink.runtime.executiongraph.ExecutionGraph       [] - Reduce (SUM(1), at main(WordCount.java:87) (1/1) (f08342d8cdc381585d063e470577fb40) switched from RUNNING to FINISHED.
2022-03-31 12:24:38,483 INFO  org.apache.flink.runtime.executiongraph.ExecutionGraph       [] - DataSink (collect()) (1/1) (7a64e2f9609307afdc558614475ebea7) switched from RUNNING to FINISHED.
2022-03-31 12:24:38,484 INFO  org.apache.flink.runtime.resourcemanager.slotmanager.DeclarativeSlotManager [] - Clearing resource requirements of job cc20e9e9045f6067893dd69c314e5226
2022-03-31 12:24:38,484 INFO  org.apache.flink.runtime.executiongraph.ExecutionGraph       [] - Job Flink Java Job at Thu Mar 31 12:24:38 CEST 2022 (cc20e9e9045f6067893dd69c314e5226) switched from state RUNNING to FINISHED.
2022-03-31 12:24:38,486 INFO  org.apache.flink.runtime.dispatcher.StandaloneDispatcher     [] - Job cc20e9e9045f6067893dd69c314e5226 reached terminal state FINISHED.
2022-03-31 12:24:38,488 INFO  org.apache.flink.runtime.jobmaster.JobMaster                 [] - Stopping the JobMaster for job 'Flink Java Job at Thu Mar 31 12:24:38 CEST 2022' (cc20e9e9045f6067893dd69c314e5226).
2022-03-31 12:24:38,489 INFO  org.apache.flink.runtime.jobmaster.slotpool.DefaultDeclarativeSlotPool [] - Releasing slot [b675c06fba50bff35e4738c3cf9d2a0e].
2022-03-31 12:24:38,489 INFO  org.apache.flink.runtime.jobmaster.JobMaster                 [] - Close ResourceManager connection 8d5d7388013ec3a80acdbd1bd51be0b3: Stopping JobMaster for job 'Flink Java Job at Thu Mar 31 12:24:38 CEST 2022' (cc20e9e9045f6067893dd69c314e5226).
2022-03-31 12:24:38,490 INFO  org.apache.flink.runtime.resourcemanager.StandaloneResourceManager [] - Disconnect job manager 00000000000000000000000000000000@akka.tcp://flink@localhost:6123/user/rpc/jobmanager_5 for job cc20e9e9045f6067893dd69c314e5226 from the resource manager.
2022-03-31 12:25:19,240 INFO  org.apache.flink.runtime.dispatcher.StandaloneDispatcher     [] - Received JobGraph submission 'Streaming WordCount' (b42bb56ff577f8023f6a1a94056944d9).
2022-03-31 12:25:19,240 INFO  org.apache.flink.runtime.dispatcher.StandaloneDispatcher     [] - Submitting job 'Streaming WordCount' (b42bb56ff577f8023f6a1a94056944d9).
2022-03-31 12:25:19,242 INFO  org.apache.flink.runtime.rpc.akka.AkkaRpcService             [] - Starting RPC endpoint for org.apache.flink.runtime.jobmaster.JobMaster at akka://flink/user/rpc/jobmanager_6 .
2022-03-31 12:25:19,242 INFO  org.apache.flink.runtime.jobmaster.JobMaster                 [] - Initializing job 'Streaming WordCount' (b42bb56ff577f8023f6a1a94056944d9).
2022-03-31 12:25:19,243 INFO  org.apache.flink.runtime.jobmaster.JobMaster                 [] - Using restart back off time strategy NoRestartBackoffTimeStrategy for Streaming WordCount (b42bb56ff577f8023f6a1a94056944d9).
2022-03-31 12:25:19,243 INFO  org.apache.flink.runtime.jobmaster.JobMaster                 [] - Running initialization on master for job Streaming WordCount (b42bb56ff577f8023f6a1a94056944d9).
2022-03-31 12:25:19,243 INFO  org.apache.flink.runtime.jobmaster.JobMaster                 [] - Successfully ran initialization on master in 0 ms.
2022-03-31 12:25:19,244 INFO  org.apache.flink.runtime.scheduler.adapter.DefaultExecutionTopology [] - Built 1 pipelined regions in 0 ms
2022-03-31 12:25:19,245 INFO  org.apache.flink.runtime.jobmaster.JobMaster                 [] - No state backend has been configured, using default (HashMap) org.apache.flink.runtime.state.hashmap.HashMapStateBackend@e5a1d53e
2022-03-31 12:25:19,245 INFO  org.apache.flink.runtime.state.StateBackendLoader            [] - State backend loader loads the state backend as HashMapStateBackend
2022-03-31 12:25:19,245 INFO  org.apache.flink.runtime.jobmaster.JobMaster                 [] - Checkpoint storage is set to 'jobmanager'
2022-03-31 12:25:19,245 INFO  org.apache.flink.runtime.checkpoint.CheckpointCoordinator    [] - No checkpoint found during restore.
2022-03-31 12:25:19,245 INFO  org.apache.flink.runtime.jobmaster.JobMaster                 [] - Using failover strategy org.apache.flink.runtime.executiongraph.failover.flip1.RestartPipelinedRegionFailoverStrategy@f48236d2 for Streaming WordCount (b42bb56ff577f8023f6a1a94056944d9).
2022-03-31 12:25:19,245 INFO  org.apache.flink.runtime.jobmaster.JobMaster                 [] - Starting execution of job 'Streaming WordCount' (b42bb56ff577f8023f6a1a94056944d9) under job master id 00000000000000000000000000000000.
2022-03-31 12:25:19,246 INFO  org.apache.flink.runtime.jobmaster.JobMaster                 [] - Starting scheduling with scheduling strategy [org.apache.flink.runtime.scheduler.strategy.PipelinedRegionSchedulingStrategy]
2022-03-31 12:25:19,246 INFO  org.apache.flink.runtime.executiongraph.ExecutionGraph       [] - Job Streaming WordCount (b42bb56ff577f8023f6a1a94056944d9) switched from state CREATED to RUNNING.
2022-03-31 12:25:19,246 INFO  org.apache.flink.runtime.executiongraph.ExecutionGraph       [] - Source: Collection Source -> Flat Map (1/1) (d852cc48daf7bc178d9eed49a36e3fb2) switched from CREATED to SCHEDULED.
2022-03-31 12:25:19,246 INFO  org.apache.flink.runtime.executiongraph.ExecutionGraph       [] - Keyed Aggregation -> Sink: Print to Std. Out (1/1) (316ba30b36bdba269ec1af091b669c10) switched from CREATED to SCHEDULED.
2022-03-31 12:25:19,247 INFO  org.apache.flink.runtime.jobmaster.JobMaster                 [] - Connecting to ResourceManager akka.tcp://flink@localhost:6123/user/rpc/resourcemanager_*(00000000000000000000000000000000)
2022-03-31 12:25:19,247 INFO  org.apache.flink.runtime.jobmaster.JobMaster                 [] - Resolved ResourceManager address, beginning registration
2022-03-31 12:25:19,247 INFO  org.apache.flink.runtime.resourcemanager.StandaloneResourceManager [] - Registering job manager 00000000000000000000000000000000@akka.tcp://flink@localhost:6123/user/rpc/jobmanager_6 for job b42bb56ff577f8023f6a1a94056944d9.
2022-03-31 12:25:19,248 INFO  org.apache.flink.runtime.resourcemanager.StandaloneResourceManager [] - Registered job manager 00000000000000000000000000000000@akka.tcp://flink@localhost:6123/user/rpc/jobmanager_6 for job b42bb56ff577f8023f6a1a94056944d9.
2022-03-31 12:25:19,249 INFO  org.apache.flink.runtime.jobmaster.JobMaster                 [] - JobManager successfully registered at ResourceManager, leader id: 00000000000000000000000000000000.
2022-03-31 12:25:19,249 INFO  org.apache.flink.runtime.resourcemanager.slotmanager.DeclarativeSlotManager [] - Received resource requirements from job b42bb56ff577f8023f6a1a94056944d9: [ResourceRequirement{resourceProfile=ResourceProfile{UNKNOWN}, numberOfRequiredSlots=1}]
2022-03-31 12:25:19,264 INFO  org.apache.flink.runtime.executiongraph.ExecutionGraph       [] - Source: Collection Source -> Flat Map (1/1) (d852cc48daf7bc178d9eed49a36e3fb2) switched from SCHEDULED to DEPLOYING.
2022-03-31 12:25:19,271 INFO  org.apache.flink.runtime.executiongraph.ExecutionGraph       [] - Deploying Source: Collection Source -> Flat Map (1/1) (attempt #0) with attempt id d852cc48daf7bc178d9eed49a36e3fb2 to 192.168.178.26:51287-bcdc0b @ nb-akoenemann.fritz.box (dataPort=51289) with allocation id 0c0a46886e257c26c9738c66d1bb8884
2022-03-31 12:25:19,271 INFO  org.apache.flink.runtime.executiongraph.ExecutionGraph       [] - Keyed Aggregation -> Sink: Print to Std. Out (1/1) (316ba30b36bdba269ec1af091b669c10) switched from SCHEDULED to DEPLOYING.
2022-03-31 12:25:19,271 INFO  org.apache.flink.runtime.executiongraph.ExecutionGraph       [] - Deploying Keyed Aggregation -> Sink: Print to Std. Out (1/1) (attempt #0) with attempt id 316ba30b36bdba269ec1af091b669c10 to 192.168.178.26:51287-bcdc0b @ nb-akoenemann.fritz.box (dataPort=51289) with allocation id 0c0a46886e257c26c9738c66d1bb8884
2022-03-31 12:25:19,282 INFO  org.apache.flink.runtime.executiongraph.ExecutionGraph       [] - Keyed Aggregation -> Sink: Print to Std. Out (1/1) (316ba30b36bdba269ec1af091b669c10) switched from DEPLOYING to INITIALIZING.
2022-03-31 12:25:19,286 INFO  org.apache.flink.runtime.executiongraph.ExecutionGraph       [] - Source: Collection Source -> Flat Map (1/1) (d852cc48daf7bc178d9eed49a36e3fb2) switched from DEPLOYING to INITIALIZING.
2022-03-31 12:25:19,289 INFO  org.apache.flink.runtime.executiongraph.ExecutionGraph       [] - Keyed Aggregation -> Sink: Print to Std. Out (1/1) (316ba30b36bdba269ec1af091b669c10) switched from INITIALIZING to RUNNING.
2022-03-31 12:25:19,290 INFO  org.apache.flink.runtime.executiongraph.ExecutionGraph       [] - Source: Collection Source -> Flat Map (1/1) (d852cc48daf7bc178d9eed49a36e3fb2) switched from INITIALIZING to RUNNING.
2022-03-31 12:25:19,294 INFO  org.apache.flink.runtime.executiongraph.ExecutionGraph       [] - Source: Collection Source -> Flat Map (1/1) (d852cc48daf7bc178d9eed49a36e3fb2) switched from RUNNING to FINISHED.
2022-03-31 12:25:19,313 INFO  org.apache.flink.runtime.executiongraph.ExecutionGraph       [] - Keyed Aggregation -> Sink: Print to Std. Out (1/1) (316ba30b36bdba269ec1af091b669c10) switched from RUNNING to FINISHED.
2022-03-31 12:25:19,313 INFO  org.apache.flink.runtime.executiongraph.ExecutionGraph       [] - Job Streaming WordCount (b42bb56ff577f8023f6a1a94056944d9) switched from state RUNNING to FINISHED.
2022-03-31 12:25:19,313 INFO  org.apache.flink.runtime.checkpoint.CheckpointCoordinator    [] - Stopping checkpoint coordinator for job b42bb56ff577f8023f6a1a94056944d9.
2022-03-31 12:25:19,313 INFO  org.apache.flink.runtime.resourcemanager.slotmanager.DeclarativeSlotManager [] - Clearing resource requirements of job b42bb56ff577f8023f6a1a94056944d9
2022-03-31 12:25:19,314 INFO  org.apache.flink.runtime.dispatcher.StandaloneDispatcher     [] - Job b42bb56ff577f8023f6a1a94056944d9 reached terminal state FINISHED.
2022-03-31 12:25:19,317 INFO  org.apache.flink.runtime.jobmaster.JobMaster                 [] - Stopping the JobMaster for job 'Streaming WordCount' (b42bb56ff577f8023f6a1a94056944d9).
2022-03-31 12:25:19,318 INFO  org.apache.flink.runtime.checkpoint.StandaloneCompletedCheckpointStore [] - Shutting down
2022-03-31 12:25:19,318 INFO  org.apache.flink.runtime.jobmaster.slotpool.DefaultDeclarativeSlotPool [] - Releasing slot [0c0a46886e257c26c9738c66d1bb8884].
2022-03-31 12:25:19,319 INFO  org.apache.flink.runtime.jobmaster.JobMaster                 [] - Close ResourceManager connection 8d5d7388013ec3a80acdbd1bd51be0b3: Stopping JobMaster for job 'Streaming WordCount' (b42bb56ff577f8023f6a1a94056944d9).
2022-03-31 12:25:19,319 INFO  org.apache.flink.runtime.resourcemanager.StandaloneResourceManager [] - Disconnect job manager 00000000000000000000000000000000@akka.tcp://flink@localhost:6123/user/rpc/jobmanager_6 for job b42bb56ff577f8023f6a1a94056944d9 from the resource manager.
2022-03-31 12:50:57,469 WARN  akka.remote.ReliableDeliverySupervisor                       [] - Association with remote system [akka.tcp://flink-metrics@192.168.178.26:51288] has failed, address is now gated for [50] ms. Reason: [Disassociated] 
2022-03-31 12:50:57,470 WARN  akka.remote.ReliableDeliverySupervisor                       [] - Association with remote system [akka.tcp://flink@192.168.178.26:51287] has failed, address is now gated for [50] ms. Reason: [Disassociated] 
2022-03-31 12:50:57,999 INFO  org.apache.flink.runtime.entrypoint.ClusterEntrypoint        [] - RECEIVED SIGNAL 15: SIGTERM. Shutting down as requested.
2022-03-31 12:50:58,000 INFO  org.apache.flink.runtime.entrypoint.ClusterEntrypoint        [] - Shutting StandaloneSessionClusterEntrypoint down with application status UNKNOWN. Diagnostics Cluster entrypoint has been closed externally..
2022-03-31 12:50:58,002 INFO  org.apache.flink.runtime.dispatcher.DispatcherRestEndpoint   [] - Shutting down rest endpoint.
2022-03-31 12:50:58,003 INFO  org.apache.flink.runtime.blob.BlobServer                     [] - Stopped BLOB server at 0.0.0.0:51285
2022-03-31 12:50:58,161 INFO  akka.remote.RemoteActorRefProvider$RemotingTerminator        [] - Shutting down remote daemon.
2022-03-31 12:50:58,162 INFO  akka.remote.RemoteActorRefProvider$RemotingTerminator        [] - Remote daemon shut down; proceeding with flushing remote transports.
2022-03-31 12:50:58,168 INFO  akka.remote.RemoteActorRefProvider$RemotingTerminator        [] - Shutting down remote daemon.
2022-03-31 12:50:58,169 INFO  akka.remote.RemoteActorRefProvider$RemotingTerminator        [] - Remote daemon shut down; proceeding with flushing remote transports.
2022-03-31 12:50:58,177 INFO  akka.remote.RemoteActorRefProvider$RemotingTerminator        [] - Remoting shut down.
2022-03-31 12:50:58,177 INFO  akka.remote.RemoteActorRefProvider$RemotingTerminator        [] - Remoting shut down.
