2022-06-20 10:45:03,306 INFO  org.apache.flink.runtime.taskexecutor.TaskManagerRunner      [] - --------------------------------------------------------------------------------
2022-06-20 10:45:03,308 INFO  org.apache.flink.runtime.taskexecutor.TaskManagerRunner      [] -  Preconfiguration: 
2022-06-20 10:45:03,308 INFO  org.apache.flink.runtime.taskexecutor.TaskManagerRunner      [] - 


RESOURCE_PARAMS extraction logs:
jvm_params: -Xmx5536481213 -Xms5536481213 -XX:MaxDirectMemorySize=1207959552 -XX:MaxMetaspaceSize=268435456
dynamic_configs: -D taskmanager.memory.network.min=1073741824b -D taskmanager.cpu.cores=1.0 -D taskmanager.memory.task.off-heap.size=0b -D taskmanager.memory.jvm-metaspace.size=268435456b -D external-resources=none -D taskmanager.memory.jvm-overhead.min=1073741824b -D taskmanager.memory.framework.off-heap.size=134217728b -D taskmanager.memory.network.max=1073741824b -D taskmanager.memory.framework.heap.size=134217728b -D taskmanager.memory.managed.size=4496293955b -D taskmanager.memory.task.heap.size=5402263485b -D taskmanager.numberOfTaskSlots=1 -D taskmanager.memory.jvm-overhead.max=1073741824b
logs: WARNING: sun.reflect.Reflection.getCallerClass is not supported. This will impact performance.
INFO  [] - Loading configuration property: jobmanager.rpc.address, 192.168.178.56
INFO  [] - Loading configuration property: taskmanager.rpc.address, 192.168.178.59
INFO  [] - Loading configuration property: jobmanager.rpc.port, 6123
INFO  [] - Loading configuration property: jobmanager.memory.process.size, 8000m
INFO  [] - Loading configuration property: taskmanager.memory.process.size, 12000m
INFO  [] - Loading configuration property: taskmanager.numberOfTaskSlots, 1
INFO  [] - Loading configuration property: parallelism.default, 1
INFO  [] - Loading configuration property: jobmanager.execution.failover-strategy, region
INFO  [] - The derived from fraction jvm overhead memory (1.172gb (1258291218 bytes)) is greater than its max value 1024.000mb (1073741824 bytes), max value will be used instead
INFO  [] - The derived from fraction network memory (1.047gb (1124073488 bytes)) is greater than its max value 1024.000mb (1073741824 bytes), max value will be used instead
INFO  [] - Final TaskExecutor Memory configuration:
INFO  [] -   Total Process Memory:          11.719gb (12582912000 bytes)
INFO  [] -     Total Flink Memory:          10.469gb (11240734720 bytes)
INFO  [] -       Total JVM Heap Memory:     5.156gb (5536481213 bytes)
INFO  [] -         Framework:               128.000mb (134217728 bytes)
INFO  [] -         Task:                    5.031gb (5402263485 bytes)
INFO  [] -       Total Off-heap Memory:     5.313gb (5704253507 bytes)
INFO  [] -         Managed:                 4.188gb (4496293955 bytes)
INFO  [] -         Total JVM Direct Memory: 1.125gb (1207959552 bytes)
INFO  [] -           Framework:             128.000mb (134217728 bytes)
INFO  [] -           Task:                  0 bytes
INFO  [] -           Network:               1024.000mb (1073741824 bytes)
INFO  [] -     JVM Metaspace:               256.000mb (268435456 bytes)
INFO  [] -     JVM Overhead:                1024.000mb (1073741824 bytes)

2022-06-20 10:45:03,309 INFO  org.apache.flink.runtime.taskexecutor.TaskManagerRunner      [] - --------------------------------------------------------------------------------
2022-06-20 10:45:03,309 INFO  org.apache.flink.runtime.taskexecutor.TaskManagerRunner      [] -  Starting TaskManager (Version: 1.14.4, Scala: 2.12, Rev:895c609, Date:2022-02-25T11:57:14+01:00)
2022-06-20 10:45:03,309 INFO  org.apache.flink.runtime.taskexecutor.TaskManagerRunner      [] -  OS current user: iusearchbtw
2022-06-20 10:45:03,309 INFO  org.apache.flink.runtime.taskexecutor.TaskManagerRunner      [] -  Current Hadoop/Kerberos user: <no hadoop dependency found>
2022-06-20 10:45:03,309 INFO  org.apache.flink.runtime.taskexecutor.TaskManagerRunner      [] -  JVM: OpenJDK 64-Bit Server VM - Oracle Corporation - 11/11.0.15+10
2022-06-20 10:45:03,309 INFO  org.apache.flink.runtime.taskexecutor.TaskManagerRunner      [] -  Maximum heap size: 5280 MiBytes
2022-06-20 10:45:03,310 INFO  org.apache.flink.runtime.taskexecutor.TaskManagerRunner      [] -  JAVA_HOME: /usr/lib/jvm/java-15-openjdk
2022-06-20 10:45:03,310 INFO  org.apache.flink.runtime.taskexecutor.TaskManagerRunner      [] -  No Hadoop Dependency available
2022-06-20 10:45:03,310 INFO  org.apache.flink.runtime.taskexecutor.TaskManagerRunner      [] -  JVM Options:
2022-06-20 10:45:03,310 INFO  org.apache.flink.runtime.taskexecutor.TaskManagerRunner      [] -     -XX:+UseG1GC
2022-06-20 10:45:03,310 INFO  org.apache.flink.runtime.taskexecutor.TaskManagerRunner      [] -     -Xmx5536481213
2022-06-20 10:45:03,310 INFO  org.apache.flink.runtime.taskexecutor.TaskManagerRunner      [] -     -Xms5536481213
2022-06-20 10:45:03,310 INFO  org.apache.flink.runtime.taskexecutor.TaskManagerRunner      [] -     -XX:MaxDirectMemorySize=1207959552
2022-06-20 10:45:03,310 INFO  org.apache.flink.runtime.taskexecutor.TaskManagerRunner      [] -     -XX:MaxMetaspaceSize=268435456
2022-06-20 10:45:03,311 INFO  org.apache.flink.runtime.taskexecutor.TaskManagerRunner      [] -     -Dlog.file=/home/iusearchbtw/0_Projects/ba-spark-koenemann/Environments/FlinkEnv/flink-1.14.4/log/flink-iusearchbtw-taskexecutor-0-cheapfuck.log
2022-06-20 10:45:03,311 INFO  org.apache.flink.runtime.taskexecutor.TaskManagerRunner      [] -     -Dlog4j.configuration=file:/home/iusearchbtw/0_Projects/ba-spark-koenemann/Environments/FlinkEnv/flink-1.14.4/conf/log4j-console.properties
2022-06-20 10:45:03,311 INFO  org.apache.flink.runtime.taskexecutor.TaskManagerRunner      [] -     -Dlog4j.configurationFile=file:/home/iusearchbtw/0_Projects/ba-spark-koenemann/Environments/FlinkEnv/flink-1.14.4/conf/log4j-console.properties
2022-06-20 10:45:03,311 INFO  org.apache.flink.runtime.taskexecutor.TaskManagerRunner      [] -     -Dlogback.configurationFile=file:/home/iusearchbtw/0_Projects/ba-spark-koenemann/Environments/FlinkEnv/flink-1.14.4/conf/logback-console.xml
2022-06-20 10:45:03,311 INFO  org.apache.flink.runtime.taskexecutor.TaskManagerRunner      [] -  Program Arguments:
2022-06-20 10:45:03,313 INFO  org.apache.flink.runtime.taskexecutor.TaskManagerRunner      [] -     --configDir
2022-06-20 10:45:03,313 INFO  org.apache.flink.runtime.taskexecutor.TaskManagerRunner      [] -     /home/iusearchbtw/0_Projects/ba-spark-koenemann/Environments/FlinkEnv/flink-1.14.4/conf
2022-06-20 10:45:03,313 INFO  org.apache.flink.runtime.taskexecutor.TaskManagerRunner      [] -     -D
2022-06-20 10:45:03,313 INFO  org.apache.flink.runtime.taskexecutor.TaskManagerRunner      [] -     taskmanager.memory.network.min=1073741824b
2022-06-20 10:45:03,313 INFO  org.apache.flink.runtime.taskexecutor.TaskManagerRunner      [] -     -D
2022-06-20 10:45:03,313 INFO  org.apache.flink.runtime.taskexecutor.TaskManagerRunner      [] -     taskmanager.cpu.cores=1.0
2022-06-20 10:45:03,313 INFO  org.apache.flink.runtime.taskexecutor.TaskManagerRunner      [] -     -D
2022-06-20 10:45:03,314 INFO  org.apache.flink.runtime.taskexecutor.TaskManagerRunner      [] -     taskmanager.memory.task.off-heap.size=0b
2022-06-20 10:45:03,314 INFO  org.apache.flink.runtime.taskexecutor.TaskManagerRunner      [] -     -D
2022-06-20 10:45:03,314 INFO  org.apache.flink.runtime.taskexecutor.TaskManagerRunner      [] -     taskmanager.memory.jvm-metaspace.size=268435456b
2022-06-20 10:45:03,314 INFO  org.apache.flink.runtime.taskexecutor.TaskManagerRunner      [] -     -D
2022-06-20 10:45:03,314 INFO  org.apache.flink.runtime.taskexecutor.TaskManagerRunner      [] -     external-resources=none
2022-06-20 10:45:03,314 INFO  org.apache.flink.runtime.taskexecutor.TaskManagerRunner      [] -     -D
2022-06-20 10:45:03,314 INFO  org.apache.flink.runtime.taskexecutor.TaskManagerRunner      [] -     taskmanager.memory.jvm-overhead.min=1073741824b
2022-06-20 10:45:03,314 INFO  org.apache.flink.runtime.taskexecutor.TaskManagerRunner      [] -     -D
2022-06-20 10:45:03,315 INFO  org.apache.flink.runtime.taskexecutor.TaskManagerRunner      [] -     taskmanager.memory.framework.off-heap.size=134217728b
2022-06-20 10:45:03,315 INFO  org.apache.flink.runtime.taskexecutor.TaskManagerRunner      [] -     -D
2022-06-20 10:45:03,315 INFO  org.apache.flink.runtime.taskexecutor.TaskManagerRunner      [] -     taskmanager.memory.network.max=1073741824b
2022-06-20 10:45:03,315 INFO  org.apache.flink.runtime.taskexecutor.TaskManagerRunner      [] -     -D
2022-06-20 10:45:03,315 INFO  org.apache.flink.runtime.taskexecutor.TaskManagerRunner      [] -     taskmanager.memory.framework.heap.size=134217728b
2022-06-20 10:45:03,315 INFO  org.apache.flink.runtime.taskexecutor.TaskManagerRunner      [] -     -D
2022-06-20 10:45:03,315 INFO  org.apache.flink.runtime.taskexecutor.TaskManagerRunner      [] -     taskmanager.memory.managed.size=4496293955b
2022-06-20 10:45:03,315 INFO  org.apache.flink.runtime.taskexecutor.TaskManagerRunner      [] -     -D
2022-06-20 10:45:03,315 INFO  org.apache.flink.runtime.taskexecutor.TaskManagerRunner      [] -     taskmanager.memory.task.heap.size=5402263485b
2022-06-20 10:45:03,316 INFO  org.apache.flink.runtime.taskexecutor.TaskManagerRunner      [] -     -D
2022-06-20 10:45:03,316 INFO  org.apache.flink.runtime.taskexecutor.TaskManagerRunner      [] -     taskmanager.numberOfTaskSlots=1
2022-06-20 10:45:03,316 INFO  org.apache.flink.runtime.taskexecutor.TaskManagerRunner      [] -     -D
2022-06-20 10:45:03,316 INFO  org.apache.flink.runtime.taskexecutor.TaskManagerRunner      [] -     taskmanager.memory.jvm-overhead.max=1073741824b
2022-06-20 10:45:03,316 INFO  org.apache.flink.runtime.taskexecutor.TaskManagerRunner      [] -  Classpath: /home/iusearchbtw/0_Projects/ba-spark-koenemann/Environments/FlinkEnv/flink-1.14.4/lib/flink-csv-1.14.4.jar:/home/iusearchbtw/0_Projects/ba-spark-koenemann/Environments/FlinkEnv/flink-1.14.4/lib/flink-json-1.14.4.jar:/home/iusearchbtw/0_Projects/ba-spark-koenemann/Environments/FlinkEnv/flink-1.14.4/lib/flink-shaded-zookeeper-3.4.14.jar:/home/iusearchbtw/0_Projects/ba-spark-koenemann/Environments/FlinkEnv/flink-1.14.4/lib/flink-table_2.12-1.14.4.jar:/home/iusearchbtw/0_Projects/ba-spark-koenemann/Environments/FlinkEnv/flink-1.14.4/lib/log4j-1.2-api-2.17.1.jar:/home/iusearchbtw/0_Projects/ba-spark-koenemann/Environments/FlinkEnv/flink-1.14.4/lib/log4j-api-2.17.1.jar:/home/iusearchbtw/0_Projects/ba-spark-koenemann/Environments/FlinkEnv/flink-1.14.4/lib/log4j-core-2.17.1.jar:/home/iusearchbtw/0_Projects/ba-spark-koenemann/Environments/FlinkEnv/flink-1.14.4/lib/log4j-slf4j-impl-2.17.1.jar:/home/iusearchbtw/0_Projects/ba-spark-koenemann/Environments/FlinkEnv/flink-1.14.4/lib/flink-dist_2.12-1.14.4.jar:::
2022-06-20 10:45:03,316 INFO  org.apache.flink.runtime.taskexecutor.TaskManagerRunner      [] - --------------------------------------------------------------------------------
2022-06-20 10:45:03,318 INFO  org.apache.flink.runtime.taskexecutor.TaskManagerRunner      [] - Registered UNIX signal handlers for [TERM, HUP, INT]
2022-06-20 10:45:03,321 INFO  org.apache.flink.runtime.taskexecutor.TaskManagerRunner      [] - Maximum number of open file descriptors is 524288.
2022-06-20 10:45:03,331 INFO  org.apache.flink.configuration.GlobalConfiguration           [] - Loading configuration property: jobmanager.rpc.address, 192.168.178.56
2022-06-20 10:45:03,331 INFO  org.apache.flink.configuration.GlobalConfiguration           [] - Loading configuration property: taskmanager.rpc.address, 192.168.178.59
2022-06-20 10:45:03,331 INFO  org.apache.flink.configuration.GlobalConfiguration           [] - Loading configuration property: jobmanager.rpc.port, 6123
2022-06-20 10:45:03,331 INFO  org.apache.flink.configuration.GlobalConfiguration           [] - Loading configuration property: jobmanager.memory.process.size, 8000m
2022-06-20 10:45:03,331 INFO  org.apache.flink.configuration.GlobalConfiguration           [] - Loading configuration property: taskmanager.memory.process.size, 12000m
2022-06-20 10:45:03,332 INFO  org.apache.flink.configuration.GlobalConfiguration           [] - Loading configuration property: taskmanager.numberOfTaskSlots, 1
2022-06-20 10:45:03,332 INFO  org.apache.flink.configuration.GlobalConfiguration           [] - Loading configuration property: parallelism.default, 1
2022-06-20 10:45:03,332 INFO  org.apache.flink.configuration.GlobalConfiguration           [] - Loading configuration property: jobmanager.execution.failover-strategy, region
2022-06-20 10:45:03,385 INFO  org.apache.flink.core.fs.FileSystem                          [] - Hadoop is not in the classpath/dependencies. The extended set of supported File Systems via Hadoop is not available.
2022-06-20 10:45:03,432 INFO  org.apache.flink.runtime.state.changelog.StateChangelogStorageLoader [] - StateChangelogStorageLoader initialized with shortcut names {memory}.
2022-06-20 10:45:03,437 INFO  org.apache.flink.runtime.state.changelog.StateChangelogStorageLoader [] - StateChangelogStorageLoader initialized with shortcut names {memory}.
2022-06-20 10:45:03,455 INFO  org.apache.flink.runtime.security.modules.HadoopModuleFactory [] - Cannot create Hadoop Security Module because Hadoop cannot be found in the Classpath.
2022-06-20 10:45:03,469 INFO  org.apache.flink.runtime.security.modules.JaasModule         [] - Jaas file will be created as /tmp/jaas-3671672400487616120.conf.
2022-06-20 10:45:03,478 INFO  org.apache.flink.runtime.security.contexts.HadoopSecurityContextFactory [] - Cannot install HadoopSecurityContext because Hadoop cannot be found in the Classpath.
2022-06-20 10:45:03,767 INFO  org.apache.flink.configuration.Configuration                 [] - Config uses fallback configuration key 'jobmanager.rpc.address' instead of key 'rest.address'
2022-06-20 10:45:03,777 INFO  org.apache.flink.runtime.util.LeaderRetrievalUtils           [] - Trying to select the network interface and address to use by connecting to the leading JobManager.
2022-06-20 10:45:03,777 INFO  org.apache.flink.runtime.util.LeaderRetrievalUtils           [] - TaskManager will try to connect for PT10S before falling back to heuristics
2022-06-20 10:45:04,053 INFO  org.apache.flink.runtime.taskexecutor.TaskManagerRunner      [] - TaskManager will use hostname/address 'cheapfuck' (127.0.1.1) for communication.
2022-06-20 10:45:04,097 INFO  org.apache.flink.runtime.rpc.akka.AkkaRpcServiceUtils        [] - Trying to start actor system, external address 127.0.1.1:0, bind address 0.0.0.0:0.
2022-06-20 10:45:04,697 INFO  akka.event.slf4j.Slf4jLogger                                 [] - Slf4jLogger started
2022-06-20 10:45:04,732 INFO  akka.remote.RemoteActorRefProvider                           [] - Akka Cluster not in use - enabling unsafe features anyway because `akka.remote.use-unsafe-remote-features-outside-cluster` has been enabled.
2022-06-20 10:45:04,734 INFO  akka.remote.Remoting                                         [] - Starting remoting
2022-06-20 10:45:04,917 INFO  akka.remote.Remoting                                         [] - Remoting started; listening on addresses :[akka.tcp://flink@127.0.1.1:35625]
2022-06-20 10:45:05,049 INFO  org.apache.flink.runtime.rpc.akka.AkkaRpcServiceUtils        [] - Actor system started at akka.tcp://flink@127.0.1.1:35625
2022-06-20 10:45:05,076 INFO  org.apache.flink.runtime.metrics.MetricRegistryImpl          [] - No metrics reporter configured, no metrics will be exposed/reported.
2022-06-20 10:45:05,080 INFO  org.apache.flink.runtime.rpc.akka.AkkaRpcServiceUtils        [] - Trying to start actor system, external address 127.0.1.1:0, bind address 0.0.0.0:0.
2022-06-20 10:45:05,104 INFO  akka.event.slf4j.Slf4jLogger                                 [] - Slf4jLogger started
2022-06-20 10:45:05,112 INFO  akka.remote.RemoteActorRefProvider                           [] - Akka Cluster not in use - enabling unsafe features anyway because `akka.remote.use-unsafe-remote-features-outside-cluster` has been enabled.
2022-06-20 10:45:05,113 INFO  akka.remote.Remoting                                         [] - Starting remoting
2022-06-20 10:45:05,127 INFO  akka.remote.Remoting                                         [] - Remoting started; listening on addresses :[akka.tcp://flink-metrics@127.0.1.1:41739]
2022-06-20 10:45:05,142 INFO  org.apache.flink.runtime.rpc.akka.AkkaRpcServiceUtils        [] - Actor system started at akka.tcp://flink-metrics@127.0.1.1:41739
2022-06-20 10:45:05,167 INFO  org.apache.flink.runtime.rpc.akka.AkkaRpcService             [] - Starting RPC endpoint for org.apache.flink.runtime.metrics.dump.MetricQueryService at akka://flink-metrics/user/rpc/MetricQueryService_127.0.1.1:35625-108106 .
2022-06-20 10:45:05,187 INFO  org.apache.flink.runtime.blob.PermanentBlobCache             [] - Created BLOB cache storage directory /tmp/blobStore-8a714349-f6a6-48fe-9300-d66668518652
2022-06-20 10:45:05,191 INFO  org.apache.flink.runtime.blob.TransientBlobCache             [] - Created BLOB cache storage directory /tmp/blobStore-69d322e5-3624-4d3a-8f17-13e9630aa003
2022-06-20 10:45:05,194 INFO  org.apache.flink.runtime.externalresource.ExternalResourceUtils [] - Enabled external resources: []
2022-06-20 10:45:05,195 INFO  org.apache.flink.runtime.taskexecutor.TaskManagerRunner      [] - Starting TaskManager with ResourceID: 127.0.1.1:35625-108106
2022-06-20 10:45:05,227 INFO  org.apache.flink.runtime.taskexecutor.TaskManagerServices    [] - Temporary file directory '/tmp': total 7 GB, usable 7 GB (100.00% usable)
2022-06-20 10:45:05,232 INFO  org.apache.flink.runtime.io.disk.iomanager.IOManager         [] - Created a new FileChannelManager for spilling of task related data to disk (joins, sorting, ...). Used directories:
	/tmp/flink-io-d7bc1c4c-f790-48a3-9e98-d8c8eca30e0c
2022-06-20 10:45:05,243 INFO  org.apache.flink.runtime.io.network.netty.NettyConfig        [] - NettyConfig [server address: /0.0.0.0, server port: 0, ssl enabled: false, memory segment size (bytes): 32768, transport type: AUTO, number of server threads: 1 (manual), number of client threads: 1 (manual), server connect backlog: 0 (use Netty's default), client connect timeout (sec): 120, send/receive buffer size (bytes): 0 (use Netty's default)]
2022-06-20 10:45:05,246 INFO  org.apache.flink.runtime.io.network.NettyShuffleServiceFactory [] - Created a new FileChannelManager for storing result partitions of BLOCKING shuffles. Used directories:
	/tmp/flink-netty-shuffle-2a38c5ec-d4b6-4242-9a10-92b17efd783d
2022-06-20 10:45:05,753 INFO  org.apache.flink.runtime.io.network.buffer.NetworkBufferPool [] - Allocated 1024 MB for network buffer pool (number of memory segments: 32768, bytes per segment: 32768).
2022-06-20 10:45:05,763 INFO  org.apache.flink.runtime.io.network.NettyShuffleEnvironment  [] - Starting the network environment and its components.
2022-06-20 10:45:05,814 INFO  org.apache.flink.runtime.io.network.netty.NettyClient        [] - Transport type 'auto': using EPOLL.
2022-06-20 10:45:05,816 INFO  org.apache.flink.runtime.io.network.netty.NettyClient        [] - Successful initialization (took 53 ms).
2022-06-20 10:45:05,820 INFO  org.apache.flink.runtime.io.network.netty.NettyServer        [] - Transport type 'auto': using EPOLL.
2022-06-20 10:45:05,857 INFO  org.apache.flink.runtime.io.network.netty.NettyServer        [] - Successful initialization (took 39 ms). Listening on SocketAddress /0:0:0:0:0:0:0:0%0:32947.
2022-06-20 10:45:05,858 INFO  org.apache.flink.runtime.taskexecutor.KvStateService         [] - Starting the kvState service and its components.
2022-06-20 10:45:05,883 INFO  org.apache.flink.runtime.rpc.akka.AkkaRpcService             [] - Starting RPC endpoint for org.apache.flink.runtime.taskexecutor.TaskExecutor at akka://flink/user/rpc/taskmanager_0 .
2022-06-20 10:45:05,899 INFO  org.apache.flink.runtime.taskexecutor.DefaultJobLeaderService [] - Start job leader service.
2022-06-20 10:45:05,902 INFO  org.apache.flink.runtime.filecache.FileCache                 [] - User file cache uses directory /tmp/flink-dist-cache-6eeb1ba1-0b12-435a-9b18-331fd3a5b882
2022-06-20 10:45:05,904 INFO  org.apache.flink.runtime.taskexecutor.TaskExecutor           [] - Connecting to ResourceManager akka.tcp://flink@192.168.178.56:6123/user/rpc/resourcemanager_*(00000000000000000000000000000000).
2022-06-20 10:45:06,052 INFO  org.apache.flink.runtime.taskexecutor.TaskExecutor           [] - Resolved ResourceManager address, beginning registration
2022-06-20 10:45:06,117 INFO  org.apache.flink.runtime.taskexecutor.TaskExecutor           [] - Successful registration at resource manager akka.tcp://flink@192.168.178.56:6123/user/rpc/resourcemanager_* under registration id dd1229c69f9146b25a37a28dfaaf47fe.
2022-06-20 10:45:07,620 INFO  org.apache.flink.runtime.taskexecutor.TaskManagerRunner      [] - RECEIVED SIGNAL 2: SIGINT. Shutting down as requested.
2022-06-20 10:45:07,623 INFO  org.apache.flink.runtime.state.TaskExecutorLocalStateStoresManager [] - Shutting down TaskExecutorLocalStateStoresManager.
2022-06-20 10:45:07,626 INFO  org.apache.flink.runtime.blob.TransientBlobCache             [] - Shutting down BLOB cache
2022-06-20 10:45:07,626 INFO  org.apache.flink.runtime.blob.PermanentBlobCache             [] - Shutting down BLOB cache
2022-06-20 10:45:07,628 INFO  org.apache.flink.runtime.state.TaskExecutorStateChangelogStoragesManager [] - Shutting down TaskExecutorStateChangelogStoragesManager.
2022-06-20 10:45:07,632 INFO  org.apache.flink.runtime.io.disk.FileChannelManagerImpl      [] - FileChannelManager removed spill file directory /tmp/flink-io-d7bc1c4c-f790-48a3-9e98-d8c8eca30e0c
2022-06-20 10:45:07,632 INFO  org.apache.flink.runtime.filecache.FileCache                 [] - removed file cache directory /tmp/flink-dist-cache-6eeb1ba1-0b12-435a-9b18-331fd3a5b882
